{"uid":"39023e9c3c623e31","name":"Test Stay destination: Samarkand.","fullName":"tests.test_stays.TestStays#test_stay_destinations","historyId":"5c259b7aef3362a15683400df36717ed","time":{"start":1707318381842,"stop":1707318421869,"duration":40027},"description":"The test verifies that the correct stay destinations are found for the expected search destination.","descriptionHtml":"<p>The test verifies that the correct stay destinations are found for the expected search destination.</p>\n","status":"failed","statusMessage":"AssertionError: soft assertion failures:\n1. Expected <Tashkent> to contain item <Samarkand>, but did not.","statusTrace":"self = <tests.test_stays.TestStays object at 0x00000269D97EA2D0>\ndriver = <selenium.webdriver.chrome.webdriver.WebDriver (session=\"28306e4c7ad02576fb48f606e482f87d\")>\nexpected_stay_destination = 'Samarkand'\n\n    @pytest.mark.parametrize('expected_stay_destination', StaysData.get_stay_destinations())\n    @allure.title('Test Stay destination: {expected_stay_destination}.')\n    @allure.description('The test verifies that the correct stay destinations are found for the expected search destination.')\n    def test_stay_destinations(self, driver, expected_stay_destination):\n        ss = StaysStep(driver)\n        sd = StaysData()\n    \n        ss.open_home_page(Urls.HOME_URL)\n        ss.refresh_page()\n        ss.enter_destination(expected_stay_destination)\n        ss.click_check_in_date_button()\n        ss.select_current_date_in_calendar(su.get_current_date())\n        ss.select_stay_duration(sd.get_stay_duration())\n        ss.click_search_button()\n    \n        for stay_address in ss.get_found_stay_options_addresses():\n>           with soft_assertions():\nE           AssertionError: soft assertion failures:\nE           1. Expected <Tashkent> to contain item <Samarkand>, but did not.\n\ntests\\test_stays.py:29: AssertionError","flaky":false,"newFailed":false,"newBroken":false,"newPassed":false,"retriesCount":0,"retriesStatusChange":false,"beforeStages":[{"name":"_session_faker","time":{"start":1707316929040,"stop":1707316929085,"duration":45},"status":"passed","steps":[],"attachments":[],"parameters":[],"stepsCount":0,"attachmentStep":false,"shouldDisplayMessage":false,"attachmentsCount":0,"hasContent":false},{"name":"driver","time":{"start":1707317104061,"stop":1707317107700,"duration":3639},"status":"passed","steps":[],"attachments":[],"parameters":[],"stepsCount":0,"attachmentStep":false,"shouldDisplayMessage":false,"attachmentsCount":0,"hasContent":false}],"testStage":{"description":"The test verifies that the correct stay destinations are found for the expected search destination.","status":"failed","statusMessage":"AssertionError: soft assertion failures:\n1. Expected <Tashkent> to contain item <Samarkand>, but did not.","statusTrace":"self = <tests.test_stays.TestStays object at 0x00000269D97EA2D0>\ndriver = <selenium.webdriver.chrome.webdriver.WebDriver (session=\"28306e4c7ad02576fb48f606e482f87d\")>\nexpected_stay_destination = 'Samarkand'\n\n    @pytest.mark.parametrize('expected_stay_destination', StaysData.get_stay_destinations())\n    @allure.title('Test Stay destination: {expected_stay_destination}.')\n    @allure.description('The test verifies that the correct stay destinations are found for the expected search destination.')\n    def test_stay_destinations(self, driver, expected_stay_destination):\n        ss = StaysStep(driver)\n        sd = StaysData()\n    \n        ss.open_home_page(Urls.HOME_URL)\n        ss.refresh_page()\n        ss.enter_destination(expected_stay_destination)\n        ss.click_check_in_date_button()\n        ss.select_current_date_in_calendar(su.get_current_date())\n        ss.select_stay_duration(sd.get_stay_duration())\n        ss.click_search_button()\n    \n        for stay_address in ss.get_found_stay_options_addresses():\n>           with soft_assertions():\nE           AssertionError: soft assertion failures:\nE           1. Expected <Tashkent> to contain item <Samarkand>, but did not.\n\ntests\\test_stays.py:29: AssertionError","steps":[{"name":"Open Home page.","time":{"start":1707318381887,"stop":1707318384745,"duration":2858},"status":"passed","steps":[],"attachments":[],"parameters":[{"name":"home_page_url","value":"'https://www.booking.com/'"}],"stepsCount":0,"attachmentStep":false,"shouldDisplayMessage":false,"attachmentsCount":0,"hasContent":true},{"name":"Refresh the page.","time":{"start":1707318384745,"stop":1707318396292,"duration":11547},"status":"passed","steps":[],"attachments":[],"parameters":[],"stepsCount":0,"attachmentStep":false,"shouldDisplayMessage":false,"attachmentsCount":0,"hasContent":false},{"name":"Enter input for destination: 'Samarkand'.","time":{"start":1707318396292,"stop":1707318402377,"duration":6085},"status":"passed","steps":[],"attachments":[],"parameters":[{"name":"destination","value":"'Samarkand'"}],"stepsCount":0,"attachmentStep":false,"shouldDisplayMessage":false,"attachmentsCount":0,"hasContent":true},{"name":"Click \"check-in date\" button.","time":{"start":1707318402377,"stop":1707318408451,"duration":6074},"status":"passed","steps":[],"attachments":[],"parameters":[],"stepsCount":0,"attachmentStep":false,"shouldDisplayMessage":false,"attachmentsCount":0,"hasContent":false},{"name":"Select current date in the calendar: '2024-02-07'.","time":{"start":1707318408451,"stop":1707318412511,"duration":4060},"status":"passed","steps":[],"attachments":[],"parameters":[{"name":"current_date","value":"'2024-02-07'"}],"stepsCount":0,"attachmentStep":false,"shouldDisplayMessage":false,"attachmentsCount":0,"hasContent":true},{"name":"Select stay duration: '3 days'.","time":{"start":1707318412511,"stop":1707318413569,"duration":1058},"status":"passed","steps":[],"attachments":[],"parameters":[{"name":"stay_duration","value":"'3 days'"}],"stepsCount":0,"attachmentStep":false,"shouldDisplayMessage":false,"attachmentsCount":0,"hasContent":true},{"name":"Click the Search button.","time":{"start":1707318413569,"stop":1707318416843,"duration":3274},"status":"passed","steps":[],"attachments":[],"parameters":[],"stepsCount":0,"attachmentStep":false,"shouldDisplayMessage":false,"attachmentsCount":0,"hasContent":false},{"name":"Get the addresses for the found stay options.","time":{"start":1707318416843,"stop":1707318421856,"duration":5013},"status":"passed","steps":[],"attachments":[],"parameters":[],"stepsCount":0,"attachmentStep":false,"shouldDisplayMessage":false,"attachmentsCount":0,"hasContent":false}],"attachments":[{"uid":"1fb0e975bdb179fb","name":"tests_test_stays.py__TestStays__test_stay_destinations[Samarkand]_2024-02-07_20-07-01.png","source":"1fb0e975bdb179fb.png","type":"image/png","size":311047},{"uid":"2705978bdc3dd5e","name":"source HTML","source":"2705978bdc3dd5e.html","type":"text/html","size":1610499}],"parameters":[],"stepsCount":8,"attachmentStep":false,"shouldDisplayMessage":true,"attachmentsCount":2,"hasContent":true},"afterStages":[{"name":"driver::0","time":{"start":1707318606092,"stop":1707318608211,"duration":2119},"status":"passed","steps":[],"attachments":[],"parameters":[],"stepsCount":0,"attachmentStep":false,"shouldDisplayMessage":false,"attachmentsCount":0,"hasContent":false}],"labels":[{"name":"parentSuite","value":"tests"},{"name":"suite","value":"test_stays"},{"name":"subSuite","value":"TestStays"},{"name":"host","value":"Alice"},{"name":"thread","value":"7372-MainThread"},{"name":"framework","value":"pytest"},{"name":"language","value":"cpython3"},{"name":"package","value":"tests.test_stays"},{"name":"resultFormat","value":"allure2"}],"parameters":[{"name":"expected_stay_destination","value":"'Samarkand'"}],"links":[],"hidden":false,"retry":false,"extra":{"severity":"normal","retries":[],"categories":[{"name":"Product defects","matchedStatuses":[],"flaky":false}],"history":{"statistic":{"failed":4,"broken":0,"skipped":0,"passed":0,"unknown":0,"total":4},"items":[{"uid":"af41b4dcea2dccd5","reportUrl":"http://localhost:8080/job/Final%20Project/7/allure/#testresult/af41b4dcea2dccd5","status":"failed","statusDetails":"AssertionError: soft assertion failures:\n1. Expected <Tashkent> to contain item <Samarkand>, but did not.","time":{"start":1707315292647,"stop":1707315332199,"duration":39552}},{"uid":"128fae656ce19973","reportUrl":"http://localhost:8080/job/Final%20Project/6/allure/#testresult/128fae656ce19973","status":"failed","statusDetails":"AssertionError: soft assertion failures:\n1. Expected <Tashkent> to contain item <Samarkand>, but did not.","time":{"start":1707309430878,"stop":1707309470692,"duration":39814}},{"uid":"81badce2e4331a7a","reportUrl":"http://localhost:8080/job/Final%20Project/5/allure/#testresult/81badce2e4331a7a","status":"failed","statusDetails":"AssertionError: soft assertion failures:\n1. Expected <Tashkent> to contain item <Samarkand>, but did not.","time":{"start":1707307664055,"stop":1707307704016,"duration":39961}}]},"tags":[]},"source":"39023e9c3c623e31.json","parameterValues":["'Samarkand'"]}