{"uid":"600ba6949c4c821f","name":"Sign In with Password: Aaaaa","fullName":"tests.test_sign_in.TestSignIn#test_password_validation","historyId":"e16314f5cd8c93528f852aa91c5d1ced","time":{"start":1707318249677,"stop":1707318270741,"duration":21064},"description":"This test checks if password is correct for given account","descriptionHtml":"<p>This test checks if password is correct for given account</p>\n","status":"broken","statusMessage":"selenium.common.exceptions.TimeoutException: Message: \nStacktrace:\n\tGetHandleVerifier [0x006C1673+52979]\n\t(No symbol) [0x00647961]\n\t(No symbol) [0x0052DD3D]\n\t(No symbol) [0x00565FBB]\n\t(No symbol) [0x005660FB]\n\t(No symbol) [0x0059CF92]\n\t(No symbol) [0x00584534]\n\t(No symbol) [0x0059B3FE]\n\t(No symbol) [0x00584286]\n\t(No symbol) [0x0055C063]\n\t(No symbol) [0x0055CECD]\n\tGetHandleVerifier [0x009D8D83+3294723]\n\tGetHandleVerifier [0x00A16CC2+3548482]\n\tGetHandleVerifier [0x00A11C9C+3527964]\n\tGetHandleVerifier [0x0075870E+671630]\n\t(No symbol) [0x00651EB4]\n\t(No symbol) [0x0064D808]\n\t(No symbol) [0x0064D92D]\n\t(No symbol) [0x0063F7E0]\n\tBaseThreadInitThunk [0x76EF7BA9+25]\n\tRtlInitializeExceptionChain [0x779CBD2B+107]\n\tRtlClearBits [0x779CBCAF+191]","statusTrace":"self = <tests.test_sign_in.TestSignIn object at 0x00000269D97B7DD0>\ndriver = <selenium.webdriver.chrome.webdriver.WebDriver (session=\"28306e4c7ad02576fb48f606e482f87d\")>\npassword = 'Aaaaa'\nexpected = 'Oops! Your password seems to be incorrect. Please try again or use a verification link'\n\n    @pytest.mark.parametrize('password, expected', AccountData.sign_in_password_data)\n    @allure.title(report_text_sheet.get_value('sign_in_password_validation_title') + ': {password}')\n    @allure.description(report_text_sheet.get_value('sign_in_password_validation_desc'))\n    def test_password_validation(self, driver, password, expected):\n        rs = SignInSteps(driver)\n        with allure.step(report_text_sheet.get_value('fill_password')):\n>           rs.fill_password(password)\n\ntests\\test_sign_in.py:39: \n_ _ _ _ _ _ _ _ _ _ _ _ _ _ _ _ _ _ _ _ _ _ _ _ _ _ _ _ _ _ _ _ _ _ _ _ _ _ _ _\nfinal_project\\steps\\SignInSteps.py:40: in fill_password\n    elem = self.wait_for(sp.PASSWORD)\nfinal_project\\steps\\common_actions.py:14: in wait_for\n    return self._wait.until(ec.visibility_of_element_located(locator))\n_ _ _ _ _ _ _ _ _ _ _ _ _ _ _ _ _ _ _ _ _ _ _ _ _ _ _ _ _ _ _ _ _ _ _ _ _ _ _ _\n\nself = <selenium.webdriver.support.wait.WebDriverWait (session=\"28306e4c7ad02576fb48f606e482f87d\")>\nmethod = <function visibility_of_element_located.<locals>._predicate at 0x00000269D99536A0>\nmessage = ''\n\n    def until(self, method: Callable[[D], Union[Literal[False], T]], message: str = \"\") -> T:\n        \"\"\"Calls the method provided with the driver as an argument until the \\\n        return value does not evaluate to ``False``.\n    \n        :param method: callable(WebDriver)\n        :param message: optional message for :exc:`TimeoutException`\n        :returns: the result of the last call to `method`\n        :raises: :exc:`selenium.common.exceptions.TimeoutException` if timeout occurs\n        \"\"\"\n        screen = None\n        stacktrace = None\n    \n        end_time = time.monotonic() + self._timeout\n        while True:\n            try:\n                value = method(self._driver)\n                if value:\n                    return value\n            except self._ignored_exceptions as exc:\n                screen = getattr(exc, \"screen\", None)\n                stacktrace = getattr(exc, \"stacktrace\", None)\n            time.sleep(self._poll)\n            if time.monotonic() > end_time:\n                break\n>       raise TimeoutException(message, screen, stacktrace)\nE       selenium.common.exceptions.TimeoutException: Message: \nE       Stacktrace:\nE       \tGetHandleVerifier [0x006C1673+52979]\nE       \t(No symbol) [0x00647961]\nE       \t(No symbol) [0x0052DD3D]\nE       \t(No symbol) [0x00565FBB]\nE       \t(No symbol) [0x005660FB]\nE       \t(No symbol) [0x0059CF92]\nE       \t(No symbol) [0x00584534]\nE       \t(No symbol) [0x0059B3FE]\nE       \t(No symbol) [0x00584286]\nE       \t(No symbol) [0x0055C063]\nE       \t(No symbol) [0x0055CECD]\nE       \tGetHandleVerifier [0x009D8D83+3294723]\nE       \tGetHandleVerifier [0x00A16CC2+3548482]\nE       \tGetHandleVerifier [0x00A11C9C+3527964]\nE       \tGetHandleVerifier [0x0075870E+671630]\nE       \t(No symbol) [0x00651EB4]\nE       \t(No symbol) [0x0064D808]\nE       \t(No symbol) [0x0064D92D]\nE       \t(No symbol) [0x0063F7E0]\nE       \tBaseThreadInitThunk [0x76EF7BA9+25]\nE       \tRtlInitializeExceptionChain [0x779CBD2B+107]\nE       \tRtlClearBits [0x779CBCAF+191]\n\n..\\..\\..\\AppData\\Local\\pypoetry\\Cache\\virtualenvs\\final-project-_bDwe8AE-py3.12\\Lib\\site-packages\\selenium\\webdriver\\support\\wait.py:105: TimeoutException","flaky":false,"newFailed":false,"newBroken":false,"newPassed":false,"retriesCount":0,"retriesStatusChange":false,"beforeStages":[{"name":"_session_faker","time":{"start":1707316929040,"stop":1707316929085,"duration":45},"status":"passed","steps":[],"attachments":[],"parameters":[],"stepsCount":0,"attachmentStep":false,"shouldDisplayMessage":false,"attachmentsCount":0,"hasContent":false},{"name":"driver","time":{"start":1707317104061,"stop":1707317107700,"duration":3639},"status":"passed","steps":[],"attachments":[],"parameters":[],"stepsCount":0,"attachmentStep":false,"shouldDisplayMessage":false,"attachmentsCount":0,"hasContent":false}],"testStage":{"description":"This test checks if password is correct for given account","status":"broken","statusMessage":"selenium.common.exceptions.TimeoutException: Message: \nStacktrace:\n\tGetHandleVerifier [0x006C1673+52979]\n\t(No symbol) [0x00647961]\n\t(No symbol) [0x0052DD3D]\n\t(No symbol) [0x00565FBB]\n\t(No symbol) [0x005660FB]\n\t(No symbol) [0x0059CF92]\n\t(No symbol) [0x00584534]\n\t(No symbol) [0x0059B3FE]\n\t(No symbol) [0x00584286]\n\t(No symbol) [0x0055C063]\n\t(No symbol) [0x0055CECD]\n\tGetHandleVerifier [0x009D8D83+3294723]\n\tGetHandleVerifier [0x00A16CC2+3548482]\n\tGetHandleVerifier [0x00A11C9C+3527964]\n\tGetHandleVerifier [0x0075870E+671630]\n\t(No symbol) [0x00651EB4]\n\t(No symbol) [0x0064D808]\n\t(No symbol) [0x0064D92D]\n\t(No symbol) [0x0063F7E0]\n\tBaseThreadInitThunk [0x76EF7BA9+25]\n\tRtlInitializeExceptionChain [0x779CBD2B+107]\n\tRtlClearBits [0x779CBCAF+191]","statusTrace":"self = <tests.test_sign_in.TestSignIn object at 0x00000269D97B7DD0>\ndriver = <selenium.webdriver.chrome.webdriver.WebDriver (session=\"28306e4c7ad02576fb48f606e482f87d\")>\npassword = 'Aaaaa'\nexpected = 'Oops! Your password seems to be incorrect. Please try again or use a verification link'\n\n    @pytest.mark.parametrize('password, expected', AccountData.sign_in_password_data)\n    @allure.title(report_text_sheet.get_value('sign_in_password_validation_title') + ': {password}')\n    @allure.description(report_text_sheet.get_value('sign_in_password_validation_desc'))\n    def test_password_validation(self, driver, password, expected):\n        rs = SignInSteps(driver)\n        with allure.step(report_text_sheet.get_value('fill_password')):\n>           rs.fill_password(password)\n\ntests\\test_sign_in.py:39: \n_ _ _ _ _ _ _ _ _ _ _ _ _ _ _ _ _ _ _ _ _ _ _ _ _ _ _ _ _ _ _ _ _ _ _ _ _ _ _ _\nfinal_project\\steps\\SignInSteps.py:40: in fill_password\n    elem = self.wait_for(sp.PASSWORD)\nfinal_project\\steps\\common_actions.py:14: in wait_for\n    return self._wait.until(ec.visibility_of_element_located(locator))\n_ _ _ _ _ _ _ _ _ _ _ _ _ _ _ _ _ _ _ _ _ _ _ _ _ _ _ _ _ _ _ _ _ _ _ _ _ _ _ _\n\nself = <selenium.webdriver.support.wait.WebDriverWait (session=\"28306e4c7ad02576fb48f606e482f87d\")>\nmethod = <function visibility_of_element_located.<locals>._predicate at 0x00000269D99536A0>\nmessage = ''\n\n    def until(self, method: Callable[[D], Union[Literal[False], T]], message: str = \"\") -> T:\n        \"\"\"Calls the method provided with the driver as an argument until the \\\n        return value does not evaluate to ``False``.\n    \n        :param method: callable(WebDriver)\n        :param message: optional message for :exc:`TimeoutException`\n        :returns: the result of the last call to `method`\n        :raises: :exc:`selenium.common.exceptions.TimeoutException` if timeout occurs\n        \"\"\"\n        screen = None\n        stacktrace = None\n    \n        end_time = time.monotonic() + self._timeout\n        while True:\n            try:\n                value = method(self._driver)\n                if value:\n                    return value\n            except self._ignored_exceptions as exc:\n                screen = getattr(exc, \"screen\", None)\n                stacktrace = getattr(exc, \"stacktrace\", None)\n            time.sleep(self._poll)\n            if time.monotonic() > end_time:\n                break\n>       raise TimeoutException(message, screen, stacktrace)\nE       selenium.common.exceptions.TimeoutException: Message: \nE       Stacktrace:\nE       \tGetHandleVerifier [0x006C1673+52979]\nE       \t(No symbol) [0x00647961]\nE       \t(No symbol) [0x0052DD3D]\nE       \t(No symbol) [0x00565FBB]\nE       \t(No symbol) [0x005660FB]\nE       \t(No symbol) [0x0059CF92]\nE       \t(No symbol) [0x00584534]\nE       \t(No symbol) [0x0059B3FE]\nE       \t(No symbol) [0x00584286]\nE       \t(No symbol) [0x0055C063]\nE       \t(No symbol) [0x0055CECD]\nE       \tGetHandleVerifier [0x009D8D83+3294723]\nE       \tGetHandleVerifier [0x00A16CC2+3548482]\nE       \tGetHandleVerifier [0x00A11C9C+3527964]\nE       \tGetHandleVerifier [0x0075870E+671630]\nE       \t(No symbol) [0x00651EB4]\nE       \t(No symbol) [0x0064D808]\nE       \t(No symbol) [0x0064D92D]\nE       \t(No symbol) [0x0063F7E0]\nE       \tBaseThreadInitThunk [0x76EF7BA9+25]\nE       \tRtlInitializeExceptionChain [0x779CBD2B+107]\nE       \tRtlClearBits [0x779CBCAF+191]\n\n..\\..\\..\\AppData\\Local\\pypoetry\\Cache\\virtualenvs\\final-project-_bDwe8AE-py3.12\\Lib\\site-packages\\selenium\\webdriver\\support\\wait.py:105: TimeoutException","steps":[{"name":"Fill password input field with account password","time":{"start":1707318249677,"stop":1707318270740,"duration":21063},"status":"broken","statusMessage":"selenium.common.exceptions.TimeoutException: Message: \nStacktrace:\n\tGetHandleVerifier [0x006C1673+52979]\n\t(No symbol) [0x00647961]\n\t(No symbol) [0x0052DD3D]\n\t(No symbol) [0x00565FBB]\n\t(No symbol) [0x005660FB]\n\t(No symbol) [0x0059CF92]\n\t(No symbol) [0x00584534]\n\t(No symbol) [0x0059B3FE]\n\t(No symbol) [0x00584286]\n\t(No symbol) [0x0055C063]\n\t(No symbol) [0x0055CECD]\n\tGetHandleVerifier [0x009D8D83+3294723]\n\tGetHandleVerifier [0x00A16CC2+3548482]\n\tGetHandleVerifier [0x00A11C9C+3527964]\n\tGetHandleVerifier [0x0075870E+671630]\n\t(No symbol) [0x00651EB4]\n\t(No symbol) [0x0064D808]\n\t(No symbol) [0x0064D92D]\n\t(No symbol) [0x0063F7E0]\n\tBaseThreadInitThunk [0x76EF7BA9+25]\n\tRtlInitializeExceptionChain [0x779CBD2B+107]\n\tRtlClearBits [0x779CBCAF+191]\n\n","statusTrace":"  File \"C:\\Users\\sabro\\.jenkins\\workspace\\Final Project\\tests\\test_sign_in.py\", line 39, in test_password_validation\n    rs.fill_password(password)\n  File \"C:\\Users\\sabro\\.jenkins\\workspace\\Final Project\\final_project\\steps\\SignInSteps.py\", line 40, in fill_password\n    elem = self.wait_for(sp.PASSWORD)\n           ^^^^^^^^^^^^^^^^^^^^^^^^^^\n  File \"C:\\Users\\sabro\\.jenkins\\workspace\\Final Project\\final_project\\steps\\common_actions.py\", line 14, in wait_for\n    return self._wait.until(ec.visibility_of_element_located(locator))\n           ^^^^^^^^^^^^^^^^^^^^^^^^^^^^^^^^^^^^^^^^^^^^^^^^^^^^^^^^^^^\n  File \"C:\\Users\\sabro\\AppData\\Local\\pypoetry\\Cache\\virtualenvs\\final-project-_bDwe8AE-py3.12\\Lib\\site-packages\\selenium\\webdriver\\support\\wait.py\", line 105, in until\n    raise TimeoutException(message, screen, stacktrace)\n","steps":[],"attachments":[],"parameters":[],"stepsCount":0,"attachmentStep":false,"shouldDisplayMessage":true,"attachmentsCount":0,"hasContent":true}],"attachments":[{"uid":"9bf76994c195e37f","name":"tests_test_sign_in.py__TestSignIn__test_password_validation[Aaaaa-Oops! Your password seems to be incorrect. Please try again or use a verification link]_2024-02-07_20-04-30.png","source":"9bf76994c195e37f.png","type":"image/png","size":39659},{"uid":"3c3abe84d72dcfd4","name":"source HTML","source":"3c3abe84d72dcfd4.html","type":"text/html","size":327093}],"parameters":[],"stepsCount":1,"attachmentStep":false,"shouldDisplayMessage":true,"attachmentsCount":2,"hasContent":true},"afterStages":[{"name":"driver::0","time":{"start":1707318606092,"stop":1707318608211,"duration":2119},"status":"passed","steps":[],"attachments":[],"parameters":[],"stepsCount":0,"attachmentStep":false,"shouldDisplayMessage":false,"attachmentsCount":0,"hasContent":false}],"labels":[{"name":"feature","value":"Additional Test Cases"},{"name":"parentSuite","value":"tests"},{"name":"suite","value":"test_sign_in"},{"name":"subSuite","value":"TestSignIn"},{"name":"host","value":"Alice"},{"name":"thread","value":"7372-MainThread"},{"name":"framework","value":"pytest"},{"name":"language","value":"cpython3"},{"name":"package","value":"tests.test_sign_in"},{"name":"resultFormat","value":"allure2"}],"parameters":[{"name":"expected","value":"'Oops! Your password seems to be incorrect. Please try again or use a verification link'"},{"name":"password","value":"'Aaaaa'"}],"links":[],"hidden":false,"retry":false,"extra":{"severity":"normal","retries":[],"categories":[{"name":"Test defects","matchedStatuses":[],"flaky":false}],"history":{"statistic":{"failed":4,"broken":3,"skipped":0,"passed":0,"unknown":0,"total":7},"items":[{"uid":"3f553afb02f3aa14","reportUrl":"http://localhost:8080/job/Final%20Project/7/allure/#testresult/3f553afb02f3aa14","status":"broken","statusDetails":"selenium.common.exceptions.TimeoutException: Message: \nStacktrace:\n\tGetHandleVerifier [0x006F1673+52979]\n\t(No symbol) [0x00677961]\n\t(No symbol) [0x0055DD3D]\n\t(No symbol) [0x00595FBB]\n\t(No symbol) [0x005960FB]\n\t(No symbol) [0x005CCF92]\n\t(No symbol) [0x005B4534]\n\t(No symbol) [0x005CB3FE]\n\t(No symbol) [0x005B4286]\n\t(No symbol) [0x0058C063]\n\t(No symbol) [0x0058CECD]\n\tGetHandleVerifier [0x00A08D83+3294723]\n\tGetHandleVerifier [0x00A46CC2+3548482]\n\tGetHandleVerifier [0x00A41C9C+3527964]\n\tGetHandleVerifier [0x0078870E+671630]\n\t(No symbol) [0x00681EB4]\n\t(No symbol) [0x0067D808]\n\t(No symbol) [0x0067D92D]\n\t(No symbol) [0x0066F7E0]\n\tBaseThreadInitThunk [0x75D17BA9+25]\n\tRtlInitializeExceptionChain [0x779FBD2B+107]\n\tRtlClearBits [0x779FBCAF+191]","time":{"start":1707315160307,"stop":1707315181358,"duration":21051}},{"uid":"703574b512c4496a","reportUrl":"http://localhost:8080/job/Final%20Project/6/allure/#testresult/703574b512c4496a","status":"failed","statusDetails":"AssertionError: soft assertion failures:\n1. Expected <Success> to contain item <Oops! Your password seems to be incorrect. Please try again or use a verification link>, but did not.","time":{"start":1707309325800,"stop":1707309335985,"duration":10185}},{"uid":"76e7e9c122c0472d","reportUrl":"http://localhost:8080/job/Final%20Project/5/allure/#testresult/76e7e9c122c0472d","status":"failed","statusDetails":"AssertionError: soft assertion failures:\n1. Expected <Success> to contain item <Oops! Your password seems to be incorrect. Please try again or use a verification link>, but did not.","time":{"start":1707307558178,"stop":1707307568369,"duration":10191}},{"uid":"10ba9fec127d0a6a","reportUrl":"http://localhost:8080/job/Final%20Project/4/allure/#testresult/10ba9fec127d0a6a","status":"failed","statusDetails":"AssertionError: soft assertion failures:\n1. Expected <Success> to contain item <Oops! Your password seems to be incorrect. Please try again or use a verification link>, but did not.","time":{"start":1707292959617,"stop":1707292969756,"duration":10139}},{"uid":"df5bbf69ce3be0f6","reportUrl":"http://localhost:8080/job/Final%20Project/3/allure/#testresult/df5bbf69ce3be0f6","status":"failed","statusDetails":"AssertionError: soft assertion failures:\n1. Expected <Success> to contain item <Oops! Your password seems to be incorrect. Please try again or use a verification link>, but did not.","time":{"start":1707292959617,"stop":1707292969756,"duration":10139}},{"uid":"1ae4e33f863e5356","reportUrl":"http://localhost:8080/job/Final%20Project/2/allure/#testresult/1ae4e33f863e5356","status":"broken","statusDetails":"selenium.common.exceptions.TimeoutException: Message: \nStacktrace:\n\tGetHandleVerifier [0x006F1673+52979]\n\t(No symbol) [0x00677961]\n\t(No symbol) [0x0055DD3D]\n\t(No symbol) [0x00595FBB]\n\t(No symbol) [0x005960FB]\n\t(No symbol) [0x005CCF92]\n\t(No symbol) [0x005B4534]\n\t(No symbol) [0x005CB3FE]\n\t(No symbol) [0x005B4286]\n\t(No symbol) [0x0058C063]\n\t(No symbol) [0x0058CECD]\n\tGetHandleVerifier [0x00A08D83+3294723]\n\tGetHandleVerifier [0x00A46CC2+3548482]\n\tGetHandleVerifier [0x00A41C9C+3527964]\n\tGetHandleVerifier [0x0078870E+671630]\n\t(No symbol) [0x00681EB4]\n\t(No symbol) [0x0067D808]\n\t(No symbol) [0x0067D92D]\n\t(No symbol) [0x0066F7E0]\n\tBaseThreadInitThunk [0x75D17BA9+25]\n\tRtlInitializeExceptionChain [0x779FBD2B+107]\n\tRtlClearBits [0x779FBCAF+191]","time":{"start":1707291548494,"stop":1707291569594,"duration":21100}}]},"tags":[]},"source":"600ba6949c4c821f.json","parameterValues":["'Oops! Your password seems to be incorrect. Please try again or use a verification link'","'Aaaaa'"]}