{"uid":"75abd74420643b8f","name":"Set image type file as profile image: 200 x 200","fullName":"tests.test_upload_profile_image.TestUploadProfileImage#test_upload_image","historyId":"ca074d9b9d4805c452bd42df4d2b9400","time":{"start":1707385293139,"stop":1707385314955,"duration":21816},"description":"This test check if user can set different  size of imag as profile image","descriptionHtml":"<p>This test check if user can set different  size of imag as profile image</p>\n","status":"broken","statusMessage":"selenium.common.exceptions.TimeoutException: Message: \nStacktrace:\n\tGetHandleVerifier [0x00007FF79D2E5E42+3538674]\n\t(No symbol) [0x00007FF79CF04C02]\n\t(No symbol) [0x00007FF79CDB5AEB]\n\t(No symbol) [0x00007FF79CDFBF4E]\n\t(No symbol) [0x00007FF79CDFC0CC]\n\t(No symbol) [0x00007FF79CE3E477]\n\t(No symbol) [0x00007FF79CE1F0EF]\n\t(No symbol) [0x00007FF79CE3BDE3]\n\t(No symbol) [0x00007FF79CE1EE53]\n\t(No symbol) [0x00007FF79CDEF514]\n\t(No symbol) [0x00007FF79CDF0631]\n\tGetHandleVerifier [0x00007FF79D316CAD+3738973]\n\tGetHandleVerifier [0x00007FF79D36C506+4089270]\n\tGetHandleVerifier [0x00007FF79D364823+4057299]\n\tGetHandleVerifier [0x00007FF79D035C49+720121]\n\t(No symbol) [0x00007FF79CF1126F]\n\t(No symbol) [0x00007FF79CF0C304]\n\t(No symbol) [0x00007FF79CF0C432]\n\t(No symbol) [0x00007FF79CEFBD04]\n\tBaseThreadInitThunk [0x00007FFB4B05257D+29]\n\tRtlUserThreadStart [0x00007FFB4C9EAA58+40]","statusTrace":"self = <tests.test_upload_profile_image.TestUploadProfileImage object at 0x000001D985503470>\ndriver_undetected = <seleniumbase.undetected.Chrome (session=\"75232e37136c608c1883185896b3e2ec\")>\nwidth = '200', height = '200', expected = 'Something went wrong'\n\n    @pytest.mark.parametrize('width, height, expected', ImageData.image_size_list)\n    @allure.title(report_text_sheet.get_value('upload_image_title') + ': {width} x {height}')\n    @allure.description(report_text_sheet.get_value('upload_image_desc'))\n    def test_upload_image(self, driver_undetected, width, height, expected):\n        us = UploadProfileImageSteps(driver_undetected)\n        with allure.step(report_text_sheet.get_value('upload_image')):\n>           us.upload_image(width, height)\n\ntests\\test_upload_profile_image.py:59: \n_ _ _ _ _ _ _ _ _ _ _ _ _ _ _ _ _ _ _ _ _ _ _ _ _ _ _ _ _ _ _ _ _ _ _ _ _ _ _ _\nfinal_project\\steps\\UploadProfileImageSteps.py:20: in upload_image\n    self.wait_for(pdp.IMAGE_INPUT).send_keys(path)\nfinal_project\\steps\\common_actions.py:14: in wait_for\n    return self._wait.until(ec.visibility_of_element_located(locator))\n_ _ _ _ _ _ _ _ _ _ _ _ _ _ _ _ _ _ _ _ _ _ _ _ _ _ _ _ _ _ _ _ _ _ _ _ _ _ _ _\n\nself = <selenium.webdriver.support.wait.WebDriverWait (session=\"75232e37136c608c1883185896b3e2ec\")>\nmethod = <function visibility_of_element_located.<locals>._predicate at 0x000001D985686980>\nmessage = ''\n\n    def until(self, method: Callable[[D], Union[Literal[False], T]], message: str = \"\") -> T:\n        \"\"\"Calls the method provided with the driver as an argument until the \\\n        return value does not evaluate to ``False``.\n    \n        :param method: callable(WebDriver)\n        :param message: optional message for :exc:`TimeoutException`\n        :returns: the result of the last call to `method`\n        :raises: :exc:`selenium.common.exceptions.TimeoutException` if timeout occurs\n        \"\"\"\n        screen = None\n        stacktrace = None\n    \n        end_time = time.monotonic() + self._timeout\n        while True:\n            try:\n                value = method(self._driver)\n                if value:\n                    return value\n            except self._ignored_exceptions as exc:\n                screen = getattr(exc, \"screen\", None)\n                stacktrace = getattr(exc, \"stacktrace\", None)\n            time.sleep(self._poll)\n            if time.monotonic() > end_time:\n                break\n>       raise TimeoutException(message, screen, stacktrace)\nE       selenium.common.exceptions.TimeoutException: Message: \nE       Stacktrace:\nE       \tGetHandleVerifier [0x00007FF79D2E5E42+3538674]\nE       \t(No symbol) [0x00007FF79CF04C02]\nE       \t(No symbol) [0x00007FF79CDB5AEB]\nE       \t(No symbol) [0x00007FF79CDFBF4E]\nE       \t(No symbol) [0x00007FF79CDFC0CC]\nE       \t(No symbol) [0x00007FF79CE3E477]\nE       \t(No symbol) [0x00007FF79CE1F0EF]\nE       \t(No symbol) [0x00007FF79CE3BDE3]\nE       \t(No symbol) [0x00007FF79CE1EE53]\nE       \t(No symbol) [0x00007FF79CDEF514]\nE       \t(No symbol) [0x00007FF79CDF0631]\nE       \tGetHandleVerifier [0x00007FF79D316CAD+3738973]\nE       \tGetHandleVerifier [0x00007FF79D36C506+4089270]\nE       \tGetHandleVerifier [0x00007FF79D364823+4057299]\nE       \tGetHandleVerifier [0x00007FF79D035C49+720121]\nE       \t(No symbol) [0x00007FF79CF1126F]\nE       \t(No symbol) [0x00007FF79CF0C304]\nE       \t(No symbol) [0x00007FF79CF0C432]\nE       \t(No symbol) [0x00007FF79CEFBD04]\nE       \tBaseThreadInitThunk [0x00007FFB4B05257D+29]\nE       \tRtlUserThreadStart [0x00007FFB4C9EAA58+40]\n\n..\\..\\..\\AppData\\Local\\pypoetry\\Cache\\virtualenvs\\final-project-_bDwe8AE-py3.12\\Lib\\site-packages\\selenium\\webdriver\\support\\wait.py:105: TimeoutException","flaky":false,"newFailed":false,"newBroken":false,"newPassed":false,"retriesCount":0,"retriesStatusChange":false,"beforeStages":[{"name":"_session_faker","time":{"start":1707383607643,"stop":1707383607688,"duration":45},"status":"passed","steps":[],"attachments":[],"parameters":[],"hasContent":false,"stepsCount":0,"attachmentStep":false,"attachmentsCount":0,"shouldDisplayMessage":false},{"name":"driver_undetected","time":{"start":1707383607688,"stop":1707383609643,"duration":1955},"status":"passed","steps":[],"attachments":[],"parameters":[],"hasContent":false,"stepsCount":0,"attachmentStep":false,"attachmentsCount":0,"shouldDisplayMessage":false}],"testStage":{"description":"This test check if user can set different  size of imag as profile image","status":"broken","statusMessage":"selenium.common.exceptions.TimeoutException: Message: \nStacktrace:\n\tGetHandleVerifier [0x00007FF79D2E5E42+3538674]\n\t(No symbol) [0x00007FF79CF04C02]\n\t(No symbol) [0x00007FF79CDB5AEB]\n\t(No symbol) [0x00007FF79CDFBF4E]\n\t(No symbol) [0x00007FF79CDFC0CC]\n\t(No symbol) [0x00007FF79CE3E477]\n\t(No symbol) [0x00007FF79CE1F0EF]\n\t(No symbol) [0x00007FF79CE3BDE3]\n\t(No symbol) [0x00007FF79CE1EE53]\n\t(No symbol) [0x00007FF79CDEF514]\n\t(No symbol) [0x00007FF79CDF0631]\n\tGetHandleVerifier [0x00007FF79D316CAD+3738973]\n\tGetHandleVerifier [0x00007FF79D36C506+4089270]\n\tGetHandleVerifier [0x00007FF79D364823+4057299]\n\tGetHandleVerifier [0x00007FF79D035C49+720121]\n\t(No symbol) [0x00007FF79CF1126F]\n\t(No symbol) [0x00007FF79CF0C304]\n\t(No symbol) [0x00007FF79CF0C432]\n\t(No symbol) [0x00007FF79CEFBD04]\n\tBaseThreadInitThunk [0x00007FFB4B05257D+29]\n\tRtlUserThreadStart [0x00007FFB4C9EAA58+40]","statusTrace":"self = <tests.test_upload_profile_image.TestUploadProfileImage object at 0x000001D985503470>\ndriver_undetected = <seleniumbase.undetected.Chrome (session=\"75232e37136c608c1883185896b3e2ec\")>\nwidth = '200', height = '200', expected = 'Something went wrong'\n\n    @pytest.mark.parametrize('width, height, expected', ImageData.image_size_list)\n    @allure.title(report_text_sheet.get_value('upload_image_title') + ': {width} x {height}')\n    @allure.description(report_text_sheet.get_value('upload_image_desc'))\n    def test_upload_image(self, driver_undetected, width, height, expected):\n        us = UploadProfileImageSteps(driver_undetected)\n        with allure.step(report_text_sheet.get_value('upload_image')):\n>           us.upload_image(width, height)\n\ntests\\test_upload_profile_image.py:59: \n_ _ _ _ _ _ _ _ _ _ _ _ _ _ _ _ _ _ _ _ _ _ _ _ _ _ _ _ _ _ _ _ _ _ _ _ _ _ _ _\nfinal_project\\steps\\UploadProfileImageSteps.py:20: in upload_image\n    self.wait_for(pdp.IMAGE_INPUT).send_keys(path)\nfinal_project\\steps\\common_actions.py:14: in wait_for\n    return self._wait.until(ec.visibility_of_element_located(locator))\n_ _ _ _ _ _ _ _ _ _ _ _ _ _ _ _ _ _ _ _ _ _ _ _ _ _ _ _ _ _ _ _ _ _ _ _ _ _ _ _\n\nself = <selenium.webdriver.support.wait.WebDriverWait (session=\"75232e37136c608c1883185896b3e2ec\")>\nmethod = <function visibility_of_element_located.<locals>._predicate at 0x000001D985686980>\nmessage = ''\n\n    def until(self, method: Callable[[D], Union[Literal[False], T]], message: str = \"\") -> T:\n        \"\"\"Calls the method provided with the driver as an argument until the \\\n        return value does not evaluate to ``False``.\n    \n        :param method: callable(WebDriver)\n        :param message: optional message for :exc:`TimeoutException`\n        :returns: the result of the last call to `method`\n        :raises: :exc:`selenium.common.exceptions.TimeoutException` if timeout occurs\n        \"\"\"\n        screen = None\n        stacktrace = None\n    \n        end_time = time.monotonic() + self._timeout\n        while True:\n            try:\n                value = method(self._driver)\n                if value:\n                    return value\n            except self._ignored_exceptions as exc:\n                screen = getattr(exc, \"screen\", None)\n                stacktrace = getattr(exc, \"stacktrace\", None)\n            time.sleep(self._poll)\n            if time.monotonic() > end_time:\n                break\n>       raise TimeoutException(message, screen, stacktrace)\nE       selenium.common.exceptions.TimeoutException: Message: \nE       Stacktrace:\nE       \tGetHandleVerifier [0x00007FF79D2E5E42+3538674]\nE       \t(No symbol) [0x00007FF79CF04C02]\nE       \t(No symbol) [0x00007FF79CDB5AEB]\nE       \t(No symbol) [0x00007FF79CDFBF4E]\nE       \t(No symbol) [0x00007FF79CDFC0CC]\nE       \t(No symbol) [0x00007FF79CE3E477]\nE       \t(No symbol) [0x00007FF79CE1F0EF]\nE       \t(No symbol) [0x00007FF79CE3BDE3]\nE       \t(No symbol) [0x00007FF79CE1EE53]\nE       \t(No symbol) [0x00007FF79CDEF514]\nE       \t(No symbol) [0x00007FF79CDF0631]\nE       \tGetHandleVerifier [0x00007FF79D316CAD+3738973]\nE       \tGetHandleVerifier [0x00007FF79D36C506+4089270]\nE       \tGetHandleVerifier [0x00007FF79D364823+4057299]\nE       \tGetHandleVerifier [0x00007FF79D035C49+720121]\nE       \t(No symbol) [0x00007FF79CF1126F]\nE       \t(No symbol) [0x00007FF79CF0C304]\nE       \t(No symbol) [0x00007FF79CF0C432]\nE       \t(No symbol) [0x00007FF79CEFBD04]\nE       \tBaseThreadInitThunk [0x00007FFB4B05257D+29]\nE       \tRtlUserThreadStart [0x00007FFB4C9EAA58+40]\n\n..\\..\\..\\AppData\\Local\\pypoetry\\Cache\\virtualenvs\\final-project-_bDwe8AE-py3.12\\Lib\\site-packages\\selenium\\webdriver\\support\\wait.py:105: TimeoutException","steps":[{"name":"Upload profile image","time":{"start":1707385293139,"stop":1707385314954,"duration":21815},"status":"broken","statusMessage":"selenium.common.exceptions.TimeoutException: Message: \nStacktrace:\n\tGetHandleVerifier [0x00007FF79D2E5E42+3538674]\n\t(No symbol) [0x00007FF79CF04C02]\n\t(No symbol) [0x00007FF79CDB5AEB]\n\t(No symbol) [0x00007FF79CDFBF4E]\n\t(No symbol) [0x00007FF79CDFC0CC]\n\t(No symbol) [0x00007FF79CE3E477]\n\t(No symbol) [0x00007FF79CE1F0EF]\n\t(No symbol) [0x00007FF79CE3BDE3]\n\t(No symbol) [0x00007FF79CE1EE53]\n\t(No symbol) [0x00007FF79CDEF514]\n\t(No symbol) [0x00007FF79CDF0631]\n\tGetHandleVerifier [0x00007FF79D316CAD+3738973]\n\tGetHandleVerifier [0x00007FF79D36C506+4089270]\n\tGetHandleVerifier [0x00007FF79D364823+4057299]\n\tGetHandleVerifier [0x00007FF79D035C49+720121]\n\t(No symbol) [0x00007FF79CF1126F]\n\t(No symbol) [0x00007FF79CF0C304]\n\t(No symbol) [0x00007FF79CF0C432]\n\t(No symbol) [0x00007FF79CEFBD04]\n\tBaseThreadInitThunk [0x00007FFB4B05257D+29]\n\tRtlUserThreadStart [0x00007FFB4C9EAA58+40]\n\n","statusTrace":"  File \"C:\\Users\\sabro\\.jenkins\\workspace\\Final Project\\tests\\test_upload_profile_image.py\", line 59, in test_upload_image\n    us.upload_image(width, height)\n  File \"C:\\Users\\sabro\\.jenkins\\workspace\\Final Project\\final_project\\steps\\UploadProfileImageSteps.py\", line 20, in upload_image\n    self.wait_for(pdp.IMAGE_INPUT).send_keys(path)\n    ^^^^^^^^^^^^^^^^^^^^^^^^^^^^^^\n  File \"C:\\Users\\sabro\\.jenkins\\workspace\\Final Project\\final_project\\steps\\common_actions.py\", line 14, in wait_for\n    return self._wait.until(ec.visibility_of_element_located(locator))\n           ^^^^^^^^^^^^^^^^^^^^^^^^^^^^^^^^^^^^^^^^^^^^^^^^^^^^^^^^^^^\n  File \"C:\\Users\\sabro\\AppData\\Local\\pypoetry\\Cache\\virtualenvs\\final-project-_bDwe8AE-py3.12\\Lib\\site-packages\\selenium\\webdriver\\support\\wait.py\", line 105, in until\n    raise TimeoutException(message, screen, stacktrace)\n","steps":[],"attachments":[],"parameters":[],"hasContent":true,"stepsCount":0,"attachmentStep":false,"attachmentsCount":0,"shouldDisplayMessage":true}],"attachments":[],"parameters":[],"hasContent":true,"stepsCount":1,"attachmentStep":false,"attachmentsCount":0,"shouldDisplayMessage":true},"afterStages":[{"name":"driver_undetected::0","time":{"start":1707385336647,"stop":1707385338967,"duration":2320},"status":"passed","steps":[],"attachments":[],"parameters":[],"hasContent":false,"stepsCount":0,"attachmentStep":false,"attachmentsCount":0,"shouldDisplayMessage":false}],"labels":[{"name":"feature","value":"Additional Test Cases"},{"name":"parentSuite","value":"tests"},{"name":"suite","value":"test_upload_profile_image"},{"name":"subSuite","value":"TestUploadProfileImage"},{"name":"host","value":"Alice"},{"name":"thread","value":"16592-MainThread"},{"name":"framework","value":"pytest"},{"name":"language","value":"cpython3"},{"name":"package","value":"tests.test_upload_profile_image"},{"name":"resultFormat","value":"allure2"}],"parameters":[{"name":"expected","value":"'Something went wrong'"},{"name":"height","value":"'200'"},{"name":"width","value":"'200'"}],"links":[],"hidden":false,"retry":false,"extra":{"severity":"normal","retries":[],"categories":[{"name":"Test defects","matchedStatuses":[],"flaky":false}],"history":{"statistic":{"failed":0,"broken":16,"skipped":0,"passed":0,"unknown":0,"total":16},"items":[{"uid":"81b3658b13018804","reportUrl":"http://localhost:8080/job/Final%20Project/16/allure/#testresult/81b3658b13018804","status":"broken","statusDetails":"selenium.common.exceptions.TimeoutException: Message: \nStacktrace:\n\tGetHandleVerifier [0x00007FF79D2E5E42+3538674]\n\t(No symbol) [0x00007FF79CF04C02]\n\t(No symbol) [0x00007FF79CDB5AEB]\n\t(No symbol) [0x00007FF79CDFBF4E]\n\t(No symbol) [0x00007FF79CDFC0CC]\n\t(No symbol) [0x00007FF79CE3E477]\n\t(No symbol) [0x00007FF79CE1F0EF]\n\t(No symbol) [0x00007FF79CE3BDE3]\n\t(No symbol) [0x00007FF79CE1EE53]\n\t(No symbol) [0x00007FF79CDEF514]\n\t(No symbol) [0x00007FF79CDF0631]\n\tGetHandleVerifier [0x00007FF79D316CAD+3738973]\n\tGetHandleVerifier [0x00007FF79D36C506+4089270]\n\tGetHandleVerifier [0x00007FF79D364823+4057299]\n\tGetHandleVerifier [0x00007FF79D035C49+720121]\n\t(No symbol) [0x00007FF79CF1126F]\n\t(No symbol) [0x00007FF79CF0C304]\n\t(No symbol) [0x00007FF79CF0C432]\n\t(No symbol) [0x00007FF79CEFBD04]\n\tBaseThreadInitThunk [0x00007FFB4B05257D+29]\n\tRtlUserThreadStart [0x00007FFB4C9EAA58+40]","time":{"start":1707378627880,"stop":1707378649326,"duration":21446}},{"uid":"760b7d4310c96599","reportUrl":"http://localhost:8080/job/Final%20Project/15/allure/#testresult/760b7d4310c96599","status":"broken","statusDetails":"selenium.common.exceptions.TimeoutException: Message: \nStacktrace:\n\tGetHandleVerifier [0x00007FF79D2E5E42+3538674]\n\t(No symbol) [0x00007FF79CF04C02]\n\t(No symbol) [0x00007FF79CDB5AEB]\n\t(No symbol) [0x00007FF79CDFBF4E]\n\t(No symbol) [0x00007FF79CDFC0CC]\n\t(No symbol) [0x00007FF79CE3E477]\n\t(No symbol) [0x00007FF79CE1F0EF]\n\t(No symbol) [0x00007FF79CE3BDE3]\n\t(No symbol) [0x00007FF79CE1EE53]\n\t(No symbol) [0x00007FF79CDEF514]\n\t(No symbol) [0x00007FF79CDF0631]\n\tGetHandleVerifier [0x00007FF79D316CAD+3738973]\n\tGetHandleVerifier [0x00007FF79D36C506+4089270]\n\tGetHandleVerifier [0x00007FF79D364823+4057299]\n\tGetHandleVerifier [0x00007FF79D035C49+720121]\n\t(No symbol) [0x00007FF79CF1126F]\n\t(No symbol) [0x00007FF79CF0C304]\n\t(No symbol) [0x00007FF79CF0C432]\n\t(No symbol) [0x00007FF79CEFBD04]\n\tBaseThreadInitThunk [0x00007FFB4B05257D+29]\n\tRtlUserThreadStart [0x00007FFB4C9EAA58+40]","time":{"start":1707378627880,"stop":1707378649326,"duration":21446}},{"uid":"e1b00fbd6903bb96","reportUrl":"http://localhost:8080/job/Final%20Project/14/allure/#testresult/e1b00fbd6903bb96","status":"broken","statusDetails":"selenium.common.exceptions.TimeoutException: Message: \nStacktrace:\n\tGetHandleVerifier [0x00007FF79D2E5E42+3538674]\n\t(No symbol) [0x00007FF79CF04C02]\n\t(No symbol) [0x00007FF79CDB5AEB]\n\t(No symbol) [0x00007FF79CDFBF4E]\n\t(No symbol) [0x00007FF79CDFC0CC]\n\t(No symbol) [0x00007FF79CE3E477]\n\t(No symbol) [0x00007FF79CE1F0EF]\n\t(No symbol) [0x00007FF79CE3BDE3]\n\t(No symbol) [0x00007FF79CE1EE53]\n\t(No symbol) [0x00007FF79CDEF514]\n\t(No symbol) [0x00007FF79CDF0631]\n\tGetHandleVerifier [0x00007FF79D316CAD+3738973]\n\tGetHandleVerifier [0x00007FF79D36C506+4089270]\n\tGetHandleVerifier [0x00007FF79D364823+4057299]\n\tGetHandleVerifier [0x00007FF79D035C49+720121]\n\t(No symbol) [0x00007FF79CF1126F]\n\t(No symbol) [0x00007FF79CF0C304]\n\t(No symbol) [0x00007FF79CF0C432]\n\t(No symbol) [0x00007FF79CEFBD04]\n\tBaseThreadInitThunk [0x00007FFB4B05257D+29]\n\tRtlUserThreadStart [0x00007FFB4C9EAA58+40]","time":{"start":1707376839215,"stop":1707376860762,"duration":21547}},{"uid":"f7a344598653f0f0","reportUrl":"http://localhost:8080/job/Final%20Project/13/allure/#testresult/f7a344598653f0f0","status":"broken","statusDetails":"selenium.common.exceptions.TimeoutException: Message: \nStacktrace:\n\tGetHandleVerifier [0x00007FF79D2E5E42+3538674]\n\t(No symbol) [0x00007FF79CF04C02]\n\t(No symbol) [0x00007FF79CDB5AEB]\n\t(No symbol) [0x00007FF79CDFBF4E]\n\t(No symbol) [0x00007FF79CDFC0CC]\n\t(No symbol) [0x00007FF79CE3E477]\n\t(No symbol) [0x00007FF79CE1F0EF]\n\t(No symbol) [0x00007FF79CE3BDE3]\n\t(No symbol) [0x00007FF79CE1EE53]\n\t(No symbol) [0x00007FF79CDEF514]\n\t(No symbol) [0x00007FF79CDF0631]\n\tGetHandleVerifier [0x00007FF79D316CAD+3738973]\n\tGetHandleVerifier [0x00007FF79D36C506+4089270]\n\tGetHandleVerifier [0x00007FF79D364823+4057299]\n\tGetHandleVerifier [0x00007FF79D035C49+720121]\n\t(No symbol) [0x00007FF79CF1126F]\n\t(No symbol) [0x00007FF79CF0C304]\n\t(No symbol) [0x00007FF79CF0C432]\n\t(No symbol) [0x00007FF79CEFBD04]\n\tBaseThreadInitThunk [0x00007FFB4B05257D+29]\n\tRtlUserThreadStart [0x00007FFB4C9EAA58+40]","time":{"start":1707373111340,"stop":1707373132927,"duration":21587}},{"uid":"fd90532102fb2fb2","reportUrl":"http://localhost:8080/job/Final%20Project/12/allure/#testresult/fd90532102fb2fb2","status":"broken","statusDetails":"selenium.common.exceptions.WebDriverException: Message: disconnected: not connected to DevTools\n  (failed to check if window was closed: disconnected: not connected to DevTools)\n  (Session info: chrome=121.0.6167.160)\nStacktrace:\n\tGetHandleVerifier [0x00007FF79D2E5E42+3538674]\n\t(No symbol) [0x00007FF79CF04C02]\n\t(No symbol) [0x00007FF79CDB5AEB]\n\t(No symbol) [0x00007FF79CDA273F]\n\t(No symbol) [0x00007FF79CDA22B0]\n\t(No symbol) [0x00007FF79CDB7BF1]\n\t(No symbol) [0x00007FF79CE3B437]\n\t(No symbol) [0x00007FF79CE1EE53]\n\t(No symbol) [0x00007FF79CDEF514]\n\t(No symbol) [0x00007FF79CDF0631]\n\tGetHandleVerifier [0x00007FF79D316CAD+3738973]\n\tGetHandleVerifier [0x00007FF79D36C506+4089270]\n\tGetHandleVerifier [0x00007FF79D364823+4057299]\n\tGetHandleVerifier [0x00007FF79D035C49+720121]\n\t(No symbol) [0x00007FF79CF1126F]\n\t(No symbol) [0x00007FF79CF0C304]\n\t(No symbol) [0x00007FF79CF0C432]\n\t(No symbol) [0x00007FF79CEFBD04]\n\tBaseThreadInitThunk [0x00007FFB4B05257D+29]\n\tRtlUserThreadStart [0x00007FFB4C9EAA58+40]","time":{"start":1707370499954,"stop":1707370502407,"duration":2453}},{"uid":"e100474a07535523","reportUrl":"http://localhost:8080/job/Final%20Project/11/allure/#testresult/e100474a07535523","status":"broken","statusDetails":"selenium.common.exceptions.TimeoutException: Message: \nStacktrace:\n\tGetHandleVerifier [0x00007FF79D2E5E42+3538674]\n\t(No symbol) [0x00007FF79CF04C02]\n\t(No symbol) [0x00007FF79CDB5AEB]\n\t(No symbol) [0x00007FF79CDFBF4E]\n\t(No symbol) [0x00007FF79CDFC0CC]\n\t(No symbol) [0x00007FF79CE3E477]\n\t(No symbol) [0x00007FF79CE1F0EF]\n\t(No symbol) [0x00007FF79CE3BDE3]\n\t(No symbol) [0x00007FF79CE1EE53]\n\t(No symbol) [0x00007FF79CDEF514]\n\t(No symbol) [0x00007FF79CDF0631]\n\tGetHandleVerifier [0x00007FF79D316CAD+3738973]\n\tGetHandleVerifier [0x00007FF79D36C506+4089270]\n\tGetHandleVerifier [0x00007FF79D364823+4057299]\n\tGetHandleVerifier [0x00007FF79D035C49+720121]\n\t(No symbol) [0x00007FF79CF1126F]\n\t(No symbol) [0x00007FF79CF0C304]\n\t(No symbol) [0x00007FF79CF0C432]\n\t(No symbol) [0x00007FF79CEFBD04]\n\tBaseThreadInitThunk [0x00007FFB4B05257D+29]\n\tRtlUserThreadStart [0x00007FFB4C9EAA58+40]","time":{"start":1707369457777,"stop":1707369479368,"duration":21591}},{"uid":"100ac4dd0763e2ec","reportUrl":"http://localhost:8080/job/Final%20Project/10/allure/#testresult/100ac4dd0763e2ec","status":"broken","statusDetails":"selenium.common.exceptions.TimeoutException: Message: \nStacktrace:\n\tGetHandleVerifier [0x00007FF6A72A5E42+3538674]\n\t(No symbol) [0x00007FF6A6EC4C02]\n\t(No symbol) [0x00007FF6A6D75AEB]\n\t(No symbol) [0x00007FF6A6DBBF4E]\n\t(No symbol) [0x00007FF6A6DBC0CC]\n\t(No symbol) [0x00007FF6A6DFE477]\n\t(No symbol) [0x00007FF6A6DDF0EF]\n\t(No symbol) [0x00007FF6A6DFBDE3]\n\t(No symbol) [0x00007FF6A6DDEE53]\n\t(No symbol) [0x00007FF6A6DAF514]\n\t(No symbol) [0x00007FF6A6DB0631]\n\tGetHandleVerifier [0x00007FF6A72D6CAD+3738973]\n\tGetHandleVerifier [0x00007FF6A732C506+4089270]\n\tGetHandleVerifier [0x00007FF6A7324823+4057299]\n\tGetHandleVerifier [0x00007FF6A6FF5C49+720121]\n\t(No symbol) [0x00007FF6A6ED126F]\n\t(No symbol) [0x00007FF6A6ECC304]\n\t(No symbol) [0x00007FF6A6ECC432]\n\t(No symbol) [0x00007FF6A6EBBD04]\n\tBaseThreadInitThunk [0x00007FF8C195257D+29]\n\tRtlUserThreadStart [0x00007FF8C218AA58+40]","time":{"start":1707323777306,"stop":1707323799051,"duration":21745}},{"uid":"d35a7695d0971b10","reportUrl":"http://localhost:8080/job/Final%20Project/9/allure/#testresult/d35a7695d0971b10","status":"broken","statusDetails":"selenium.common.exceptions.TimeoutException: Message: \nStacktrace:\n\tGetHandleVerifier [0x00007FF6A72A5E42+3538674]\n\t(No symbol) [0x00007FF6A6EC4C02]\n\t(No symbol) [0x00007FF6A6D75AEB]\n\t(No symbol) [0x00007FF6A6DBBF4E]\n\t(No symbol) [0x00007FF6A6DBC0CC]\n\t(No symbol) [0x00007FF6A6DFE477]\n\t(No symbol) [0x00007FF6A6DDF0EF]\n\t(No symbol) [0x00007FF6A6DFBDE3]\n\t(No symbol) [0x00007FF6A6DDEE53]\n\t(No symbol) [0x00007FF6A6DAF514]\n\t(No symbol) [0x00007FF6A6DB0631]\n\tGetHandleVerifier [0x00007FF6A72D6CAD+3738973]\n\tGetHandleVerifier [0x00007FF6A732C506+4089270]\n\tGetHandleVerifier [0x00007FF6A7324823+4057299]\n\tGetHandleVerifier [0x00007FF6A6FF5C49+720121]\n\t(No symbol) [0x00007FF6A6ED126F]\n\t(No symbol) [0x00007FF6A6ECC304]\n\t(No symbol) [0x00007FF6A6ECC432]\n\t(No symbol) [0x00007FF6A6EBBD04]\n\tBaseThreadInitThunk [0x00007FF8C195257D+29]\n\tRtlUserThreadStart [0x00007FF8C218AA58+40]","time":{"start":1707320762194,"stop":1707320783771,"duration":21577}},{"uid":"4352cbecd831e273","reportUrl":"http://localhost:8080/job/Final%20Project/8/allure/#testresult/4352cbecd831e273","status":"broken","statusDetails":"selenium.common.exceptions.TimeoutException: Message: \nStacktrace:\n\tGetHandleVerifier [0x00007FF6A72A5E42+3538674]\n\t(No symbol) [0x00007FF6A6EC4C02]\n\t(No symbol) [0x00007FF6A6D75AEB]\n\t(No symbol) [0x00007FF6A6DBBF4E]\n\t(No symbol) [0x00007FF6A6DBC0CC]\n\t(No symbol) [0x00007FF6A6DFE477]\n\t(No symbol) [0x00007FF6A6DDF0EF]\n\t(No symbol) [0x00007FF6A6DFBDE3]\n\t(No symbol) [0x00007FF6A6DDEE53]\n\t(No symbol) [0x00007FF6A6DAF514]\n\t(No symbol) [0x00007FF6A6DB0631]\n\tGetHandleVerifier [0x00007FF6A72D6CAD+3738973]\n\tGetHandleVerifier [0x00007FF6A732C506+4089270]\n\tGetHandleVerifier [0x00007FF6A7324823+4057299]\n\tGetHandleVerifier [0x00007FF6A6FF5C49+720121]\n\t(No symbol) [0x00007FF6A6ED126F]\n\t(No symbol) [0x00007FF6A6ECC304]\n\t(No symbol) [0x00007FF6A6ECC432]\n\t(No symbol) [0x00007FF6A6EBBD04]\n\tBaseThreadInitThunk [0x00007FF8C195257D+29]\n\tRtlUserThreadStart [0x00007FF8C218AA58+40]","time":{"start":1707318560290,"stop":1707318581929,"duration":21639}},{"uid":"f2b429c861e6219c","reportUrl":"http://localhost:8080/job/Final%20Project/7/allure/#testresult/f2b429c861e6219c","status":"broken","statusDetails":"selenium.common.exceptions.TimeoutException: Message: \nStacktrace:\n\tGetHandleVerifier [0x00007FF75D315E42+3538674]\n\t(No symbol) [0x00007FF75CF34C02]\n\t(No symbol) [0x00007FF75CDE5AEB]\n\t(No symbol) [0x00007FF75CE2BF4E]\n\t(No symbol) [0x00007FF75CE2C0CC]\n\t(No symbol) [0x00007FF75CE6E477]\n\t(No symbol) [0x00007FF75CE4F0EF]\n\t(No symbol) [0x00007FF75CE6BDE3]\n\t(No symbol) [0x00007FF75CE4EE53]\n\t(No symbol) [0x00007FF75CE1F514]\n\t(No symbol) [0x00007FF75CE20631]\n\tGetHandleVerifier [0x00007FF75D346CAD+3738973]\n\tGetHandleVerifier [0x00007FF75D39C506+4089270]\n\tGetHandleVerifier [0x00007FF75D394823+4057299]\n\tGetHandleVerifier [0x00007FF75D065C49+720121]\n\t(No symbol) [0x00007FF75CF4126F]\n\t(No symbol) [0x00007FF75CF3C304]\n\t(No symbol) [0x00007FF75CF3C432]\n\t(No symbol) [0x00007FF75CF2BD04]\n\tBaseThreadInitThunk [0x00007FF9ED9E257D+29]\n\tRtlUserThreadStart [0x00007FF9EF24AA58+40]","time":{"start":1707315455234,"stop":1707315476893,"duration":21659}},{"uid":"cfdb4c08ce900035","reportUrl":"http://localhost:8080/job/Final%20Project/6/allure/#testresult/cfdb4c08ce900035","status":"broken","statusDetails":"selenium.common.exceptions.TimeoutException: Message: \nStacktrace:\n\tGetHandleVerifier [0x00007FF75D315E42+3538674]\n\t(No symbol) [0x00007FF75CF34C02]\n\t(No symbol) [0x00007FF75CDE5AEB]\n\t(No symbol) [0x00007FF75CE2BF4E]\n\t(No symbol) [0x00007FF75CE2C0CC]\n\t(No symbol) [0x00007FF75CE6E477]\n\t(No symbol) [0x00007FF75CE4F0EF]\n\t(No symbol) [0x00007FF75CE6BDE3]\n\t(No symbol) [0x00007FF75CE4EE53]\n\t(No symbol) [0x00007FF75CE1F514]\n\t(No symbol) [0x00007FF75CE20631]\n\tGetHandleVerifier [0x00007FF75D346CAD+3738973]\n\tGetHandleVerifier [0x00007FF75D39C506+4089270]\n\tGetHandleVerifier [0x00007FF75D394823+4057299]\n\tGetHandleVerifier [0x00007FF75D065C49+720121]\n\t(No symbol) [0x00007FF75CF4126F]\n\t(No symbol) [0x00007FF75CF3C304]\n\t(No symbol) [0x00007FF75CF3C432]\n\t(No symbol) [0x00007FF75CF2BD04]\n\tBaseThreadInitThunk [0x00007FF9ED9E257D+29]\n\tRtlUserThreadStart [0x00007FF9EF24AA58+40]","time":{"start":1707309608948,"stop":1707309632631,"duration":23683}},{"uid":"2b9dd28fea01b8eb","reportUrl":"http://localhost:8080/job/Final%20Project/5/allure/#testresult/2b9dd28fea01b8eb","status":"broken","statusDetails":"selenium.common.exceptions.TimeoutException: Message: \nStacktrace:\n\tGetHandleVerifier [0x00007FF75D315E42+3538674]\n\t(No symbol) [0x00007FF75CF34C02]\n\t(No symbol) [0x00007FF75CDE5AEB]\n\t(No symbol) [0x00007FF75CE2BF4E]\n\t(No symbol) [0x00007FF75CE2C0CC]\n\t(No symbol) [0x00007FF75CE6E477]\n\t(No symbol) [0x00007FF75CE4F0EF]\n\t(No symbol) [0x00007FF75CE6BDE3]\n\t(No symbol) [0x00007FF75CE4EE53]\n\t(No symbol) [0x00007FF75CE1F514]\n\t(No symbol) [0x00007FF75CE20631]\n\tGetHandleVerifier [0x00007FF75D346CAD+3738973]\n\tGetHandleVerifier [0x00007FF75D39C506+4089270]\n\tGetHandleVerifier [0x00007FF75D394823+4057299]\n\tGetHandleVerifier [0x00007FF75D065C49+720121]\n\t(No symbol) [0x00007FF75CF4126F]\n\t(No symbol) [0x00007FF75CF3C304]\n\t(No symbol) [0x00007FF75CF3C432]\n\t(No symbol) [0x00007FF75CF2BD04]\n\tBaseThreadInitThunk [0x00007FF9ED9E257D+29]\n\tRtlUserThreadStart [0x00007FF9EF24AA58+40]","time":{"start":1707307858303,"stop":1707307881635,"duration":23332}},{"uid":"e5ef9935184c479a","reportUrl":"http://localhost:8080/job/Final%20Project/4/allure/#testresult/e5ef9935184c479a","status":"broken","statusDetails":"selenium.common.exceptions.TimeoutException: Message: \nStacktrace:\n\tGetHandleVerifier [0x00007FF75D315E42+3538674]\n\t(No symbol) [0x00007FF75CF34C02]\n\t(No symbol) [0x00007FF75CDE5AEB]\n\t(No symbol) [0x00007FF75CE2BF4E]\n\t(No symbol) [0x00007FF75CE2C0CC]\n\t(No symbol) [0x00007FF75CE6E477]\n\t(No symbol) [0x00007FF75CE4F0EF]\n\t(No symbol) [0x00007FF75CE6BDE3]\n\t(No symbol) [0x00007FF75CE4EE53]\n\t(No symbol) [0x00007FF75CE1F514]\n\t(No symbol) [0x00007FF75CE20631]\n\tGetHandleVerifier [0x00007FF75D346CAD+3738973]\n\tGetHandleVerifier [0x00007FF75D39C506+4089270]\n\tGetHandleVerifier [0x00007FF75D394823+4057299]\n\tGetHandleVerifier [0x00007FF75D065C49+720121]\n\t(No symbol) [0x00007FF75CF4126F]\n\t(No symbol) [0x00007FF75CF3C304]\n\t(No symbol) [0x00007FF75CF3C432]\n\t(No symbol) [0x00007FF75CF2BD04]\n\tBaseThreadInitThunk [0x00007FF9ED9E257D+29]\n\tRtlUserThreadStart [0x00007FF9EF24AA58+40]","time":{"start":1707293059454,"stop":1707293082757,"duration":23303}},{"uid":"15e090dcc741694b","reportUrl":"http://localhost:8080/job/Final%20Project/3/allure/#testresult/15e090dcc741694b","status":"broken","statusDetails":"selenium.common.exceptions.TimeoutException: Message: \nStacktrace:\n\tGetHandleVerifier [0x00007FF75D315E42+3538674]\n\t(No symbol) [0x00007FF75CF34C02]\n\t(No symbol) [0x00007FF75CDE5AEB]\n\t(No symbol) [0x00007FF75CE2BF4E]\n\t(No symbol) [0x00007FF75CE2C0CC]\n\t(No symbol) [0x00007FF75CE6E477]\n\t(No symbol) [0x00007FF75CE4F0EF]\n\t(No symbol) [0x00007FF75CE6BDE3]\n\t(No symbol) [0x00007FF75CE4EE53]\n\t(No symbol) [0x00007FF75CE1F514]\n\t(No symbol) [0x00007FF75CE20631]\n\tGetHandleVerifier [0x00007FF75D346CAD+3738973]\n\tGetHandleVerifier [0x00007FF75D39C506+4089270]\n\tGetHandleVerifier [0x00007FF75D394823+4057299]\n\tGetHandleVerifier [0x00007FF75D065C49+720121]\n\t(No symbol) [0x00007FF75CF4126F]\n\t(No symbol) [0x00007FF75CF3C304]\n\t(No symbol) [0x00007FF75CF3C432]\n\t(No symbol) [0x00007FF75CF2BD04]\n\tBaseThreadInitThunk [0x00007FF9ED9E257D+29]\n\tRtlUserThreadStart [0x00007FF9EF24AA58+40]","time":{"start":1707293059454,"stop":1707293082757,"duration":23303}},{"uid":"c5ac72b38a8d86b0","reportUrl":"http://localhost:8080/job/Final%20Project/2/allure/#testresult/c5ac72b38a8d86b0","status":"broken","statusDetails":"selenium.common.exceptions.TimeoutException: Message: \nStacktrace:\n\tGetHandleVerifier [0x00007FF75D315E42+3538674]\n\t(No symbol) [0x00007FF75CF34C02]\n\t(No symbol) [0x00007FF75CDE5AEB]\n\t(No symbol) [0x00007FF75CE2BF4E]\n\t(No symbol) [0x00007FF75CE2C0CC]\n\t(No symbol) [0x00007FF75CE6E477]\n\t(No symbol) [0x00007FF75CE4F0EF]\n\t(No symbol) [0x00007FF75CE6BDE3]\n\t(No symbol) [0x00007FF75CE4EE53]\n\t(No symbol) [0x00007FF75CE1F514]\n\t(No symbol) [0x00007FF75CE20631]\n\tGetHandleVerifier [0x00007FF75D346CAD+3738973]\n\tGetHandleVerifier [0x00007FF75D39C506+4089270]\n\tGetHandleVerifier [0x00007FF75D394823+4057299]\n\tGetHandleVerifier [0x00007FF75D065C49+720121]\n\t(No symbol) [0x00007FF75CF4126F]\n\t(No symbol) [0x00007FF75CF3C304]\n\t(No symbol) [0x00007FF75CF3C432]\n\t(No symbol) [0x00007FF75CF2BD04]\n\tBaseThreadInitThunk [0x00007FF9ED9E257D+29]\n\tRtlUserThreadStart [0x00007FF9EF24AA58+40]","time":{"start":1707291658345,"stop":1707291680756,"duration":22411}}]},"tags":[]},"source":"75abd74420643b8f.json","parameterValues":["'Something went wrong'","'200'","'200'"]}