{"uid":"81d3f3367909d614","name":"Set image type file as profile image: 600 x 600","fullName":"tests.test_upload_profile_image.TestUploadProfileImage#test_upload_image","historyId":"7858cea55cd8c62818eaa473a9687311","time":{"start":1707318581943,"stop":1707318603738,"duration":21795},"description":"This test check if user can set different  size of imag as profile image","descriptionHtml":"<p>This test check if user can set different  size of imag as profile image</p>\n","status":"broken","statusMessage":"selenium.common.exceptions.TimeoutException: Message: \nStacktrace:\n\tGetHandleVerifier [0x00007FF6A72A5E42+3538674]\n\t(No symbol) [0x00007FF6A6EC4C02]\n\t(No symbol) [0x00007FF6A6D75AEB]\n\t(No symbol) [0x00007FF6A6DBBF4E]\n\t(No symbol) [0x00007FF6A6DBC0CC]\n\t(No symbol) [0x00007FF6A6DFE477]\n\t(No symbol) [0x00007FF6A6DDF0EF]\n\t(No symbol) [0x00007FF6A6DFBDE3]\n\t(No symbol) [0x00007FF6A6DDEE53]\n\t(No symbol) [0x00007FF6A6DAF514]\n\t(No symbol) [0x00007FF6A6DB0631]\n\tGetHandleVerifier [0x00007FF6A72D6CAD+3738973]\n\tGetHandleVerifier [0x00007FF6A732C506+4089270]\n\tGetHandleVerifier [0x00007FF6A7324823+4057299]\n\tGetHandleVerifier [0x00007FF6A6FF5C49+720121]\n\t(No symbol) [0x00007FF6A6ED126F]\n\t(No symbol) [0x00007FF6A6ECC304]\n\t(No symbol) [0x00007FF6A6ECC432]\n\t(No symbol) [0x00007FF6A6EBBD04]\n\tBaseThreadInitThunk [0x00007FF8C195257D+29]\n\tRtlUserThreadStart [0x00007FF8C218AA58+40]","statusTrace":"self = <tests.test_upload_profile_image.TestUploadProfileImage object at 0x00000269D97EB830>\ndriver_undetected = <seleniumbase.undetected.Chrome (session=\"f329c42a9476956e1e5e7e54746ab8d3\")>\nwidth = '600', height = '600', expected = 'Successfully uploaded'\n\n    @pytest.mark.parametrize('width, height, expected', ImageData.image_size_list)\n    @allure.title(report_text_sheet.get_value('upload_image_title') + ': {width} x {height}')\n    @allure.description(report_text_sheet.get_value('upload_image_desc'))\n    def test_upload_image(self, driver_undetected, width, height, expected):\n        us = UploadProfileImageSteps(driver_undetected)\n        with allure.step(report_text_sheet.get_value('upload_image')):\n>           us.upload_image(width, height)\n\ntests\\test_upload_profile_image.py:60: \n_ _ _ _ _ _ _ _ _ _ _ _ _ _ _ _ _ _ _ _ _ _ _ _ _ _ _ _ _ _ _ _ _ _ _ _ _ _ _ _\nfinal_project\\steps\\UploadProfileImageSteps.py:20: in upload_image\n    self.wait_for(pdp.IMAGE_INPUT).send_keys(path)\nfinal_project\\steps\\common_actions.py:14: in wait_for\n    return self._wait.until(ec.visibility_of_element_located(locator))\n_ _ _ _ _ _ _ _ _ _ _ _ _ _ _ _ _ _ _ _ _ _ _ _ _ _ _ _ _ _ _ _ _ _ _ _ _ _ _ _\n\nself = <selenium.webdriver.support.wait.WebDriverWait (session=\"f329c42a9476956e1e5e7e54746ab8d3\")>\nmethod = <function visibility_of_element_located.<locals>._predicate at 0x00000269D99F9A80>\nmessage = ''\n\n    def until(self, method: Callable[[D], Union[Literal[False], T]], message: str = \"\") -> T:\n        \"\"\"Calls the method provided with the driver as an argument until the \\\n        return value does not evaluate to ``False``.\n    \n        :param method: callable(WebDriver)\n        :param message: optional message for :exc:`TimeoutException`\n        :returns: the result of the last call to `method`\n        :raises: :exc:`selenium.common.exceptions.TimeoutException` if timeout occurs\n        \"\"\"\n        screen = None\n        stacktrace = None\n    \n        end_time = time.monotonic() + self._timeout\n        while True:\n            try:\n                value = method(self._driver)\n                if value:\n                    return value\n            except self._ignored_exceptions as exc:\n                screen = getattr(exc, \"screen\", None)\n                stacktrace = getattr(exc, \"stacktrace\", None)\n            time.sleep(self._poll)\n            if time.monotonic() > end_time:\n                break\n>       raise TimeoutException(message, screen, stacktrace)\nE       selenium.common.exceptions.TimeoutException: Message: \nE       Stacktrace:\nE       \tGetHandleVerifier [0x00007FF6A72A5E42+3538674]\nE       \t(No symbol) [0x00007FF6A6EC4C02]\nE       \t(No symbol) [0x00007FF6A6D75AEB]\nE       \t(No symbol) [0x00007FF6A6DBBF4E]\nE       \t(No symbol) [0x00007FF6A6DBC0CC]\nE       \t(No symbol) [0x00007FF6A6DFE477]\nE       \t(No symbol) [0x00007FF6A6DDF0EF]\nE       \t(No symbol) [0x00007FF6A6DFBDE3]\nE       \t(No symbol) [0x00007FF6A6DDEE53]\nE       \t(No symbol) [0x00007FF6A6DAF514]\nE       \t(No symbol) [0x00007FF6A6DB0631]\nE       \tGetHandleVerifier [0x00007FF6A72D6CAD+3738973]\nE       \tGetHandleVerifier [0x00007FF6A732C506+4089270]\nE       \tGetHandleVerifier [0x00007FF6A7324823+4057299]\nE       \tGetHandleVerifier [0x00007FF6A6FF5C49+720121]\nE       \t(No symbol) [0x00007FF6A6ED126F]\nE       \t(No symbol) [0x00007FF6A6ECC304]\nE       \t(No symbol) [0x00007FF6A6ECC432]\nE       \t(No symbol) [0x00007FF6A6EBBD04]\nE       \tBaseThreadInitThunk [0x00007FF8C195257D+29]\nE       \tRtlUserThreadStart [0x00007FF8C218AA58+40]\n\n..\\..\\..\\AppData\\Local\\pypoetry\\Cache\\virtualenvs\\final-project-_bDwe8AE-py3.12\\Lib\\site-packages\\selenium\\webdriver\\support\\wait.py:105: TimeoutException","flaky":false,"newFailed":false,"newBroken":false,"newPassed":false,"retriesCount":0,"retriesStatusChange":false,"beforeStages":[{"name":"_session_faker","time":{"start":1707316929040,"stop":1707316929085,"duration":45},"status":"passed","steps":[],"attachments":[],"parameters":[],"stepsCount":0,"attachmentStep":false,"shouldDisplayMessage":false,"attachmentsCount":0,"hasContent":false},{"name":"driver_undetected","time":{"start":1707316929085,"stop":1707316931413,"duration":2328},"status":"passed","steps":[],"attachments":[],"parameters":[],"stepsCount":0,"attachmentStep":false,"shouldDisplayMessage":false,"attachmentsCount":0,"hasContent":false}],"testStage":{"description":"This test check if user can set different  size of imag as profile image","status":"broken","statusMessage":"selenium.common.exceptions.TimeoutException: Message: \nStacktrace:\n\tGetHandleVerifier [0x00007FF6A72A5E42+3538674]\n\t(No symbol) [0x00007FF6A6EC4C02]\n\t(No symbol) [0x00007FF6A6D75AEB]\n\t(No symbol) [0x00007FF6A6DBBF4E]\n\t(No symbol) [0x00007FF6A6DBC0CC]\n\t(No symbol) [0x00007FF6A6DFE477]\n\t(No symbol) [0x00007FF6A6DDF0EF]\n\t(No symbol) [0x00007FF6A6DFBDE3]\n\t(No symbol) [0x00007FF6A6DDEE53]\n\t(No symbol) [0x00007FF6A6DAF514]\n\t(No symbol) [0x00007FF6A6DB0631]\n\tGetHandleVerifier [0x00007FF6A72D6CAD+3738973]\n\tGetHandleVerifier [0x00007FF6A732C506+4089270]\n\tGetHandleVerifier [0x00007FF6A7324823+4057299]\n\tGetHandleVerifier [0x00007FF6A6FF5C49+720121]\n\t(No symbol) [0x00007FF6A6ED126F]\n\t(No symbol) [0x00007FF6A6ECC304]\n\t(No symbol) [0x00007FF6A6ECC432]\n\t(No symbol) [0x00007FF6A6EBBD04]\n\tBaseThreadInitThunk [0x00007FF8C195257D+29]\n\tRtlUserThreadStart [0x00007FF8C218AA58+40]","statusTrace":"self = <tests.test_upload_profile_image.TestUploadProfileImage object at 0x00000269D97EB830>\ndriver_undetected = <seleniumbase.undetected.Chrome (session=\"f329c42a9476956e1e5e7e54746ab8d3\")>\nwidth = '600', height = '600', expected = 'Successfully uploaded'\n\n    @pytest.mark.parametrize('width, height, expected', ImageData.image_size_list)\n    @allure.title(report_text_sheet.get_value('upload_image_title') + ': {width} x {height}')\n    @allure.description(report_text_sheet.get_value('upload_image_desc'))\n    def test_upload_image(self, driver_undetected, width, height, expected):\n        us = UploadProfileImageSteps(driver_undetected)\n        with allure.step(report_text_sheet.get_value('upload_image')):\n>           us.upload_image(width, height)\n\ntests\\test_upload_profile_image.py:60: \n_ _ _ _ _ _ _ _ _ _ _ _ _ _ _ _ _ _ _ _ _ _ _ _ _ _ _ _ _ _ _ _ _ _ _ _ _ _ _ _\nfinal_project\\steps\\UploadProfileImageSteps.py:20: in upload_image\n    self.wait_for(pdp.IMAGE_INPUT).send_keys(path)\nfinal_project\\steps\\common_actions.py:14: in wait_for\n    return self._wait.until(ec.visibility_of_element_located(locator))\n_ _ _ _ _ _ _ _ _ _ _ _ _ _ _ _ _ _ _ _ _ _ _ _ _ _ _ _ _ _ _ _ _ _ _ _ _ _ _ _\n\nself = <selenium.webdriver.support.wait.WebDriverWait (session=\"f329c42a9476956e1e5e7e54746ab8d3\")>\nmethod = <function visibility_of_element_located.<locals>._predicate at 0x00000269D99F9A80>\nmessage = ''\n\n    def until(self, method: Callable[[D], Union[Literal[False], T]], message: str = \"\") -> T:\n        \"\"\"Calls the method provided with the driver as an argument until the \\\n        return value does not evaluate to ``False``.\n    \n        :param method: callable(WebDriver)\n        :param message: optional message for :exc:`TimeoutException`\n        :returns: the result of the last call to `method`\n        :raises: :exc:`selenium.common.exceptions.TimeoutException` if timeout occurs\n        \"\"\"\n        screen = None\n        stacktrace = None\n    \n        end_time = time.monotonic() + self._timeout\n        while True:\n            try:\n                value = method(self._driver)\n                if value:\n                    return value\n            except self._ignored_exceptions as exc:\n                screen = getattr(exc, \"screen\", None)\n                stacktrace = getattr(exc, \"stacktrace\", None)\n            time.sleep(self._poll)\n            if time.monotonic() > end_time:\n                break\n>       raise TimeoutException(message, screen, stacktrace)\nE       selenium.common.exceptions.TimeoutException: Message: \nE       Stacktrace:\nE       \tGetHandleVerifier [0x00007FF6A72A5E42+3538674]\nE       \t(No symbol) [0x00007FF6A6EC4C02]\nE       \t(No symbol) [0x00007FF6A6D75AEB]\nE       \t(No symbol) [0x00007FF6A6DBBF4E]\nE       \t(No symbol) [0x00007FF6A6DBC0CC]\nE       \t(No symbol) [0x00007FF6A6DFE477]\nE       \t(No symbol) [0x00007FF6A6DDF0EF]\nE       \t(No symbol) [0x00007FF6A6DFBDE3]\nE       \t(No symbol) [0x00007FF6A6DDEE53]\nE       \t(No symbol) [0x00007FF6A6DAF514]\nE       \t(No symbol) [0x00007FF6A6DB0631]\nE       \tGetHandleVerifier [0x00007FF6A72D6CAD+3738973]\nE       \tGetHandleVerifier [0x00007FF6A732C506+4089270]\nE       \tGetHandleVerifier [0x00007FF6A7324823+4057299]\nE       \tGetHandleVerifier [0x00007FF6A6FF5C49+720121]\nE       \t(No symbol) [0x00007FF6A6ED126F]\nE       \t(No symbol) [0x00007FF6A6ECC304]\nE       \t(No symbol) [0x00007FF6A6ECC432]\nE       \t(No symbol) [0x00007FF6A6EBBD04]\nE       \tBaseThreadInitThunk [0x00007FF8C195257D+29]\nE       \tRtlUserThreadStart [0x00007FF8C218AA58+40]\n\n..\\..\\..\\AppData\\Local\\pypoetry\\Cache\\virtualenvs\\final-project-_bDwe8AE-py3.12\\Lib\\site-packages\\selenium\\webdriver\\support\\wait.py:105: TimeoutException","steps":[{"name":"Upload profile image","time":{"start":1707318581943,"stop":1707318603737,"duration":21794},"status":"broken","statusMessage":"selenium.common.exceptions.TimeoutException: Message: \nStacktrace:\n\tGetHandleVerifier [0x00007FF6A72A5E42+3538674]\n\t(No symbol) [0x00007FF6A6EC4C02]\n\t(No symbol) [0x00007FF6A6D75AEB]\n\t(No symbol) [0x00007FF6A6DBBF4E]\n\t(No symbol) [0x00007FF6A6DBC0CC]\n\t(No symbol) [0x00007FF6A6DFE477]\n\t(No symbol) [0x00007FF6A6DDF0EF]\n\t(No symbol) [0x00007FF6A6DFBDE3]\n\t(No symbol) [0x00007FF6A6DDEE53]\n\t(No symbol) [0x00007FF6A6DAF514]\n\t(No symbol) [0x00007FF6A6DB0631]\n\tGetHandleVerifier [0x00007FF6A72D6CAD+3738973]\n\tGetHandleVerifier [0x00007FF6A732C506+4089270]\n\tGetHandleVerifier [0x00007FF6A7324823+4057299]\n\tGetHandleVerifier [0x00007FF6A6FF5C49+720121]\n\t(No symbol) [0x00007FF6A6ED126F]\n\t(No symbol) [0x00007FF6A6ECC304]\n\t(No symbol) [0x00007FF6A6ECC432]\n\t(No symbol) [0x00007FF6A6EBBD04]\n\tBaseThreadInitThunk [0x00007FF8C195257D+29]\n\tRtlUserThreadStart [0x00007FF8C218AA58+40]\n\n","statusTrace":"  File \"C:\\Users\\sabro\\.jenkins\\workspace\\Final Project\\tests\\test_upload_profile_image.py\", line 60, in test_upload_image\n    us.upload_image(width, height)\n  File \"C:\\Users\\sabro\\.jenkins\\workspace\\Final Project\\final_project\\steps\\UploadProfileImageSteps.py\", line 20, in upload_image\n    self.wait_for(pdp.IMAGE_INPUT).send_keys(path)\n    ^^^^^^^^^^^^^^^^^^^^^^^^^^^^^^\n  File \"C:\\Users\\sabro\\.jenkins\\workspace\\Final Project\\final_project\\steps\\common_actions.py\", line 14, in wait_for\n    return self._wait.until(ec.visibility_of_element_located(locator))\n           ^^^^^^^^^^^^^^^^^^^^^^^^^^^^^^^^^^^^^^^^^^^^^^^^^^^^^^^^^^^\n  File \"C:\\Users\\sabro\\AppData\\Local\\pypoetry\\Cache\\virtualenvs\\final-project-_bDwe8AE-py3.12\\Lib\\site-packages\\selenium\\webdriver\\support\\wait.py\", line 105, in until\n    raise TimeoutException(message, screen, stacktrace)\n","steps":[],"attachments":[],"parameters":[],"stepsCount":0,"attachmentStep":false,"shouldDisplayMessage":true,"attachmentsCount":0,"hasContent":true}],"attachments":[],"parameters":[],"stepsCount":1,"attachmentStep":false,"shouldDisplayMessage":true,"attachmentsCount":0,"hasContent":true},"afterStages":[{"name":"driver_undetected::0","time":{"start":1707318603751,"stop":1707318606091,"duration":2340},"status":"passed","steps":[],"attachments":[],"parameters":[],"stepsCount":0,"attachmentStep":false,"shouldDisplayMessage":false,"attachmentsCount":0,"hasContent":false}],"labels":[{"name":"feature","value":"Additional Test Cases"},{"name":"parentSuite","value":"tests"},{"name":"suite","value":"test_upload_profile_image"},{"name":"subSuite","value":"TestUploadProfileImage"},{"name":"host","value":"Alice"},{"name":"thread","value":"7372-MainThread"},{"name":"framework","value":"pytest"},{"name":"language","value":"cpython3"},{"name":"package","value":"tests.test_upload_profile_image"},{"name":"resultFormat","value":"allure2"}],"parameters":[{"name":"expected","value":"'Successfully uploaded'"},{"name":"height","value":"'600'"},{"name":"width","value":"'600'"}],"links":[],"hidden":false,"retry":false,"extra":{"severity":"normal","retries":[],"categories":[{"name":"Test defects","matchedStatuses":[],"flaky":false}],"history":{"statistic":{"failed":0,"broken":7,"skipped":0,"passed":0,"unknown":0,"total":7},"items":[{"uid":"74290e58b0ca231f","reportUrl":"http://localhost:8080/job/Final%20Project/7/allure/#testresult/74290e58b0ca231f","status":"broken","statusDetails":"selenium.common.exceptions.TimeoutException: Message: \nStacktrace:\n\tGetHandleVerifier [0x00007FF75D315E42+3538674]\n\t(No symbol) [0x00007FF75CF34C02]\n\t(No symbol) [0x00007FF75CDE5AEB]\n\t(No symbol) [0x00007FF75CE2BF4E]\n\t(No symbol) [0x00007FF75CE2C0CC]\n\t(No symbol) [0x00007FF75CE6E477]\n\t(No symbol) [0x00007FF75CE4F0EF]\n\t(No symbol) [0x00007FF75CE6BDE3]\n\t(No symbol) [0x00007FF75CE4EE53]\n\t(No symbol) [0x00007FF75CE1F514]\n\t(No symbol) [0x00007FF75CE20631]\n\tGetHandleVerifier [0x00007FF75D346CAD+3738973]\n\tGetHandleVerifier [0x00007FF75D39C506+4089270]\n\tGetHandleVerifier [0x00007FF75D394823+4057299]\n\tGetHandleVerifier [0x00007FF75D065C49+720121]\n\t(No symbol) [0x00007FF75CF4126F]\n\t(No symbol) [0x00007FF75CF3C304]\n\t(No symbol) [0x00007FF75CF3C432]\n\t(No symbol) [0x00007FF75CF2BD04]\n\tBaseThreadInitThunk [0x00007FF9ED9E257D+29]\n\tRtlUserThreadStart [0x00007FF9EF24AA58+40]","time":{"start":1707315476905,"stop":1707315498265,"duration":21360}},{"uid":"bed1f81c1dda749","reportUrl":"http://localhost:8080/job/Final%20Project/6/allure/#testresult/bed1f81c1dda749","status":"broken","statusDetails":"selenium.common.exceptions.TimeoutException: Message: \nStacktrace:\n\tGetHandleVerifier [0x00007FF75D315E42+3538674]\n\t(No symbol) [0x00007FF75CF34C02]\n\t(No symbol) [0x00007FF75CDE5AEB]\n\t(No symbol) [0x00007FF75CE2BF4E]\n\t(No symbol) [0x00007FF75CE2C0CC]\n\t(No symbol) [0x00007FF75CE6E477]\n\t(No symbol) [0x00007FF75CE4F0EF]\n\t(No symbol) [0x00007FF75CE6BDE3]\n\t(No symbol) [0x00007FF75CE4EE53]\n\t(No symbol) [0x00007FF75CE1F514]\n\t(No symbol) [0x00007FF75CE20631]\n\tGetHandleVerifier [0x00007FF75D346CAD+3738973]\n\tGetHandleVerifier [0x00007FF75D39C506+4089270]\n\tGetHandleVerifier [0x00007FF75D394823+4057299]\n\tGetHandleVerifier [0x00007FF75D065C49+720121]\n\t(No symbol) [0x00007FF75CF4126F]\n\t(No symbol) [0x00007FF75CF3C304]\n\t(No symbol) [0x00007FF75CF3C432]\n\t(No symbol) [0x00007FF75CF2BD04]\n\tBaseThreadInitThunk [0x00007FF9ED9E257D+29]\n\tRtlUserThreadStart [0x00007FF9EF24AA58+40]","time":{"start":1707309632645,"stop":1707309656652,"duration":24007}},{"uid":"727d05384137c2c3","reportUrl":"http://localhost:8080/job/Final%20Project/5/allure/#testresult/727d05384137c2c3","status":"broken","statusDetails":"selenium.common.exceptions.TimeoutException: Message: \nStacktrace:\n\tGetHandleVerifier [0x00007FF75D315E42+3538674]\n\t(No symbol) [0x00007FF75CF34C02]\n\t(No symbol) [0x00007FF75CDE5AEB]\n\t(No symbol) [0x00007FF75CE2BF4E]\n\t(No symbol) [0x00007FF75CE2C0CC]\n\t(No symbol) [0x00007FF75CE6E477]\n\t(No symbol) [0x00007FF75CE4F0EF]\n\t(No symbol) [0x00007FF75CE6BDE3]\n\t(No symbol) [0x00007FF75CE4EE53]\n\t(No symbol) [0x00007FF75CE1F514]\n\t(No symbol) [0x00007FF75CE20631]\n\tGetHandleVerifier [0x00007FF75D346CAD+3738973]\n\tGetHandleVerifier [0x00007FF75D39C506+4089270]\n\tGetHandleVerifier [0x00007FF75D394823+4057299]\n\tGetHandleVerifier [0x00007FF75D065C49+720121]\n\t(No symbol) [0x00007FF75CF4126F]\n\t(No symbol) [0x00007FF75CF3C304]\n\t(No symbol) [0x00007FF75CF3C432]\n\t(No symbol) [0x00007FF75CF2BD04]\n\tBaseThreadInitThunk [0x00007FF9ED9E257D+29]\n\tRtlUserThreadStart [0x00007FF9EF24AA58+40]","time":{"start":1707307881651,"stop":1707307905235,"duration":23584}},{"uid":"8b8a48d7e624b9d8","reportUrl":"http://localhost:8080/job/Final%20Project/4/allure/#testresult/8b8a48d7e624b9d8","status":"broken","statusDetails":"selenium.common.exceptions.TimeoutException: Message: \nStacktrace:\n\tGetHandleVerifier [0x00007FF75D315E42+3538674]\n\t(No symbol) [0x00007FF75CF34C02]\n\t(No symbol) [0x00007FF75CDE5AEB]\n\t(No symbol) [0x00007FF75CE2BF4E]\n\t(No symbol) [0x00007FF75CE2C0CC]\n\t(No symbol) [0x00007FF75CE6E477]\n\t(No symbol) [0x00007FF75CE4F0EF]\n\t(No symbol) [0x00007FF75CE6BDE3]\n\t(No symbol) [0x00007FF75CE4EE53]\n\t(No symbol) [0x00007FF75CE1F514]\n\t(No symbol) [0x00007FF75CE20631]\n\tGetHandleVerifier [0x00007FF75D346CAD+3738973]\n\tGetHandleVerifier [0x00007FF75D39C506+4089270]\n\tGetHandleVerifier [0x00007FF75D394823+4057299]\n\tGetHandleVerifier [0x00007FF75D065C49+720121]\n\t(No symbol) [0x00007FF75CF4126F]\n\t(No symbol) [0x00007FF75CF3C304]\n\t(No symbol) [0x00007FF75CF3C432]\n\t(No symbol) [0x00007FF75CF2BD04]\n\tBaseThreadInitThunk [0x00007FF9ED9E257D+29]\n\tRtlUserThreadStart [0x00007FF9EF24AA58+40]","time":{"start":1707293082771,"stop":1707293106339,"duration":23568}},{"uid":"2b59e8c4200082d1","reportUrl":"http://localhost:8080/job/Final%20Project/3/allure/#testresult/2b59e8c4200082d1","status":"broken","statusDetails":"selenium.common.exceptions.TimeoutException: Message: \nStacktrace:\n\tGetHandleVerifier [0x00007FF75D315E42+3538674]\n\t(No symbol) [0x00007FF75CF34C02]\n\t(No symbol) [0x00007FF75CDE5AEB]\n\t(No symbol) [0x00007FF75CE2BF4E]\n\t(No symbol) [0x00007FF75CE2C0CC]\n\t(No symbol) [0x00007FF75CE6E477]\n\t(No symbol) [0x00007FF75CE4F0EF]\n\t(No symbol) [0x00007FF75CE6BDE3]\n\t(No symbol) [0x00007FF75CE4EE53]\n\t(No symbol) [0x00007FF75CE1F514]\n\t(No symbol) [0x00007FF75CE20631]\n\tGetHandleVerifier [0x00007FF75D346CAD+3738973]\n\tGetHandleVerifier [0x00007FF75D39C506+4089270]\n\tGetHandleVerifier [0x00007FF75D394823+4057299]\n\tGetHandleVerifier [0x00007FF75D065C49+720121]\n\t(No symbol) [0x00007FF75CF4126F]\n\t(No symbol) [0x00007FF75CF3C304]\n\t(No symbol) [0x00007FF75CF3C432]\n\t(No symbol) [0x00007FF75CF2BD04]\n\tBaseThreadInitThunk [0x00007FF9ED9E257D+29]\n\tRtlUserThreadStart [0x00007FF9EF24AA58+40]","time":{"start":1707293082771,"stop":1707293106339,"duration":23568}},{"uid":"a50ff0c76bbeec9e","reportUrl":"http://localhost:8080/job/Final%20Project/2/allure/#testresult/a50ff0c76bbeec9e","status":"broken","statusDetails":"selenium.common.exceptions.TimeoutException: Message: \nStacktrace:\n\tGetHandleVerifier [0x00007FF75D315E42+3538674]\n\t(No symbol) [0x00007FF75CF34C02]\n\t(No symbol) [0x00007FF75CDE5AEB]\n\t(No symbol) [0x00007FF75CE2BF4E]\n\t(No symbol) [0x00007FF75CE2C0CC]\n\t(No symbol) [0x00007FF75CE6E477]\n\t(No symbol) [0x00007FF75CE4F0EF]\n\t(No symbol) [0x00007FF75CE6BDE3]\n\t(No symbol) [0x00007FF75CE4EE53]\n\t(No symbol) [0x00007FF75CE1F514]\n\t(No symbol) [0x00007FF75CE20631]\n\tGetHandleVerifier [0x00007FF75D346CAD+3738973]\n\tGetHandleVerifier [0x00007FF75D39C506+4089270]\n\tGetHandleVerifier [0x00007FF75D394823+4057299]\n\tGetHandleVerifier [0x00007FF75D065C49+720121]\n\t(No symbol) [0x00007FF75CF4126F]\n\t(No symbol) [0x00007FF75CF3C304]\n\t(No symbol) [0x00007FF75CF3C432]\n\t(No symbol) [0x00007FF75CF2BD04]\n\tBaseThreadInitThunk [0x00007FF9ED9E257D+29]\n\tRtlUserThreadStart [0x00007FF9EF24AA58+40]","time":{"start":1707291680772,"stop":1707291702985,"duration":22213}}]},"tags":[]},"source":"81d3f3367909d614.json","parameterValues":["'Successfully uploaded'","'600'","'600'"]}