{"uid":"81e94288f4262a34","name":"Sign In with Password: ","fullName":"tests.test_sign_in.TestSignIn#test_password_validation","historyId":"af031ac3c820f0fba8e4067b722e59f1","time":{"start":1707318228478,"stop":1707318249536,"duration":21058},"description":"This test checks if password is correct for given account","descriptionHtml":"<p>This test checks if password is correct for given account</p>\n","status":"broken","statusMessage":"selenium.common.exceptions.TimeoutException: Message: \nStacktrace:\n\tGetHandleVerifier [0x006C1673+52979]\n\t(No symbol) [0x00647961]\n\t(No symbol) [0x0052DD3D]\n\t(No symbol) [0x00565FBB]\n\t(No symbol) [0x005660FB]\n\t(No symbol) [0x0059CF92]\n\t(No symbol) [0x00584534]\n\t(No symbol) [0x0059B3FE]\n\t(No symbol) [0x00584286]\n\t(No symbol) [0x0055C063]\n\t(No symbol) [0x0055CECD]\n\tGetHandleVerifier [0x009D8D83+3294723]\n\tGetHandleVerifier [0x00A16CC2+3548482]\n\tGetHandleVerifier [0x00A11C9C+3527964]\n\tGetHandleVerifier [0x0075870E+671630]\n\t(No symbol) [0x00651EB4]\n\t(No symbol) [0x0064D808]\n\t(No symbol) [0x0064D92D]\n\t(No symbol) [0x0063F7E0]\n\tBaseThreadInitThunk [0x76EF7BA9+25]\n\tRtlInitializeExceptionChain [0x779CBD2B+107]\n\tRtlClearBits [0x779CBCAF+191]","statusTrace":"self = <tests.test_sign_in.TestSignIn object at 0x00000269D97B77A0>\ndriver = <selenium.webdriver.chrome.webdriver.WebDriver (session=\"28306e4c7ad02576fb48f606e482f87d\")>\npassword = '', expected = 'Please enter your Booking.com password'\n\n    @pytest.mark.parametrize('password, expected', AccountData.sign_in_password_data)\n    @allure.title(report_text_sheet.get_value('sign_in_password_validation_title') + ': {password}')\n    @allure.description(report_text_sheet.get_value('sign_in_password_validation_desc'))\n    def test_password_validation(self, driver, password, expected):\n        rs = SignInSteps(driver)\n        with allure.step(report_text_sheet.get_value('fill_password')):\n>           rs.fill_password(password)\n\ntests\\test_sign_in.py:39: \n_ _ _ _ _ _ _ _ _ _ _ _ _ _ _ _ _ _ _ _ _ _ _ _ _ _ _ _ _ _ _ _ _ _ _ _ _ _ _ _\nfinal_project\\steps\\SignInSteps.py:40: in fill_password\n    elem = self.wait_for(sp.PASSWORD)\nfinal_project\\steps\\common_actions.py:14: in wait_for\n    return self._wait.until(ec.visibility_of_element_located(locator))\n_ _ _ _ _ _ _ _ _ _ _ _ _ _ _ _ _ _ _ _ _ _ _ _ _ _ _ _ _ _ _ _ _ _ _ _ _ _ _ _\n\nself = <selenium.webdriver.support.wait.WebDriverWait (session=\"28306e4c7ad02576fb48f606e482f87d\")>\nmethod = <function visibility_of_element_located.<locals>._predicate at 0x00000269D9984680>\nmessage = ''\n\n    def until(self, method: Callable[[D], Union[Literal[False], T]], message: str = \"\") -> T:\n        \"\"\"Calls the method provided with the driver as an argument until the \\\n        return value does not evaluate to ``False``.\n    \n        :param method: callable(WebDriver)\n        :param message: optional message for :exc:`TimeoutException`\n        :returns: the result of the last call to `method`\n        :raises: :exc:`selenium.common.exceptions.TimeoutException` if timeout occurs\n        \"\"\"\n        screen = None\n        stacktrace = None\n    \n        end_time = time.monotonic() + self._timeout\n        while True:\n            try:\n                value = method(self._driver)\n                if value:\n                    return value\n            except self._ignored_exceptions as exc:\n                screen = getattr(exc, \"screen\", None)\n                stacktrace = getattr(exc, \"stacktrace\", None)\n            time.sleep(self._poll)\n            if time.monotonic() > end_time:\n                break\n>       raise TimeoutException(message, screen, stacktrace)\nE       selenium.common.exceptions.TimeoutException: Message: \nE       Stacktrace:\nE       \tGetHandleVerifier [0x006C1673+52979]\nE       \t(No symbol) [0x00647961]\nE       \t(No symbol) [0x0052DD3D]\nE       \t(No symbol) [0x00565FBB]\nE       \t(No symbol) [0x005660FB]\nE       \t(No symbol) [0x0059CF92]\nE       \t(No symbol) [0x00584534]\nE       \t(No symbol) [0x0059B3FE]\nE       \t(No symbol) [0x00584286]\nE       \t(No symbol) [0x0055C063]\nE       \t(No symbol) [0x0055CECD]\nE       \tGetHandleVerifier [0x009D8D83+3294723]\nE       \tGetHandleVerifier [0x00A16CC2+3548482]\nE       \tGetHandleVerifier [0x00A11C9C+3527964]\nE       \tGetHandleVerifier [0x0075870E+671630]\nE       \t(No symbol) [0x00651EB4]\nE       \t(No symbol) [0x0064D808]\nE       \t(No symbol) [0x0064D92D]\nE       \t(No symbol) [0x0063F7E0]\nE       \tBaseThreadInitThunk [0x76EF7BA9+25]\nE       \tRtlInitializeExceptionChain [0x779CBD2B+107]\nE       \tRtlClearBits [0x779CBCAF+191]\n\n..\\..\\..\\AppData\\Local\\pypoetry\\Cache\\virtualenvs\\final-project-_bDwe8AE-py3.12\\Lib\\site-packages\\selenium\\webdriver\\support\\wait.py:105: TimeoutException","flaky":false,"newFailed":false,"newBroken":false,"newPassed":false,"retriesCount":0,"retriesStatusChange":false,"beforeStages":[{"name":"_session_faker","time":{"start":1707316929040,"stop":1707316929085,"duration":45},"status":"passed","steps":[],"attachments":[],"parameters":[],"stepsCount":0,"attachmentStep":false,"shouldDisplayMessage":false,"attachmentsCount":0,"hasContent":false},{"name":"driver","time":{"start":1707317104061,"stop":1707317107700,"duration":3639},"status":"passed","steps":[],"attachments":[],"parameters":[],"stepsCount":0,"attachmentStep":false,"shouldDisplayMessage":false,"attachmentsCount":0,"hasContent":false}],"testStage":{"description":"This test checks if password is correct for given account","status":"broken","statusMessage":"selenium.common.exceptions.TimeoutException: Message: \nStacktrace:\n\tGetHandleVerifier [0x006C1673+52979]\n\t(No symbol) [0x00647961]\n\t(No symbol) [0x0052DD3D]\n\t(No symbol) [0x00565FBB]\n\t(No symbol) [0x005660FB]\n\t(No symbol) [0x0059CF92]\n\t(No symbol) [0x00584534]\n\t(No symbol) [0x0059B3FE]\n\t(No symbol) [0x00584286]\n\t(No symbol) [0x0055C063]\n\t(No symbol) [0x0055CECD]\n\tGetHandleVerifier [0x009D8D83+3294723]\n\tGetHandleVerifier [0x00A16CC2+3548482]\n\tGetHandleVerifier [0x00A11C9C+3527964]\n\tGetHandleVerifier [0x0075870E+671630]\n\t(No symbol) [0x00651EB4]\n\t(No symbol) [0x0064D808]\n\t(No symbol) [0x0064D92D]\n\t(No symbol) [0x0063F7E0]\n\tBaseThreadInitThunk [0x76EF7BA9+25]\n\tRtlInitializeExceptionChain [0x779CBD2B+107]\n\tRtlClearBits [0x779CBCAF+191]","statusTrace":"self = <tests.test_sign_in.TestSignIn object at 0x00000269D97B77A0>\ndriver = <selenium.webdriver.chrome.webdriver.WebDriver (session=\"28306e4c7ad02576fb48f606e482f87d\")>\npassword = '', expected = 'Please enter your Booking.com password'\n\n    @pytest.mark.parametrize('password, expected', AccountData.sign_in_password_data)\n    @allure.title(report_text_sheet.get_value('sign_in_password_validation_title') + ': {password}')\n    @allure.description(report_text_sheet.get_value('sign_in_password_validation_desc'))\n    def test_password_validation(self, driver, password, expected):\n        rs = SignInSteps(driver)\n        with allure.step(report_text_sheet.get_value('fill_password')):\n>           rs.fill_password(password)\n\ntests\\test_sign_in.py:39: \n_ _ _ _ _ _ _ _ _ _ _ _ _ _ _ _ _ _ _ _ _ _ _ _ _ _ _ _ _ _ _ _ _ _ _ _ _ _ _ _\nfinal_project\\steps\\SignInSteps.py:40: in fill_password\n    elem = self.wait_for(sp.PASSWORD)\nfinal_project\\steps\\common_actions.py:14: in wait_for\n    return self._wait.until(ec.visibility_of_element_located(locator))\n_ _ _ _ _ _ _ _ _ _ _ _ _ _ _ _ _ _ _ _ _ _ _ _ _ _ _ _ _ _ _ _ _ _ _ _ _ _ _ _\n\nself = <selenium.webdriver.support.wait.WebDriverWait (session=\"28306e4c7ad02576fb48f606e482f87d\")>\nmethod = <function visibility_of_element_located.<locals>._predicate at 0x00000269D9984680>\nmessage = ''\n\n    def until(self, method: Callable[[D], Union[Literal[False], T]], message: str = \"\") -> T:\n        \"\"\"Calls the method provided with the driver as an argument until the \\\n        return value does not evaluate to ``False``.\n    \n        :param method: callable(WebDriver)\n        :param message: optional message for :exc:`TimeoutException`\n        :returns: the result of the last call to `method`\n        :raises: :exc:`selenium.common.exceptions.TimeoutException` if timeout occurs\n        \"\"\"\n        screen = None\n        stacktrace = None\n    \n        end_time = time.monotonic() + self._timeout\n        while True:\n            try:\n                value = method(self._driver)\n                if value:\n                    return value\n            except self._ignored_exceptions as exc:\n                screen = getattr(exc, \"screen\", None)\n                stacktrace = getattr(exc, \"stacktrace\", None)\n            time.sleep(self._poll)\n            if time.monotonic() > end_time:\n                break\n>       raise TimeoutException(message, screen, stacktrace)\nE       selenium.common.exceptions.TimeoutException: Message: \nE       Stacktrace:\nE       \tGetHandleVerifier [0x006C1673+52979]\nE       \t(No symbol) [0x00647961]\nE       \t(No symbol) [0x0052DD3D]\nE       \t(No symbol) [0x00565FBB]\nE       \t(No symbol) [0x005660FB]\nE       \t(No symbol) [0x0059CF92]\nE       \t(No symbol) [0x00584534]\nE       \t(No symbol) [0x0059B3FE]\nE       \t(No symbol) [0x00584286]\nE       \t(No symbol) [0x0055C063]\nE       \t(No symbol) [0x0055CECD]\nE       \tGetHandleVerifier [0x009D8D83+3294723]\nE       \tGetHandleVerifier [0x00A16CC2+3548482]\nE       \tGetHandleVerifier [0x00A11C9C+3527964]\nE       \tGetHandleVerifier [0x0075870E+671630]\nE       \t(No symbol) [0x00651EB4]\nE       \t(No symbol) [0x0064D808]\nE       \t(No symbol) [0x0064D92D]\nE       \t(No symbol) [0x0063F7E0]\nE       \tBaseThreadInitThunk [0x76EF7BA9+25]\nE       \tRtlInitializeExceptionChain [0x779CBD2B+107]\nE       \tRtlClearBits [0x779CBCAF+191]\n\n..\\..\\..\\AppData\\Local\\pypoetry\\Cache\\virtualenvs\\final-project-_bDwe8AE-py3.12\\Lib\\site-packages\\selenium\\webdriver\\support\\wait.py:105: TimeoutException","steps":[{"name":"Fill password input field with account password","time":{"start":1707318228478,"stop":1707318249525,"duration":21047},"status":"broken","statusMessage":"selenium.common.exceptions.TimeoutException: Message: \nStacktrace:\n\tGetHandleVerifier [0x006C1673+52979]\n\t(No symbol) [0x00647961]\n\t(No symbol) [0x0052DD3D]\n\t(No symbol) [0x00565FBB]\n\t(No symbol) [0x005660FB]\n\t(No symbol) [0x0059CF92]\n\t(No symbol) [0x00584534]\n\t(No symbol) [0x0059B3FE]\n\t(No symbol) [0x00584286]\n\t(No symbol) [0x0055C063]\n\t(No symbol) [0x0055CECD]\n\tGetHandleVerifier [0x009D8D83+3294723]\n\tGetHandleVerifier [0x00A16CC2+3548482]\n\tGetHandleVerifier [0x00A11C9C+3527964]\n\tGetHandleVerifier [0x0075870E+671630]\n\t(No symbol) [0x00651EB4]\n\t(No symbol) [0x0064D808]\n\t(No symbol) [0x0064D92D]\n\t(No symbol) [0x0063F7E0]\n\tBaseThreadInitThunk [0x76EF7BA9+25]\n\tRtlInitializeExceptionChain [0x779CBD2B+107]\n\tRtlClearBits [0x779CBCAF+191]\n\n","statusTrace":"  File \"C:\\Users\\sabro\\.jenkins\\workspace\\Final Project\\tests\\test_sign_in.py\", line 39, in test_password_validation\n    rs.fill_password(password)\n  File \"C:\\Users\\sabro\\.jenkins\\workspace\\Final Project\\final_project\\steps\\SignInSteps.py\", line 40, in fill_password\n    elem = self.wait_for(sp.PASSWORD)\n           ^^^^^^^^^^^^^^^^^^^^^^^^^^\n  File \"C:\\Users\\sabro\\.jenkins\\workspace\\Final Project\\final_project\\steps\\common_actions.py\", line 14, in wait_for\n    return self._wait.until(ec.visibility_of_element_located(locator))\n           ^^^^^^^^^^^^^^^^^^^^^^^^^^^^^^^^^^^^^^^^^^^^^^^^^^^^^^^^^^^\n  File \"C:\\Users\\sabro\\AppData\\Local\\pypoetry\\Cache\\virtualenvs\\final-project-_bDwe8AE-py3.12\\Lib\\site-packages\\selenium\\webdriver\\support\\wait.py\", line 105, in until\n    raise TimeoutException(message, screen, stacktrace)\n","steps":[],"attachments":[],"parameters":[],"stepsCount":0,"attachmentStep":false,"shouldDisplayMessage":true,"attachmentsCount":0,"hasContent":true}],"attachments":[{"uid":"1e3f0487df768811","name":"tests_test_sign_in.py__TestSignIn__test_password_validation[-Please enter your Booking.com password]_2024-02-07_20-04-09.png","source":"1e3f0487df768811.png","type":"image/png","size":39682},{"uid":"c3410309e020efe9","name":"source HTML","source":"c3410309e020efe9.html","type":"text/html","size":327093}],"parameters":[],"stepsCount":1,"attachmentStep":false,"shouldDisplayMessage":true,"attachmentsCount":2,"hasContent":true},"afterStages":[{"name":"driver::0","time":{"start":1707318606092,"stop":1707318608211,"duration":2119},"status":"passed","steps":[],"attachments":[],"parameters":[],"stepsCount":0,"attachmentStep":false,"shouldDisplayMessage":false,"attachmentsCount":0,"hasContent":false}],"labels":[{"name":"feature","value":"Additional Test Cases"},{"name":"parentSuite","value":"tests"},{"name":"suite","value":"test_sign_in"},{"name":"subSuite","value":"TestSignIn"},{"name":"host","value":"Alice"},{"name":"thread","value":"7372-MainThread"},{"name":"framework","value":"pytest"},{"name":"language","value":"cpython3"},{"name":"package","value":"tests.test_sign_in"},{"name":"resultFormat","value":"allure2"}],"parameters":[{"name":"expected","value":"'Please enter your Booking.com password'"},{"name":"password","value":"''"}],"links":[],"hidden":false,"retry":false,"extra":{"severity":"normal","retries":[],"categories":[{"name":"Test defects","matchedStatuses":[],"flaky":false}],"history":{"statistic":{"failed":0,"broken":3,"skipped":0,"passed":4,"unknown":0,"total":7},"items":[{"uid":"ac4107e8b9dd2b74","reportUrl":"http://localhost:8080/job/Final%20Project/7/allure/#testresult/ac4107e8b9dd2b74","status":"broken","statusDetails":"selenium.common.exceptions.TimeoutException: Message: \nStacktrace:\n\tGetHandleVerifier [0x006F1673+52979]\n\t(No symbol) [0x00677961]\n\t(No symbol) [0x0055DD3D]\n\t(No symbol) [0x00595FBB]\n\t(No symbol) [0x005960FB]\n\t(No symbol) [0x005CCF92]\n\t(No symbol) [0x005B4534]\n\t(No symbol) [0x005CB3FE]\n\t(No symbol) [0x005B4286]\n\t(No symbol) [0x0058C063]\n\t(No symbol) [0x0058CECD]\n\tGetHandleVerifier [0x00A08D83+3294723]\n\tGetHandleVerifier [0x00A46CC2+3548482]\n\tGetHandleVerifier [0x00A41C9C+3527964]\n\tGetHandleVerifier [0x0078870E+671630]\n\t(No symbol) [0x00681EB4]\n\t(No symbol) [0x0067D808]\n\t(No symbol) [0x0067D92D]\n\t(No symbol) [0x0066F7E0]\n\tBaseThreadInitThunk [0x75D17BA9+25]\n\tRtlInitializeExceptionChain [0x779FBD2B+107]\n\tRtlClearBits [0x779FBCAF+191]","time":{"start":1707315139061,"stop":1707315160168,"duration":21107}},{"uid":"1ddc2b09242b104a","reportUrl":"http://localhost:8080/job/Final%20Project/6/allure/#testresult/1ddc2b09242b104a","status":"passed","time":{"start":1707309320648,"stop":1707309325796,"duration":5148}},{"uid":"bcade299587a278b","reportUrl":"http://localhost:8080/job/Final%20Project/5/allure/#testresult/bcade299587a278b","status":"passed","time":{"start":1707307553020,"stop":1707307558174,"duration":5154}},{"uid":"beb550223aad35a5","reportUrl":"http://localhost:8080/job/Final%20Project/4/allure/#testresult/beb550223aad35a5","status":"passed","time":{"start":1707292954472,"stop":1707292959612,"duration":5140}},{"uid":"b5c6259ad5aff10c","reportUrl":"http://localhost:8080/job/Final%20Project/3/allure/#testresult/b5c6259ad5aff10c","status":"passed","time":{"start":1707292954472,"stop":1707292959612,"duration":5140}},{"uid":"9f088231c061921f","reportUrl":"http://localhost:8080/job/Final%20Project/2/allure/#testresult/9f088231c061921f","status":"broken","statusDetails":"selenium.common.exceptions.TimeoutException: Message: \nStacktrace:\n\tGetHandleVerifier [0x006F1673+52979]\n\t(No symbol) [0x00677961]\n\t(No symbol) [0x0055DD3D]\n\t(No symbol) [0x00595FBB]\n\t(No symbol) [0x005960FB]\n\t(No symbol) [0x005CCF92]\n\t(No symbol) [0x005B4534]\n\t(No symbol) [0x005CB3FE]\n\t(No symbol) [0x005B4286]\n\t(No symbol) [0x0058C063]\n\t(No symbol) [0x0058CECD]\n\tGetHandleVerifier [0x00A08D83+3294723]\n\tGetHandleVerifier [0x00A46CC2+3548482]\n\tGetHandleVerifier [0x00A41C9C+3527964]\n\tGetHandleVerifier [0x0078870E+671630]\n\t(No symbol) [0x00681EB4]\n\t(No symbol) [0x0067D808]\n\t(No symbol) [0x0067D92D]\n\t(No symbol) [0x0066F7E0]\n\tBaseThreadInitThunk [0x75D17BA9+25]\n\tRtlInitializeExceptionChain [0x779FBD2B+107]\n\tRtlClearBits [0x779FBCAF+191]","time":{"start":1707291527251,"stop":1707291548361,"duration":21110}}]},"tags":[]},"source":"81e94288f4262a34.json","parameterValues":["'Please enter your Booking.com password'","''"]}