{"uid":"936365820868304","name":"Sign In with Password: ","fullName":"tests.test_sign_in.TestSignIn#test_password_validation","historyId":"b5eda13b7ca4dff26f13d5d6b3259e88","time":{"start":1707384952550,"stop":1707384973030,"duration":20480},"description":"This test checks if password is correct for given account","descriptionHtml":"<p>This test checks if password is correct for given account</p>\n","status":"broken","statusMessage":"selenium.common.exceptions.TimeoutException: Message: \nStacktrace:\n\tGetHandleVerifier [0x00007FF79D2E5E42+3538674]\n\t(No symbol) [0x00007FF79CF04C02]\n\t(No symbol) [0x00007FF79CDB5AEB]\n\t(No symbol) [0x00007FF79CDFBF4E]\n\t(No symbol) [0x00007FF79CDFC0CC]\n\t(No symbol) [0x00007FF79CE3E477]\n\t(No symbol) [0x00007FF79CE1F0EF]\n\t(No symbol) [0x00007FF79CE3BDE3]\n\t(No symbol) [0x00007FF79CE1EE53]\n\t(No symbol) [0x00007FF79CDEF514]\n\t(No symbol) [0x00007FF79CDF0631]\n\tGetHandleVerifier [0x00007FF79D316CAD+3738973]\n\tGetHandleVerifier [0x00007FF79D36C506+4089270]\n\tGetHandleVerifier [0x00007FF79D364823+4057299]\n\tGetHandleVerifier [0x00007FF79D035C49+720121]\n\t(No symbol) [0x00007FF79CF1126F]\n\t(No symbol) [0x00007FF79CF0C304]\n\t(No symbol) [0x00007FF79CF0C432]\n\t(No symbol) [0x00007FF79CEFBD04]\n\tBaseThreadInitThunk [0x00007FFB4B05257D+29]\n\tRtlUserThreadStart [0x00007FFB4C9EAA58+40]","statusTrace":"self = <tests.test_sign_in.TestSignIn object at 0x000001D985500050>\ndriver_undetected = <seleniumbase.undetected.Chrome (session=\"75232e37136c608c1883185896b3e2ec\")>\npassword = '', expected = 'enter your Booking.com password'\n\n    @pytest.mark.parametrize('password, expected', AccountData.sign_in_password_data)\n    @allure.title(report_text_sheet.get_value('sign_in_password_validation_title') + ': {password}')\n    @allure.description(report_text_sheet.get_value('sign_in_password_validation_desc'))\n    def test_password_validation(self, driver_undetected, password, expected):\n        rs = SignInSteps(driver_undetected)\n        with allure.step(report_text_sheet.get_value('fill_password')):\n>           rs.fill_password(password)\n\ntests\\test_sign_in.py:39: \n_ _ _ _ _ _ _ _ _ _ _ _ _ _ _ _ _ _ _ _ _ _ _ _ _ _ _ _ _ _ _ _ _ _ _ _ _ _ _ _\nfinal_project\\steps\\SignInSteps.py:38: in fill_password\n    elem = self.wait_for(sp.PASSWORD)\nfinal_project\\steps\\common_actions.py:14: in wait_for\n    return self._wait.until(ec.visibility_of_element_located(locator))\n_ _ _ _ _ _ _ _ _ _ _ _ _ _ _ _ _ _ _ _ _ _ _ _ _ _ _ _ _ _ _ _ _ _ _ _ _ _ _ _\n\nself = <selenium.webdriver.support.wait.WebDriverWait (session=\"75232e37136c608c1883185896b3e2ec\")>\nmethod = <function visibility_of_element_located.<locals>._predicate at 0x000001D9856DAA20>\nmessage = ''\n\n    def until(self, method: Callable[[D], Union[Literal[False], T]], message: str = \"\") -> T:\n        \"\"\"Calls the method provided with the driver as an argument until the \\\n        return value does not evaluate to ``False``.\n    \n        :param method: callable(WebDriver)\n        :param message: optional message for :exc:`TimeoutException`\n        :returns: the result of the last call to `method`\n        :raises: :exc:`selenium.common.exceptions.TimeoutException` if timeout occurs\n        \"\"\"\n        screen = None\n        stacktrace = None\n    \n        end_time = time.monotonic() + self._timeout\n        while True:\n            try:\n                value = method(self._driver)\n                if value:\n                    return value\n            except self._ignored_exceptions as exc:\n                screen = getattr(exc, \"screen\", None)\n                stacktrace = getattr(exc, \"stacktrace\", None)\n            time.sleep(self._poll)\n            if time.monotonic() > end_time:\n                break\n>       raise TimeoutException(message, screen, stacktrace)\nE       selenium.common.exceptions.TimeoutException: Message: \nE       Stacktrace:\nE       \tGetHandleVerifier [0x00007FF79D2E5E42+3538674]\nE       \t(No symbol) [0x00007FF79CF04C02]\nE       \t(No symbol) [0x00007FF79CDB5AEB]\nE       \t(No symbol) [0x00007FF79CDFBF4E]\nE       \t(No symbol) [0x00007FF79CDFC0CC]\nE       \t(No symbol) [0x00007FF79CE3E477]\nE       \t(No symbol) [0x00007FF79CE1F0EF]\nE       \t(No symbol) [0x00007FF79CE3BDE3]\nE       \t(No symbol) [0x00007FF79CE1EE53]\nE       \t(No symbol) [0x00007FF79CDEF514]\nE       \t(No symbol) [0x00007FF79CDF0631]\nE       \tGetHandleVerifier [0x00007FF79D316CAD+3738973]\nE       \tGetHandleVerifier [0x00007FF79D36C506+4089270]\nE       \tGetHandleVerifier [0x00007FF79D364823+4057299]\nE       \tGetHandleVerifier [0x00007FF79D035C49+720121]\nE       \t(No symbol) [0x00007FF79CF1126F]\nE       \t(No symbol) [0x00007FF79CF0C304]\nE       \t(No symbol) [0x00007FF79CF0C432]\nE       \t(No symbol) [0x00007FF79CEFBD04]\nE       \tBaseThreadInitThunk [0x00007FFB4B05257D+29]\nE       \tRtlUserThreadStart [0x00007FFB4C9EAA58+40]\n\n..\\..\\..\\AppData\\Local\\pypoetry\\Cache\\virtualenvs\\final-project-_bDwe8AE-py3.12\\Lib\\site-packages\\selenium\\webdriver\\support\\wait.py:105: TimeoutException","flaky":false,"newFailed":false,"newBroken":false,"newPassed":false,"retriesCount":0,"retriesStatusChange":false,"beforeStages":[{"name":"_session_faker","time":{"start":1707383607643,"stop":1707383607688,"duration":45},"status":"passed","steps":[],"attachments":[],"parameters":[],"hasContent":false,"stepsCount":0,"attachmentStep":false,"attachmentsCount":0,"shouldDisplayMessage":false},{"name":"driver_undetected","time":{"start":1707383607688,"stop":1707383609643,"duration":1955},"status":"passed","steps":[],"attachments":[],"parameters":[],"hasContent":false,"stepsCount":0,"attachmentStep":false,"attachmentsCount":0,"shouldDisplayMessage":false}],"testStage":{"description":"This test checks if password is correct for given account","status":"broken","statusMessage":"selenium.common.exceptions.TimeoutException: Message: \nStacktrace:\n\tGetHandleVerifier [0x00007FF79D2E5E42+3538674]\n\t(No symbol) [0x00007FF79CF04C02]\n\t(No symbol) [0x00007FF79CDB5AEB]\n\t(No symbol) [0x00007FF79CDFBF4E]\n\t(No symbol) [0x00007FF79CDFC0CC]\n\t(No symbol) [0x00007FF79CE3E477]\n\t(No symbol) [0x00007FF79CE1F0EF]\n\t(No symbol) [0x00007FF79CE3BDE3]\n\t(No symbol) [0x00007FF79CE1EE53]\n\t(No symbol) [0x00007FF79CDEF514]\n\t(No symbol) [0x00007FF79CDF0631]\n\tGetHandleVerifier [0x00007FF79D316CAD+3738973]\n\tGetHandleVerifier [0x00007FF79D36C506+4089270]\n\tGetHandleVerifier [0x00007FF79D364823+4057299]\n\tGetHandleVerifier [0x00007FF79D035C49+720121]\n\t(No symbol) [0x00007FF79CF1126F]\n\t(No symbol) [0x00007FF79CF0C304]\n\t(No symbol) [0x00007FF79CF0C432]\n\t(No symbol) [0x00007FF79CEFBD04]\n\tBaseThreadInitThunk [0x00007FFB4B05257D+29]\n\tRtlUserThreadStart [0x00007FFB4C9EAA58+40]","statusTrace":"self = <tests.test_sign_in.TestSignIn object at 0x000001D985500050>\ndriver_undetected = <seleniumbase.undetected.Chrome (session=\"75232e37136c608c1883185896b3e2ec\")>\npassword = '', expected = 'enter your Booking.com password'\n\n    @pytest.mark.parametrize('password, expected', AccountData.sign_in_password_data)\n    @allure.title(report_text_sheet.get_value('sign_in_password_validation_title') + ': {password}')\n    @allure.description(report_text_sheet.get_value('sign_in_password_validation_desc'))\n    def test_password_validation(self, driver_undetected, password, expected):\n        rs = SignInSteps(driver_undetected)\n        with allure.step(report_text_sheet.get_value('fill_password')):\n>           rs.fill_password(password)\n\ntests\\test_sign_in.py:39: \n_ _ _ _ _ _ _ _ _ _ _ _ _ _ _ _ _ _ _ _ _ _ _ _ _ _ _ _ _ _ _ _ _ _ _ _ _ _ _ _\nfinal_project\\steps\\SignInSteps.py:38: in fill_password\n    elem = self.wait_for(sp.PASSWORD)\nfinal_project\\steps\\common_actions.py:14: in wait_for\n    return self._wait.until(ec.visibility_of_element_located(locator))\n_ _ _ _ _ _ _ _ _ _ _ _ _ _ _ _ _ _ _ _ _ _ _ _ _ _ _ _ _ _ _ _ _ _ _ _ _ _ _ _\n\nself = <selenium.webdriver.support.wait.WebDriverWait (session=\"75232e37136c608c1883185896b3e2ec\")>\nmethod = <function visibility_of_element_located.<locals>._predicate at 0x000001D9856DAA20>\nmessage = ''\n\n    def until(self, method: Callable[[D], Union[Literal[False], T]], message: str = \"\") -> T:\n        \"\"\"Calls the method provided with the driver as an argument until the \\\n        return value does not evaluate to ``False``.\n    \n        :param method: callable(WebDriver)\n        :param message: optional message for :exc:`TimeoutException`\n        :returns: the result of the last call to `method`\n        :raises: :exc:`selenium.common.exceptions.TimeoutException` if timeout occurs\n        \"\"\"\n        screen = None\n        stacktrace = None\n    \n        end_time = time.monotonic() + self._timeout\n        while True:\n            try:\n                value = method(self._driver)\n                if value:\n                    return value\n            except self._ignored_exceptions as exc:\n                screen = getattr(exc, \"screen\", None)\n                stacktrace = getattr(exc, \"stacktrace\", None)\n            time.sleep(self._poll)\n            if time.monotonic() > end_time:\n                break\n>       raise TimeoutException(message, screen, stacktrace)\nE       selenium.common.exceptions.TimeoutException: Message: \nE       Stacktrace:\nE       \tGetHandleVerifier [0x00007FF79D2E5E42+3538674]\nE       \t(No symbol) [0x00007FF79CF04C02]\nE       \t(No symbol) [0x00007FF79CDB5AEB]\nE       \t(No symbol) [0x00007FF79CDFBF4E]\nE       \t(No symbol) [0x00007FF79CDFC0CC]\nE       \t(No symbol) [0x00007FF79CE3E477]\nE       \t(No symbol) [0x00007FF79CE1F0EF]\nE       \t(No symbol) [0x00007FF79CE3BDE3]\nE       \t(No symbol) [0x00007FF79CE1EE53]\nE       \t(No symbol) [0x00007FF79CDEF514]\nE       \t(No symbol) [0x00007FF79CDF0631]\nE       \tGetHandleVerifier [0x00007FF79D316CAD+3738973]\nE       \tGetHandleVerifier [0x00007FF79D36C506+4089270]\nE       \tGetHandleVerifier [0x00007FF79D364823+4057299]\nE       \tGetHandleVerifier [0x00007FF79D035C49+720121]\nE       \t(No symbol) [0x00007FF79CF1126F]\nE       \t(No symbol) [0x00007FF79CF0C304]\nE       \t(No symbol) [0x00007FF79CF0C432]\nE       \t(No symbol) [0x00007FF79CEFBD04]\nE       \tBaseThreadInitThunk [0x00007FFB4B05257D+29]\nE       \tRtlUserThreadStart [0x00007FFB4C9EAA58+40]\n\n..\\..\\..\\AppData\\Local\\pypoetry\\Cache\\virtualenvs\\final-project-_bDwe8AE-py3.12\\Lib\\site-packages\\selenium\\webdriver\\support\\wait.py:105: TimeoutException","steps":[{"name":"Fill password input field with account password","time":{"start":1707384952550,"stop":1707384973028,"duration":20478},"status":"broken","statusMessage":"selenium.common.exceptions.TimeoutException: Message: \nStacktrace:\n\tGetHandleVerifier [0x00007FF79D2E5E42+3538674]\n\t(No symbol) [0x00007FF79CF04C02]\n\t(No symbol) [0x00007FF79CDB5AEB]\n\t(No symbol) [0x00007FF79CDFBF4E]\n\t(No symbol) [0x00007FF79CDFC0CC]\n\t(No symbol) [0x00007FF79CE3E477]\n\t(No symbol) [0x00007FF79CE1F0EF]\n\t(No symbol) [0x00007FF79CE3BDE3]\n\t(No symbol) [0x00007FF79CE1EE53]\n\t(No symbol) [0x00007FF79CDEF514]\n\t(No symbol) [0x00007FF79CDF0631]\n\tGetHandleVerifier [0x00007FF79D316CAD+3738973]\n\tGetHandleVerifier [0x00007FF79D36C506+4089270]\n\tGetHandleVerifier [0x00007FF79D364823+4057299]\n\tGetHandleVerifier [0x00007FF79D035C49+720121]\n\t(No symbol) [0x00007FF79CF1126F]\n\t(No symbol) [0x00007FF79CF0C304]\n\t(No symbol) [0x00007FF79CF0C432]\n\t(No symbol) [0x00007FF79CEFBD04]\n\tBaseThreadInitThunk [0x00007FFB4B05257D+29]\n\tRtlUserThreadStart [0x00007FFB4C9EAA58+40]\n\n","statusTrace":"  File \"C:\\Users\\sabro\\.jenkins\\workspace\\Final Project\\tests\\test_sign_in.py\", line 39, in test_password_validation\n    rs.fill_password(password)\n  File \"C:\\Users\\sabro\\.jenkins\\workspace\\Final Project\\final_project\\steps\\SignInSteps.py\", line 38, in fill_password\n    elem = self.wait_for(sp.PASSWORD)\n           ^^^^^^^^^^^^^^^^^^^^^^^^^^\n  File \"C:\\Users\\sabro\\.jenkins\\workspace\\Final Project\\final_project\\steps\\common_actions.py\", line 14, in wait_for\n    return self._wait.until(ec.visibility_of_element_located(locator))\n           ^^^^^^^^^^^^^^^^^^^^^^^^^^^^^^^^^^^^^^^^^^^^^^^^^^^^^^^^^^^\n  File \"C:\\Users\\sabro\\AppData\\Local\\pypoetry\\Cache\\virtualenvs\\final-project-_bDwe8AE-py3.12\\Lib\\site-packages\\selenium\\webdriver\\support\\wait.py\", line 105, in until\n    raise TimeoutException(message, screen, stacktrace)\n","steps":[],"attachments":[],"parameters":[],"hasContent":true,"stepsCount":0,"attachmentStep":false,"attachmentsCount":0,"shouldDisplayMessage":true}],"attachments":[],"parameters":[],"hasContent":true,"stepsCount":1,"attachmentStep":false,"attachmentsCount":0,"shouldDisplayMessage":true},"afterStages":[{"name":"driver_undetected::0","time":{"start":1707385336647,"stop":1707385338967,"duration":2320},"status":"passed","steps":[],"attachments":[],"parameters":[],"hasContent":false,"stepsCount":0,"attachmentStep":false,"attachmentsCount":0,"shouldDisplayMessage":false}],"labels":[{"name":"feature","value":"Additional Test Cases"},{"name":"parentSuite","value":"tests"},{"name":"suite","value":"test_sign_in"},{"name":"subSuite","value":"TestSignIn"},{"name":"host","value":"Alice"},{"name":"thread","value":"16592-MainThread"},{"name":"framework","value":"pytest"},{"name":"language","value":"cpython3"},{"name":"package","value":"tests.test_sign_in"},{"name":"resultFormat","value":"allure2"}],"parameters":[{"name":"expected","value":"'enter your Booking.com password'"},{"name":"password","value":"''"}],"links":[],"hidden":false,"retry":false,"extra":{"severity":"normal","retries":[],"categories":[{"name":"Test defects","matchedStatuses":[],"flaky":false}],"history":{"statistic":{"failed":0,"broken":4,"skipped":0,"passed":3,"unknown":0,"total":7},"items":[{"uid":"8b12127237f3d7e7","reportUrl":"http://localhost:8080/job/Final%20Project/16/allure/#testresult/8b12127237f3d7e7","status":"broken","statusDetails":"selenium.common.exceptions.TimeoutException: Message: \nStacktrace:\n\tGetHandleVerifier [0x00007FF79D2E5E42+3538674]\n\t(No symbol) [0x00007FF79CF04C02]\n\t(No symbol) [0x00007FF79CDB5AEB]\n\t(No symbol) [0x00007FF79CDFBF4E]\n\t(No symbol) [0x00007FF79CDFC0CC]\n\t(No symbol) [0x00007FF79CE3E477]\n\t(No symbol) [0x00007FF79CE1F0EF]\n\t(No symbol) [0x00007FF79CE3BDE3]\n\t(No symbol) [0x00007FF79CE1EE53]\n\t(No symbol) [0x00007FF79CDEF514]\n\t(No symbol) [0x00007FF79CDF0631]\n\tGetHandleVerifier [0x00007FF79D316CAD+3738973]\n\tGetHandleVerifier [0x00007FF79D36C506+4089270]\n\tGetHandleVerifier [0x00007FF79D364823+4057299]\n\tGetHandleVerifier [0x00007FF79D035C49+720121]\n\t(No symbol) [0x00007FF79CF1126F]\n\t(No symbol) [0x00007FF79CF0C304]\n\t(No symbol) [0x00007FF79CF0C432]\n\t(No symbol) [0x00007FF79CEFBD04]\n\tBaseThreadInitThunk [0x00007FFB4B05257D+29]\n\tRtlUserThreadStart [0x00007FFB4C9EAA58+40]","time":{"start":1707378289041,"stop":1707378309514,"duration":20473}},{"uid":"1489705751c4f558","reportUrl":"http://localhost:8080/job/Final%20Project/15/allure/#testresult/1489705751c4f558","status":"broken","statusDetails":"selenium.common.exceptions.TimeoutException: Message: \nStacktrace:\n\tGetHandleVerifier [0x00007FF79D2E5E42+3538674]\n\t(No symbol) [0x00007FF79CF04C02]\n\t(No symbol) [0x00007FF79CDB5AEB]\n\t(No symbol) [0x00007FF79CDFBF4E]\n\t(No symbol) [0x00007FF79CDFC0CC]\n\t(No symbol) [0x00007FF79CE3E477]\n\t(No symbol) [0x00007FF79CE1F0EF]\n\t(No symbol) [0x00007FF79CE3BDE3]\n\t(No symbol) [0x00007FF79CE1EE53]\n\t(No symbol) [0x00007FF79CDEF514]\n\t(No symbol) [0x00007FF79CDF0631]\n\tGetHandleVerifier [0x00007FF79D316CAD+3738973]\n\tGetHandleVerifier [0x00007FF79D36C506+4089270]\n\tGetHandleVerifier [0x00007FF79D364823+4057299]\n\tGetHandleVerifier [0x00007FF79D035C49+720121]\n\t(No symbol) [0x00007FF79CF1126F]\n\t(No symbol) [0x00007FF79CF0C304]\n\t(No symbol) [0x00007FF79CF0C432]\n\t(No symbol) [0x00007FF79CEFBD04]\n\tBaseThreadInitThunk [0x00007FFB4B05257D+29]\n\tRtlUserThreadStart [0x00007FFB4C9EAA58+40]","time":{"start":1707378289041,"stop":1707378309514,"duration":20473}},{"uid":"454ff3756613da49","reportUrl":"http://localhost:8080/job/Final%20Project/14/allure/#testresult/454ff3756613da49","status":"passed","time":{"start":1707376497882,"stop":1707376509217,"duration":11335}},{"uid":"e9b150c92f169925","reportUrl":"http://localhost:8080/job/Final%20Project/13/allure/#testresult/e9b150c92f169925","status":"passed","time":{"start":1707372765745,"stop":1707372776883,"duration":11138}},{"uid":"719c39bdbe3f580a","reportUrl":"http://localhost:8080/job/Final%20Project/12/allure/#testresult/719c39bdbe3f580a","status":"broken","statusDetails":"selenium.common.exceptions.WebDriverException: Message: disconnected: not connected to DevTools\n  (failed to check if window was closed: disconnected: not connected to DevTools)\n  (Session info: chrome=121.0.6167.160)\nStacktrace:\n\tGetHandleVerifier [0x00007FF79D2E5E42+3538674]\n\t(No symbol) [0x00007FF79CF04C02]\n\t(No symbol) [0x00007FF79CDB5AEB]\n\t(No symbol) [0x00007FF79CDA273F]\n\t(No symbol) [0x00007FF79CDA22B0]\n\t(No symbol) [0x00007FF79CDB7BF1]\n\t(No symbol) [0x00007FF79CE3B437]\n\t(No symbol) [0x00007FF79CE1EE53]\n\t(No symbol) [0x00007FF79CDEF514]\n\t(No symbol) [0x00007FF79CDF0631]\n\tGetHandleVerifier [0x00007FF79D316CAD+3738973]\n\tGetHandleVerifier [0x00007FF79D36C506+4089270]\n\tGetHandleVerifier [0x00007FF79D364823+4057299]\n\tGetHandleVerifier [0x00007FF79D035C49+720121]\n\t(No symbol) [0x00007FF79CF1126F]\n\t(No symbol) [0x00007FF79CF0C304]\n\t(No symbol) [0x00007FF79CF0C432]\n\t(No symbol) [0x00007FF79CEFBD04]\n\tBaseThreadInitThunk [0x00007FFB4B05257D+29]\n\tRtlUserThreadStart [0x00007FFB4C9EAA58+40]","time":{"start":1707370495786,"stop":1707370495788,"duration":2}},{"uid":"7dda243da1a16f1b","reportUrl":"http://localhost:8080/job/Final%20Project/11/allure/#testresult/7dda243da1a16f1b","status":"passed","time":{"start":1707369116520,"stop":1707369127663,"duration":11143}}]},"tags":[]},"source":"936365820868304.json","parameterValues":["'enter your Booking.com password'","''"]}