{"uid":"b5e403d00dbf9895","name":"Set Image Upload Preconditions","fullName":"tests.test_upload_profile_image.TestUploadProfileImage#test_precondition","historyId":"fbf1ead61474450d7ee98a237fada15a","time":{"start":1707385239022,"stop":1707385272787,"duration":33765},"description":"This setup test opens website, logs in account and navigates Profile Image Upload Modal to further test automations","descriptionHtml":"<p>This setup test opens website, logs in account and navigates Profile Image Upload Modal to further test automations</p>\n","status":"broken","statusMessage":"selenium.common.exceptions.TimeoutException: Message: \nStacktrace:\n\tGetHandleVerifier [0x00007FF79D2E5E42+3538674]\n\t(No symbol) [0x00007FF79CF04C02]\n\t(No symbol) [0x00007FF79CDB5AEB]\n\t(No symbol) [0x00007FF79CDFBF4E]\n\t(No symbol) [0x00007FF79CDFC0CC]\n\t(No symbol) [0x00007FF79CE3E477]\n\t(No symbol) [0x00007FF79CE1F0EF]\n\t(No symbol) [0x00007FF79CE3BDE3]\n\t(No symbol) [0x00007FF79CE1EE53]\n\t(No symbol) [0x00007FF79CDEF514]\n\t(No symbol) [0x00007FF79CDF0631]\n\tGetHandleVerifier [0x00007FF79D316CAD+3738973]\n\tGetHandleVerifier [0x00007FF79D36C506+4089270]\n\tGetHandleVerifier [0x00007FF79D364823+4057299]\n\tGetHandleVerifier [0x00007FF79D035C49+720121]\n\t(No symbol) [0x00007FF79CF1126F]\n\t(No symbol) [0x00007FF79CF0C304]\n\t(No symbol) [0x00007FF79CF0C432]\n\t(No symbol) [0x00007FF79CEFBD04]\n\tBaseThreadInitThunk [0x00007FFB4B05257D+29]\n\tRtlUserThreadStart [0x00007FFB4C9EAA58+40]","statusTrace":"self = <tests.test_upload_profile_image.TestUploadProfileImage object at 0x000001D985502BA0>\ndriver_undetected = <seleniumbase.undetected.Chrome (session=\"75232e37136c608c1883185896b3e2ec\")>\nemail = 'sabrorxojaev2@gmail.com', password = 'CorrectPassword1'\n\n    @pytest.mark.parametrize('email, password',\n                             [('sabrorxojaev2@gmail.com', 'CorrectPassword1')])\n    @allure.title(report_text_sheet.get_value('upload_image_preconditions_title'))\n    @allure.description(report_text_sheet.get_value('upload_image_preconditions_desc'))\n    def test_precondition(self, driver_undetected, email, password):\n        rs = SignInSteps(driver_undetected)\n        with allure.step(report_text_sheet.get_value('open_home')):\n            rs.open_page(Urls.HOME_URL)\n        with allure.step(report_text_sheet.get_value('refresh')):\n            rs.driver.refresh()\n        with allure.step(report_text_sheet.get_value('open_sign_in')):\n            rs.open_sign_in()\n        with allure.step(report_text_sheet.get_value('fill_email')):\n            rs.fill_email(email)\n        with allure.step(report_text_sheet.get_value('check_email')):\n            rs.submit_email()\n        with allure.step(report_text_sheet.get_value('fill_password')):\n>           rs.fill_password(password)\n\ntests\\test_upload_profile_image.py:32: \n_ _ _ _ _ _ _ _ _ _ _ _ _ _ _ _ _ _ _ _ _ _ _ _ _ _ _ _ _ _ _ _ _ _ _ _ _ _ _ _\nfinal_project\\steps\\SignInSteps.py:38: in fill_password\n    elem = self.wait_for(sp.PASSWORD)\nfinal_project\\steps\\common_actions.py:14: in wait_for\n    return self._wait.until(ec.visibility_of_element_located(locator))\n_ _ _ _ _ _ _ _ _ _ _ _ _ _ _ _ _ _ _ _ _ _ _ _ _ _ _ _ _ _ _ _ _ _ _ _ _ _ _ _\n\nself = <selenium.webdriver.support.wait.WebDriverWait (session=\"75232e37136c608c1883185896b3e2ec\")>\nmethod = <function visibility_of_element_located.<locals>._predicate at 0x000001D98563F6A0>\nmessage = ''\n\n    def until(self, method: Callable[[D], Union[Literal[False], T]], message: str = \"\") -> T:\n        \"\"\"Calls the method provided with the driver as an argument until the \\\n        return value does not evaluate to ``False``.\n    \n        :param method: callable(WebDriver)\n        :param message: optional message for :exc:`TimeoutException`\n        :returns: the result of the last call to `method`\n        :raises: :exc:`selenium.common.exceptions.TimeoutException` if timeout occurs\n        \"\"\"\n        screen = None\n        stacktrace = None\n    \n        end_time = time.monotonic() + self._timeout\n        while True:\n            try:\n                value = method(self._driver)\n                if value:\n                    return value\n            except self._ignored_exceptions as exc:\n                screen = getattr(exc, \"screen\", None)\n                stacktrace = getattr(exc, \"stacktrace\", None)\n            time.sleep(self._poll)\n            if time.monotonic() > end_time:\n                break\n>       raise TimeoutException(message, screen, stacktrace)\nE       selenium.common.exceptions.TimeoutException: Message: \nE       Stacktrace:\nE       \tGetHandleVerifier [0x00007FF79D2E5E42+3538674]\nE       \t(No symbol) [0x00007FF79CF04C02]\nE       \t(No symbol) [0x00007FF79CDB5AEB]\nE       \t(No symbol) [0x00007FF79CDFBF4E]\nE       \t(No symbol) [0x00007FF79CDFC0CC]\nE       \t(No symbol) [0x00007FF79CE3E477]\nE       \t(No symbol) [0x00007FF79CE1F0EF]\nE       \t(No symbol) [0x00007FF79CE3BDE3]\nE       \t(No symbol) [0x00007FF79CE1EE53]\nE       \t(No symbol) [0x00007FF79CDEF514]\nE       \t(No symbol) [0x00007FF79CDF0631]\nE       \tGetHandleVerifier [0x00007FF79D316CAD+3738973]\nE       \tGetHandleVerifier [0x00007FF79D36C506+4089270]\nE       \tGetHandleVerifier [0x00007FF79D364823+4057299]\nE       \tGetHandleVerifier [0x00007FF79D035C49+720121]\nE       \t(No symbol) [0x00007FF79CF1126F]\nE       \t(No symbol) [0x00007FF79CF0C304]\nE       \t(No symbol) [0x00007FF79CF0C432]\nE       \t(No symbol) [0x00007FF79CEFBD04]\nE       \tBaseThreadInitThunk [0x00007FFB4B05257D+29]\nE       \tRtlUserThreadStart [0x00007FFB4C9EAA58+40]\n\n..\\..\\..\\AppData\\Local\\pypoetry\\Cache\\virtualenvs\\final-project-_bDwe8AE-py3.12\\Lib\\site-packages\\selenium\\webdriver\\support\\wait.py:105: TimeoutException","flaky":false,"newFailed":false,"newBroken":false,"newPassed":false,"retriesCount":0,"retriesStatusChange":false,"beforeStages":[{"name":"_session_faker","time":{"start":1707383607643,"stop":1707383607688,"duration":45},"status":"passed","steps":[],"attachments":[],"parameters":[],"hasContent":false,"stepsCount":0,"attachmentStep":false,"attachmentsCount":0,"shouldDisplayMessage":false},{"name":"driver_undetected","time":{"start":1707383607688,"stop":1707383609643,"duration":1955},"status":"passed","steps":[],"attachments":[],"parameters":[],"hasContent":false,"stepsCount":0,"attachmentStep":false,"attachmentsCount":0,"shouldDisplayMessage":false}],"testStage":{"description":"This setup test opens website, logs in account and navigates Profile Image Upload Modal to further test automations","status":"broken","statusMessage":"selenium.common.exceptions.TimeoutException: Message: \nStacktrace:\n\tGetHandleVerifier [0x00007FF79D2E5E42+3538674]\n\t(No symbol) [0x00007FF79CF04C02]\n\t(No symbol) [0x00007FF79CDB5AEB]\n\t(No symbol) [0x00007FF79CDFBF4E]\n\t(No symbol) [0x00007FF79CDFC0CC]\n\t(No symbol) [0x00007FF79CE3E477]\n\t(No symbol) [0x00007FF79CE1F0EF]\n\t(No symbol) [0x00007FF79CE3BDE3]\n\t(No symbol) [0x00007FF79CE1EE53]\n\t(No symbol) [0x00007FF79CDEF514]\n\t(No symbol) [0x00007FF79CDF0631]\n\tGetHandleVerifier [0x00007FF79D316CAD+3738973]\n\tGetHandleVerifier [0x00007FF79D36C506+4089270]\n\tGetHandleVerifier [0x00007FF79D364823+4057299]\n\tGetHandleVerifier [0x00007FF79D035C49+720121]\n\t(No symbol) [0x00007FF79CF1126F]\n\t(No symbol) [0x00007FF79CF0C304]\n\t(No symbol) [0x00007FF79CF0C432]\n\t(No symbol) [0x00007FF79CEFBD04]\n\tBaseThreadInitThunk [0x00007FFB4B05257D+29]\n\tRtlUserThreadStart [0x00007FFB4C9EAA58+40]","statusTrace":"self = <tests.test_upload_profile_image.TestUploadProfileImage object at 0x000001D985502BA0>\ndriver_undetected = <seleniumbase.undetected.Chrome (session=\"75232e37136c608c1883185896b3e2ec\")>\nemail = 'sabrorxojaev2@gmail.com', password = 'CorrectPassword1'\n\n    @pytest.mark.parametrize('email, password',\n                             [('sabrorxojaev2@gmail.com', 'CorrectPassword1')])\n    @allure.title(report_text_sheet.get_value('upload_image_preconditions_title'))\n    @allure.description(report_text_sheet.get_value('upload_image_preconditions_desc'))\n    def test_precondition(self, driver_undetected, email, password):\n        rs = SignInSteps(driver_undetected)\n        with allure.step(report_text_sheet.get_value('open_home')):\n            rs.open_page(Urls.HOME_URL)\n        with allure.step(report_text_sheet.get_value('refresh')):\n            rs.driver.refresh()\n        with allure.step(report_text_sheet.get_value('open_sign_in')):\n            rs.open_sign_in()\n        with allure.step(report_text_sheet.get_value('fill_email')):\n            rs.fill_email(email)\n        with allure.step(report_text_sheet.get_value('check_email')):\n            rs.submit_email()\n        with allure.step(report_text_sheet.get_value('fill_password')):\n>           rs.fill_password(password)\n\ntests\\test_upload_profile_image.py:32: \n_ _ _ _ _ _ _ _ _ _ _ _ _ _ _ _ _ _ _ _ _ _ _ _ _ _ _ _ _ _ _ _ _ _ _ _ _ _ _ _\nfinal_project\\steps\\SignInSteps.py:38: in fill_password\n    elem = self.wait_for(sp.PASSWORD)\nfinal_project\\steps\\common_actions.py:14: in wait_for\n    return self._wait.until(ec.visibility_of_element_located(locator))\n_ _ _ _ _ _ _ _ _ _ _ _ _ _ _ _ _ _ _ _ _ _ _ _ _ _ _ _ _ _ _ _ _ _ _ _ _ _ _ _\n\nself = <selenium.webdriver.support.wait.WebDriverWait (session=\"75232e37136c608c1883185896b3e2ec\")>\nmethod = <function visibility_of_element_located.<locals>._predicate at 0x000001D98563F6A0>\nmessage = ''\n\n    def until(self, method: Callable[[D], Union[Literal[False], T]], message: str = \"\") -> T:\n        \"\"\"Calls the method provided with the driver as an argument until the \\\n        return value does not evaluate to ``False``.\n    \n        :param method: callable(WebDriver)\n        :param message: optional message for :exc:`TimeoutException`\n        :returns: the result of the last call to `method`\n        :raises: :exc:`selenium.common.exceptions.TimeoutException` if timeout occurs\n        \"\"\"\n        screen = None\n        stacktrace = None\n    \n        end_time = time.monotonic() + self._timeout\n        while True:\n            try:\n                value = method(self._driver)\n                if value:\n                    return value\n            except self._ignored_exceptions as exc:\n                screen = getattr(exc, \"screen\", None)\n                stacktrace = getattr(exc, \"stacktrace\", None)\n            time.sleep(self._poll)\n            if time.monotonic() > end_time:\n                break\n>       raise TimeoutException(message, screen, stacktrace)\nE       selenium.common.exceptions.TimeoutException: Message: \nE       Stacktrace:\nE       \tGetHandleVerifier [0x00007FF79D2E5E42+3538674]\nE       \t(No symbol) [0x00007FF79CF04C02]\nE       \t(No symbol) [0x00007FF79CDB5AEB]\nE       \t(No symbol) [0x00007FF79CDFBF4E]\nE       \t(No symbol) [0x00007FF79CDFC0CC]\nE       \t(No symbol) [0x00007FF79CE3E477]\nE       \t(No symbol) [0x00007FF79CE1F0EF]\nE       \t(No symbol) [0x00007FF79CE3BDE3]\nE       \t(No symbol) [0x00007FF79CE1EE53]\nE       \t(No symbol) [0x00007FF79CDEF514]\nE       \t(No symbol) [0x00007FF79CDF0631]\nE       \tGetHandleVerifier [0x00007FF79D316CAD+3738973]\nE       \tGetHandleVerifier [0x00007FF79D36C506+4089270]\nE       \tGetHandleVerifier [0x00007FF79D364823+4057299]\nE       \tGetHandleVerifier [0x00007FF79D035C49+720121]\nE       \t(No symbol) [0x00007FF79CF1126F]\nE       \t(No symbol) [0x00007FF79CF0C304]\nE       \t(No symbol) [0x00007FF79CF0C432]\nE       \t(No symbol) [0x00007FF79CEFBD04]\nE       \tBaseThreadInitThunk [0x00007FFB4B05257D+29]\nE       \tRtlUserThreadStart [0x00007FFB4C9EAA58+40]\n\n..\\..\\..\\AppData\\Local\\pypoetry\\Cache\\virtualenvs\\final-project-_bDwe8AE-py3.12\\Lib\\site-packages\\selenium\\webdriver\\support\\wait.py:105: TimeoutException","steps":[{"name":"Open Booking.com home page","time":{"start":1707385239022,"stop":1707385243271,"duration":4249},"status":"passed","steps":[],"attachments":[],"parameters":[],"hasContent":false,"stepsCount":0,"attachmentStep":false,"attachmentsCount":0,"shouldDisplayMessage":false},{"name":"Refresh browser","time":{"start":1707385243271,"stop":1707385244661,"duration":1390},"status":"passed","steps":[],"attachments":[],"parameters":[],"hasContent":false,"stepsCount":0,"attachmentStep":false,"attachmentsCount":0,"shouldDisplayMessage":false},{"name":"Navigate to Sign In Page","time":{"start":1707385244661,"stop":1707385247194,"duration":2533},"status":"passed","steps":[],"attachments":[],"parameters":[],"hasContent":false,"stepsCount":0,"attachmentStep":false,"attachmentsCount":0,"shouldDisplayMessage":false},{"name":"Fill email input field","time":{"start":1707385247194,"stop":1707385249383,"duration":2189},"status":"passed","steps":[],"attachments":[],"parameters":[],"hasContent":false,"stepsCount":0,"attachmentStep":false,"attachmentsCount":0,"shouldDisplayMessage":false},{"name":"Check if entered email is valid","time":{"start":1707385249383,"stop":1707385252422,"duration":3039},"status":"passed","steps":[],"attachments":[],"parameters":[],"hasContent":false,"stepsCount":0,"attachmentStep":false,"attachmentsCount":0,"shouldDisplayMessage":false},{"name":"Fill password input field with account password","time":{"start":1707385252422,"stop":1707385272785,"duration":20363},"status":"broken","statusMessage":"selenium.common.exceptions.TimeoutException: Message: \nStacktrace:\n\tGetHandleVerifier [0x00007FF79D2E5E42+3538674]\n\t(No symbol) [0x00007FF79CF04C02]\n\t(No symbol) [0x00007FF79CDB5AEB]\n\t(No symbol) [0x00007FF79CDFBF4E]\n\t(No symbol) [0x00007FF79CDFC0CC]\n\t(No symbol) [0x00007FF79CE3E477]\n\t(No symbol) [0x00007FF79CE1F0EF]\n\t(No symbol) [0x00007FF79CE3BDE3]\n\t(No symbol) [0x00007FF79CE1EE53]\n\t(No symbol) [0x00007FF79CDEF514]\n\t(No symbol) [0x00007FF79CDF0631]\n\tGetHandleVerifier [0x00007FF79D316CAD+3738973]\n\tGetHandleVerifier [0x00007FF79D36C506+4089270]\n\tGetHandleVerifier [0x00007FF79D364823+4057299]\n\tGetHandleVerifier [0x00007FF79D035C49+720121]\n\t(No symbol) [0x00007FF79CF1126F]\n\t(No symbol) [0x00007FF79CF0C304]\n\t(No symbol) [0x00007FF79CF0C432]\n\t(No symbol) [0x00007FF79CEFBD04]\n\tBaseThreadInitThunk [0x00007FFB4B05257D+29]\n\tRtlUserThreadStart [0x00007FFB4C9EAA58+40]\n\n","statusTrace":"  File \"C:\\Users\\sabro\\.jenkins\\workspace\\Final Project\\tests\\test_upload_profile_image.py\", line 32, in test_precondition\n    rs.fill_password(password)\n  File \"C:\\Users\\sabro\\.jenkins\\workspace\\Final Project\\final_project\\steps\\SignInSteps.py\", line 38, in fill_password\n    elem = self.wait_for(sp.PASSWORD)\n           ^^^^^^^^^^^^^^^^^^^^^^^^^^\n  File \"C:\\Users\\sabro\\.jenkins\\workspace\\Final Project\\final_project\\steps\\common_actions.py\", line 14, in wait_for\n    return self._wait.until(ec.visibility_of_element_located(locator))\n           ^^^^^^^^^^^^^^^^^^^^^^^^^^^^^^^^^^^^^^^^^^^^^^^^^^^^^^^^^^^\n  File \"C:\\Users\\sabro\\AppData\\Local\\pypoetry\\Cache\\virtualenvs\\final-project-_bDwe8AE-py3.12\\Lib\\site-packages\\selenium\\webdriver\\support\\wait.py\", line 105, in until\n    raise TimeoutException(message, screen, stacktrace)\n","steps":[],"attachments":[],"parameters":[],"hasContent":true,"stepsCount":0,"attachmentStep":false,"attachmentsCount":0,"shouldDisplayMessage":true}],"attachments":[],"parameters":[],"hasContent":true,"stepsCount":6,"attachmentStep":false,"attachmentsCount":0,"shouldDisplayMessage":true},"afterStages":[{"name":"driver_undetected::0","time":{"start":1707385336647,"stop":1707385338967,"duration":2320},"status":"passed","steps":[],"attachments":[],"parameters":[],"hasContent":false,"stepsCount":0,"attachmentStep":false,"attachmentsCount":0,"shouldDisplayMessage":false}],"labels":[{"name":"feature","value":"Additional Test Cases"},{"name":"parentSuite","value":"tests"},{"name":"suite","value":"test_upload_profile_image"},{"name":"subSuite","value":"TestUploadProfileImage"},{"name":"host","value":"Alice"},{"name":"thread","value":"16592-MainThread"},{"name":"framework","value":"pytest"},{"name":"language","value":"cpython3"},{"name":"package","value":"tests.test_upload_profile_image"},{"name":"resultFormat","value":"allure2"}],"parameters":[{"name":"email","value":"'sabrorxojaev2@gmail.com'"},{"name":"password","value":"'CorrectPassword1'"}],"links":[],"hidden":false,"retry":false,"extra":{"severity":"normal","retries":[],"categories":[{"name":"Test defects","matchedStatuses":[],"flaky":false}],"history":{"statistic":{"failed":0,"broken":16,"skipped":0,"passed":0,"unknown":0,"total":16},"items":[{"uid":"307b78f8d1e01b7c","reportUrl":"http://localhost:8080/job/Final%20Project/16/allure/#testresult/307b78f8d1e01b7c","status":"broken","statusDetails":"selenium.common.exceptions.TimeoutException: Message: \nStacktrace:\n\tGetHandleVerifier [0x00007FF79D2E5E42+3538674]\n\t(No symbol) [0x00007FF79CF04C02]\n\t(No symbol) [0x00007FF79CDB5AEB]\n\t(No symbol) [0x00007FF79CDFBF4E]\n\t(No symbol) [0x00007FF79CDFC0CC]\n\t(No symbol) [0x00007FF79CE3E477]\n\t(No symbol) [0x00007FF79CE1F0EF]\n\t(No symbol) [0x00007FF79CE3BDE3]\n\t(No symbol) [0x00007FF79CE1EE53]\n\t(No symbol) [0x00007FF79CDEF514]\n\t(No symbol) [0x00007FF79CDF0631]\n\tGetHandleVerifier [0x00007FF79D316CAD+3738973]\n\tGetHandleVerifier [0x00007FF79D36C506+4089270]\n\tGetHandleVerifier [0x00007FF79D364823+4057299]\n\tGetHandleVerifier [0x00007FF79D035C49+720121]\n\t(No symbol) [0x00007FF79CF1126F]\n\t(No symbol) [0x00007FF79CF0C304]\n\t(No symbol) [0x00007FF79CF0C432]\n\t(No symbol) [0x00007FF79CEFBD04]\n\tBaseThreadInitThunk [0x00007FFB4B05257D+29]\n\tRtlUserThreadStart [0x00007FFB4C9EAA58+40]","time":{"start":1707378573985,"stop":1707378607504,"duration":33519}},{"uid":"f8c9bc4694b1d3c5","reportUrl":"http://localhost:8080/job/Final%20Project/15/allure/#testresult/f8c9bc4694b1d3c5","status":"broken","statusDetails":"selenium.common.exceptions.TimeoutException: Message: \nStacktrace:\n\tGetHandleVerifier [0x00007FF79D2E5E42+3538674]\n\t(No symbol) [0x00007FF79CF04C02]\n\t(No symbol) [0x00007FF79CDB5AEB]\n\t(No symbol) [0x00007FF79CDFBF4E]\n\t(No symbol) [0x00007FF79CDFC0CC]\n\t(No symbol) [0x00007FF79CE3E477]\n\t(No symbol) [0x00007FF79CE1F0EF]\n\t(No symbol) [0x00007FF79CE3BDE3]\n\t(No symbol) [0x00007FF79CE1EE53]\n\t(No symbol) [0x00007FF79CDEF514]\n\t(No symbol) [0x00007FF79CDF0631]\n\tGetHandleVerifier [0x00007FF79D316CAD+3738973]\n\tGetHandleVerifier [0x00007FF79D36C506+4089270]\n\tGetHandleVerifier [0x00007FF79D364823+4057299]\n\tGetHandleVerifier [0x00007FF79D035C49+720121]\n\t(No symbol) [0x00007FF79CF1126F]\n\t(No symbol) [0x00007FF79CF0C304]\n\t(No symbol) [0x00007FF79CF0C432]\n\t(No symbol) [0x00007FF79CEFBD04]\n\tBaseThreadInitThunk [0x00007FFB4B05257D+29]\n\tRtlUserThreadStart [0x00007FFB4C9EAA58+40]","time":{"start":1707378573985,"stop":1707378607504,"duration":33519}},{"uid":"a536608f2908f821","reportUrl":"http://localhost:8080/job/Final%20Project/14/allure/#testresult/a536608f2908f821","status":"broken","statusDetails":"selenium.common.exceptions.TimeoutException: Message: \nStacktrace:\n\tGetHandleVerifier [0x00007FF79D2E5E42+3538674]\n\t(No symbol) [0x00007FF79CF04C02]\n\t(No symbol) [0x00007FF79CDB5AEB]\n\t(No symbol) [0x00007FF79CDFBF4E]\n\t(No symbol) [0x00007FF79CDFC0CC]\n\t(No symbol) [0x00007FF79CE3E477]\n\t(No symbol) [0x00007FF79CE1F0EF]\n\t(No symbol) [0x00007FF79CE3BDE3]\n\t(No symbol) [0x00007FF79CE1EE53]\n\t(No symbol) [0x00007FF79CDEF514]\n\t(No symbol) [0x00007FF79CDF0631]\n\tGetHandleVerifier [0x00007FF79D316CAD+3738973]\n\tGetHandleVerifier [0x00007FF79D36C506+4089270]\n\tGetHandleVerifier [0x00007FF79D364823+4057299]\n\tGetHandleVerifier [0x00007FF79D035C49+720121]\n\t(No symbol) [0x00007FF79CF1126F]\n\t(No symbol) [0x00007FF79CF0C304]\n\t(No symbol) [0x00007FF79CF0C432]\n\t(No symbol) [0x00007FF79CEFBD04]\n\tBaseThreadInitThunk [0x00007FFB4B05257D+29]\n\tRtlUserThreadStart [0x00007FFB4C9EAA58+40]","time":{"start":1707376787533,"stop":1707376818802,"duration":31269}},{"uid":"363f7a326991103e","reportUrl":"http://localhost:8080/job/Final%20Project/13/allure/#testresult/363f7a326991103e","status":"broken","statusDetails":"selenium.common.exceptions.TimeoutException: Message: \nStacktrace:\n\tGetHandleVerifier [0x00007FF79D2E5E42+3538674]\n\t(No symbol) [0x00007FF79CF04C02]\n\t(No symbol) [0x00007FF79CDB5AEB]\n\t(No symbol) [0x00007FF79CDFBF4E]\n\t(No symbol) [0x00007FF79CDFC0CC]\n\t(No symbol) [0x00007FF79CE3E477]\n\t(No symbol) [0x00007FF79CE1F0EF]\n\t(No symbol) [0x00007FF79CE3BDE3]\n\t(No symbol) [0x00007FF79CE1EE53]\n\t(No symbol) [0x00007FF79CDEF514]\n\t(No symbol) [0x00007FF79CDF0631]\n\tGetHandleVerifier [0x00007FF79D316CAD+3738973]\n\tGetHandleVerifier [0x00007FF79D36C506+4089270]\n\tGetHandleVerifier [0x00007FF79D364823+4057299]\n\tGetHandleVerifier [0x00007FF79D035C49+720121]\n\t(No symbol) [0x00007FF79CF1126F]\n\t(No symbol) [0x00007FF79CF0C304]\n\t(No symbol) [0x00007FF79CF0C432]\n\t(No symbol) [0x00007FF79CEFBD04]\n\tBaseThreadInitThunk [0x00007FFB4B05257D+29]\n\tRtlUserThreadStart [0x00007FFB4C9EAA58+40]","time":{"start":1707373057518,"stop":1707373090908,"duration":33390}},{"uid":"472f74cc49676bf1","reportUrl":"http://localhost:8080/job/Final%20Project/12/allure/#testresult/472f74cc49676bf1","status":"broken","statusDetails":"selenium.common.exceptions.WebDriverException: Message: disconnected: not connected to DevTools\n  (failed to check if window was closed: disconnected: not connected to DevTools)\n  (Session info: chrome=121.0.6167.160)\nStacktrace:\n\tGetHandleVerifier [0x00007FF79D2E5E42+3538674]\n\t(No symbol) [0x00007FF79CF04C02]\n\t(No symbol) [0x00007FF79CDB5AEB]\n\t(No symbol) [0x00007FF79CDA273F]\n\t(No symbol) [0x00007FF79CDA22B0]\n\t(No symbol) [0x00007FF79CDB7BF1]\n\t(No symbol) [0x00007FF79CE3B437]\n\t(No symbol) [0x00007FF79CE1EE53]\n\t(No symbol) [0x00007FF79CDEF514]\n\t(No symbol) [0x00007FF79CDF0631]\n\tGetHandleVerifier [0x00007FF79D316CAD+3738973]\n\tGetHandleVerifier [0x00007FF79D36C506+4089270]\n\tGetHandleVerifier [0x00007FF79D364823+4057299]\n\tGetHandleVerifier [0x00007FF79D035C49+720121]\n\t(No symbol) [0x00007FF79CF1126F]\n\t(No symbol) [0x00007FF79CF0C304]\n\t(No symbol) [0x00007FF79CF0C432]\n\t(No symbol) [0x00007FF79CEFBD04]\n\tBaseThreadInitThunk [0x00007FFB4B05257D+29]\n\tRtlUserThreadStart [0x00007FFB4C9EAA58+40]","time":{"start":1707370498116,"stop":1707370499835,"duration":1719}},{"uid":"f43d069f87e86d53","reportUrl":"http://localhost:8080/job/Final%20Project/11/allure/#testresult/f43d069f87e86d53","status":"broken","statusDetails":"selenium.common.exceptions.TimeoutException: Message: \nStacktrace:\n\tGetHandleVerifier [0x00007FF79D2E5E42+3538674]\n\t(No symbol) [0x00007FF79CF04C02]\n\t(No symbol) [0x00007FF79CDB5AEB]\n\t(No symbol) [0x00007FF79CDFBF4E]\n\t(No symbol) [0x00007FF79CDFC0CC]\n\t(No symbol) [0x00007FF79CE3E477]\n\t(No symbol) [0x00007FF79CE1F0EF]\n\t(No symbol) [0x00007FF79CE3BDE3]\n\t(No symbol) [0x00007FF79CE1EE53]\n\t(No symbol) [0x00007FF79CDEF514]\n\t(No symbol) [0x00007FF79CDF0631]\n\tGetHandleVerifier [0x00007FF79D316CAD+3738973]\n\tGetHandleVerifier [0x00007FF79D36C506+4089270]\n\tGetHandleVerifier [0x00007FF79D364823+4057299]\n\tGetHandleVerifier [0x00007FF79D035C49+720121]\n\t(No symbol) [0x00007FF79CF1126F]\n\t(No symbol) [0x00007FF79CF0C304]\n\t(No symbol) [0x00007FF79CF0C432]\n\t(No symbol) [0x00007FF79CEFBD04]\n\tBaseThreadInitThunk [0x00007FFB4B05257D+29]\n\tRtlUserThreadStart [0x00007FFB4C9EAA58+40]","time":{"start":1707369406759,"stop":1707369437319,"duration":30560}},{"uid":"2b876beef6585924","reportUrl":"http://localhost:8080/job/Final%20Project/10/allure/#testresult/2b876beef6585924","status":"broken","statusDetails":"selenium.common.exceptions.TimeoutException: Message: \nStacktrace:\n\tGetHandleVerifier [0x00007FF6A72A5E42+3538674]\n\t(No symbol) [0x00007FF6A6EC4C02]\n\t(No symbol) [0x00007FF6A6D75AEB]\n\t(No symbol) [0x00007FF6A6DBBF4E]\n\t(No symbol) [0x00007FF6A6DBC0CC]\n\t(No symbol) [0x00007FF6A6DFE477]\n\t(No symbol) [0x00007FF6A6DDF0EF]\n\t(No symbol) [0x00007FF6A6DFBDE3]\n\t(No symbol) [0x00007FF6A6DDEE53]\n\t(No symbol) [0x00007FF6A6DAF514]\n\t(No symbol) [0x00007FF6A6DB0631]\n\tGetHandleVerifier [0x00007FF6A72D6CAD+3738973]\n\tGetHandleVerifier [0x00007FF6A732C506+4089270]\n\tGetHandleVerifier [0x00007FF6A7324823+4057299]\n\tGetHandleVerifier [0x00007FF6A6FF5C49+720121]\n\t(No symbol) [0x00007FF6A6ED126F]\n\t(No symbol) [0x00007FF6A6ECC304]\n\t(No symbol) [0x00007FF6A6ECC432]\n\t(No symbol) [0x00007FF6A6EBBD04]\n\tBaseThreadInitThunk [0x00007FF8C195257D+29]\n\tRtlUserThreadStart [0x00007FF8C218AA58+40]","time":{"start":1707323724936,"stop":1707323756864,"duration":31928}},{"uid":"9a721abd7f9f2a4b","reportUrl":"http://localhost:8080/job/Final%20Project/9/allure/#testresult/9a721abd7f9f2a4b","status":"broken","statusDetails":"selenium.common.exceptions.TimeoutException: Message: \nStacktrace:\n\tGetHandleVerifier [0x00007FF6A72A5E42+3538674]\n\t(No symbol) [0x00007FF6A6EC4C02]\n\t(No symbol) [0x00007FF6A6D75AEB]\n\t(No symbol) [0x00007FF6A6DBBF4E]\n\t(No symbol) [0x00007FF6A6DBC0CC]\n\t(No symbol) [0x00007FF6A6DFE477]\n\t(No symbol) [0x00007FF6A6DDF0EF]\n\t(No symbol) [0x00007FF6A6DFBDE3]\n\t(No symbol) [0x00007FF6A6DDEE53]\n\t(No symbol) [0x00007FF6A6DAF514]\n\t(No symbol) [0x00007FF6A6DB0631]\n\tGetHandleVerifier [0x00007FF6A72D6CAD+3738973]\n\tGetHandleVerifier [0x00007FF6A732C506+4089270]\n\tGetHandleVerifier [0x00007FF6A7324823+4057299]\n\tGetHandleVerifier [0x00007FF6A6FF5C49+720121]\n\t(No symbol) [0x00007FF6A6ED126F]\n\t(No symbol) [0x00007FF6A6ECC304]\n\t(No symbol) [0x00007FF6A6ECC432]\n\t(No symbol) [0x00007FF6A6EBBD04]\n\tBaseThreadInitThunk [0x00007FF8C195257D+29]\n\tRtlUserThreadStart [0x00007FF8C218AA58+40]","time":{"start":1707320708950,"stop":1707320741764,"duration":32814}},{"uid":"286d219336e0e612","reportUrl":"http://localhost:8080/job/Final%20Project/8/allure/#testresult/286d219336e0e612","status":"broken","statusDetails":"selenium.common.exceptions.TimeoutException: Message: \nStacktrace:\n\tGetHandleVerifier [0x00007FF6A72A5E42+3538674]\n\t(No symbol) [0x00007FF6A6EC4C02]\n\t(No symbol) [0x00007FF6A6D75AEB]\n\t(No symbol) [0x00007FF6A6DBBF4E]\n\t(No symbol) [0x00007FF6A6DBC0CC]\n\t(No symbol) [0x00007FF6A6DFE477]\n\t(No symbol) [0x00007FF6A6DDF0EF]\n\t(No symbol) [0x00007FF6A6DFBDE3]\n\t(No symbol) [0x00007FF6A6DDEE53]\n\t(No symbol) [0x00007FF6A6DAF514]\n\t(No symbol) [0x00007FF6A6DB0631]\n\tGetHandleVerifier [0x00007FF6A72D6CAD+3738973]\n\tGetHandleVerifier [0x00007FF6A732C506+4089270]\n\tGetHandleVerifier [0x00007FF6A7324823+4057299]\n\tGetHandleVerifier [0x00007FF6A6FF5C49+720121]\n\t(No symbol) [0x00007FF6A6ED126F]\n\t(No symbol) [0x00007FF6A6ECC304]\n\t(No symbol) [0x00007FF6A6ECC432]\n\t(No symbol) [0x00007FF6A6EBBD04]\n\tBaseThreadInitThunk [0x00007FF8C195257D+29]\n\tRtlUserThreadStart [0x00007FF8C218AA58+40]","time":{"start":1707318507053,"stop":1707318539828,"duration":32775}},{"uid":"30c33e366fa4e8a5","reportUrl":"http://localhost:8080/job/Final%20Project/7/allure/#testresult/30c33e366fa4e8a5","status":"broken","statusDetails":"selenium.common.exceptions.TimeoutException: Message: \nStacktrace:\n\tGetHandleVerifier [0x00007FF75D315E42+3538674]\n\t(No symbol) [0x00007FF75CF34C02]\n\t(No symbol) [0x00007FF75CDE5AEB]\n\t(No symbol) [0x00007FF75CE2BF4E]\n\t(No symbol) [0x00007FF75CE2C0CC]\n\t(No symbol) [0x00007FF75CE6E477]\n\t(No symbol) [0x00007FF75CE4F0EF]\n\t(No symbol) [0x00007FF75CE6BDE3]\n\t(No symbol) [0x00007FF75CE4EE53]\n\t(No symbol) [0x00007FF75CE1F514]\n\t(No symbol) [0x00007FF75CE20631]\n\tGetHandleVerifier [0x00007FF75D346CAD+3738973]\n\tGetHandleVerifier [0x00007FF75D39C506+4089270]\n\tGetHandleVerifier [0x00007FF75D394823+4057299]\n\tGetHandleVerifier [0x00007FF75D065C49+720121]\n\t(No symbol) [0x00007FF75CF4126F]\n\t(No symbol) [0x00007FF75CF3C304]\n\t(No symbol) [0x00007FF75CF3C432]\n\t(No symbol) [0x00007FF75CF2BD04]\n\tBaseThreadInitThunk [0x00007FF9ED9E257D+29]\n\tRtlUserThreadStart [0x00007FF9EF24AA58+40]","time":{"start":1707315404760,"stop":1707315434827,"duration":30067}},{"uid":"f1d96d231f4ba7b6","reportUrl":"http://localhost:8080/job/Final%20Project/6/allure/#testresult/f1d96d231f4ba7b6","status":"broken","statusDetails":"selenium.common.exceptions.TimeoutException: Message: \nStacktrace:\n\tGetHandleVerifier [0x00007FF75D315E42+3538674]\n\t(No symbol) [0x00007FF75CF34C02]\n\t(No symbol) [0x00007FF75CDE5AEB]\n\t(No symbol) [0x00007FF75CE2BF4E]\n\t(No symbol) [0x00007FF75CE2C0CC]\n\t(No symbol) [0x00007FF75CE6E477]\n\t(No symbol) [0x00007FF75CE4F0EF]\n\t(No symbol) [0x00007FF75CE6BDE3]\n\t(No symbol) [0x00007FF75CE4EE53]\n\t(No symbol) [0x00007FF75CE1F514]\n\t(No symbol) [0x00007FF75CE20631]\n\tGetHandleVerifier [0x00007FF75D346CAD+3738973]\n\tGetHandleVerifier [0x00007FF75D39C506+4089270]\n\tGetHandleVerifier [0x00007FF75D394823+4057299]\n\tGetHandleVerifier [0x00007FF75D065C49+720121]\n\t(No symbol) [0x00007FF75CF4126F]\n\t(No symbol) [0x00007FF75CF3C304]\n\t(No symbol) [0x00007FF75CF3C432]\n\t(No symbol) [0x00007FF75CF2BD04]\n\tBaseThreadInitThunk [0x00007FF9ED9E257D+29]\n\tRtlUserThreadStart [0x00007FF9EF24AA58+40]","time":{"start":1707309556107,"stop":1707309586836,"duration":30729}},{"uid":"1189daa15af51280","reportUrl":"http://localhost:8080/job/Final%20Project/5/allure/#testresult/1189daa15af51280","status":"broken","statusDetails":"selenium.common.exceptions.TimeoutException: Message: \nStacktrace:\n\tGetHandleVerifier [0x00007FF75D315E42+3538674]\n\t(No symbol) [0x00007FF75CF34C02]\n\t(No symbol) [0x00007FF75CDE5AEB]\n\t(No symbol) [0x00007FF75CE2BF4E]\n\t(No symbol) [0x00007FF75CE2C0CC]\n\t(No symbol) [0x00007FF75CE6E477]\n\t(No symbol) [0x00007FF75CE4F0EF]\n\t(No symbol) [0x00007FF75CE6BDE3]\n\t(No symbol) [0x00007FF75CE4EE53]\n\t(No symbol) [0x00007FF75CE1F514]\n\t(No symbol) [0x00007FF75CE20631]\n\tGetHandleVerifier [0x00007FF75D346CAD+3738973]\n\tGetHandleVerifier [0x00007FF75D39C506+4089270]\n\tGetHandleVerifier [0x00007FF75D394823+4057299]\n\tGetHandleVerifier [0x00007FF75D065C49+720121]\n\t(No symbol) [0x00007FF75CF4126F]\n\t(No symbol) [0x00007FF75CF3C304]\n\t(No symbol) [0x00007FF75CF3C432]\n\t(No symbol) [0x00007FF75CF2BD04]\n\tBaseThreadInitThunk [0x00007FF9ED9E257D+29]\n\tRtlUserThreadStart [0x00007FF9EF24AA58+40]","time":{"start":1707307793899,"stop":1707307836153,"duration":42254}},{"uid":"2570746dbcb204b0","reportUrl":"http://localhost:8080/job/Final%20Project/4/allure/#testresult/2570746dbcb204b0","status":"broken","statusDetails":"selenium.common.exceptions.TimeoutException: Message: \nStacktrace:\n\tGetHandleVerifier [0x00007FF75D315E42+3538674]\n\t(No symbol) [0x00007FF75CF34C02]\n\t(No symbol) [0x00007FF75CDE5AEB]\n\t(No symbol) [0x00007FF75CE2BF4E]\n\t(No symbol) [0x00007FF75CE2C0CC]\n\t(No symbol) [0x00007FF75CE6E477]\n\t(No symbol) [0x00007FF75CE4F0EF]\n\t(No symbol) [0x00007FF75CE6BDE3]\n\t(No symbol) [0x00007FF75CE4EE53]\n\t(No symbol) [0x00007FF75CE1F514]\n\t(No symbol) [0x00007FF75CE20631]\n\tGetHandleVerifier [0x00007FF75D346CAD+3738973]\n\tGetHandleVerifier [0x00007FF75D39C506+4089270]\n\tGetHandleVerifier [0x00007FF75D394823+4057299]\n\tGetHandleVerifier [0x00007FF75D065C49+720121]\n\t(No symbol) [0x00007FF75CF4126F]\n\t(No symbol) [0x00007FF75CF3C304]\n\t(No symbol) [0x00007FF75CF3C432]\n\t(No symbol) [0x00007FF75CF2BD04]\n\tBaseThreadInitThunk [0x00007FF9ED9E257D+29]\n\tRtlUserThreadStart [0x00007FF9EF24AA58+40]","time":{"start":1707292980246,"stop":1707293037384,"duration":57138}},{"uid":"47131d631b3c9490","reportUrl":"http://localhost:8080/job/Final%20Project/3/allure/#testresult/47131d631b3c9490","status":"broken","statusDetails":"selenium.common.exceptions.TimeoutException: Message: \nStacktrace:\n\tGetHandleVerifier [0x00007FF75D315E42+3538674]\n\t(No symbol) [0x00007FF75CF34C02]\n\t(No symbol) [0x00007FF75CDE5AEB]\n\t(No symbol) [0x00007FF75CE2BF4E]\n\t(No symbol) [0x00007FF75CE2C0CC]\n\t(No symbol) [0x00007FF75CE6E477]\n\t(No symbol) [0x00007FF75CE4F0EF]\n\t(No symbol) [0x00007FF75CE6BDE3]\n\t(No symbol) [0x00007FF75CE4EE53]\n\t(No symbol) [0x00007FF75CE1F514]\n\t(No symbol) [0x00007FF75CE20631]\n\tGetHandleVerifier [0x00007FF75D346CAD+3738973]\n\tGetHandleVerifier [0x00007FF75D39C506+4089270]\n\tGetHandleVerifier [0x00007FF75D394823+4057299]\n\tGetHandleVerifier [0x00007FF75D065C49+720121]\n\t(No symbol) [0x00007FF75CF4126F]\n\t(No symbol) [0x00007FF75CF3C304]\n\t(No symbol) [0x00007FF75CF3C432]\n\t(No symbol) [0x00007FF75CF2BD04]\n\tBaseThreadInitThunk [0x00007FF9ED9E257D+29]\n\tRtlUserThreadStart [0x00007FF9EF24AA58+40]","time":{"start":1707292980246,"stop":1707293037384,"duration":57138}},{"uid":"d28dd2f9af695cf6","reportUrl":"http://localhost:8080/job/Final%20Project/2/allure/#testresult/d28dd2f9af695cf6","status":"broken","statusDetails":"selenium.common.exceptions.TimeoutException: Message: \nStacktrace:\n\tGetHandleVerifier [0x00007FF75D315E42+3538674]\n\t(No symbol) [0x00007FF75CF34C02]\n\t(No symbol) [0x00007FF75CDE5AEB]\n\t(No symbol) [0x00007FF75CE2BF4E]\n\t(No symbol) [0x00007FF75CE2C0CC]\n\t(No symbol) [0x00007FF75CE6E477]\n\t(No symbol) [0x00007FF75CE4F0EF]\n\t(No symbol) [0x00007FF75CE6BDE3]\n\t(No symbol) [0x00007FF75CE4EE53]\n\t(No symbol) [0x00007FF75CE1F514]\n\t(No symbol) [0x00007FF75CE20631]\n\tGetHandleVerifier [0x00007FF75D346CAD+3738973]\n\tGetHandleVerifier [0x00007FF75D39C506+4089270]\n\tGetHandleVerifier [0x00007FF75D394823+4057299]\n\tGetHandleVerifier [0x00007FF75D065C49+720121]\n\t(No symbol) [0x00007FF75CF4126F]\n\t(No symbol) [0x00007FF75CF3C304]\n\t(No symbol) [0x00007FF75CF3C432]\n\t(No symbol) [0x00007FF75CF2BD04]\n\tBaseThreadInitThunk [0x00007FF9ED9E257D+29]\n\tRtlUserThreadStart [0x00007FF9EF24AA58+40]","time":{"start":1707291591014,"stop":1707291637910,"duration":46896}}]},"tags":[]},"source":"b5e403d00dbf9895.json","parameterValues":["'sabrorxojaev2@gmail.com'","'CorrectPassword1'"]}