{"uid":"b83e1bf469c2d778","name":"Test Saving stay destination: Tbilisi.","fullName":"tests.test_stays.TestStays#test_saving_stay_destination","historyId":"ddc37e40b2200f98488944acc5be29c1","time":{"start":1707385196956,"stop":1707385239007,"duration":42051},"description":"The test verifies that the stay destination is saved and displayed in Saved page.","descriptionHtml":"<p>The test verifies that the stay destination is saved and displayed in Saved page.</p>\n","status":"broken","statusMessage":"selenium.common.exceptions.TimeoutException: Message: \nStacktrace:\n\tGetHandleVerifier [0x00007FF79D2E5E42+3538674]\n\t(No symbol) [0x00007FF79CF04C02]\n\t(No symbol) [0x00007FF79CDB5AEB]\n\t(No symbol) [0x00007FF79CDFBF4E]\n\t(No symbol) [0x00007FF79CDFC0CC]\n\t(No symbol) [0x00007FF79CE3E477]\n\t(No symbol) [0x00007FF79CE1F0EF]\n\t(No symbol) [0x00007FF79CE3BDE3]\n\t(No symbol) [0x00007FF79CE1EE53]\n\t(No symbol) [0x00007FF79CDEF514]\n\t(No symbol) [0x00007FF79CDF0631]\n\tGetHandleVerifier [0x00007FF79D316CAD+3738973]\n\tGetHandleVerifier [0x00007FF79D36C506+4089270]\n\tGetHandleVerifier [0x00007FF79D364823+4057299]\n\tGetHandleVerifier [0x00007FF79D035C49+720121]\n\t(No symbol) [0x00007FF79CF1126F]\n\t(No symbol) [0x00007FF79CF0C304]\n\t(No symbol) [0x00007FF79CF0C432]\n\t(No symbol) [0x00007FF79CEFBD04]\n\tBaseThreadInitThunk [0x00007FFB4B05257D+29]\n\tRtlUserThreadStart [0x00007FFB4C9EAA58+40]","statusTrace":"self = <tests.test_stays.TestStays object at 0x000001D985502840>\ndriver_undetected = <seleniumbase.undetected.Chrome (session=\"75232e37136c608c1883185896b3e2ec\")>\nexpected_stay_destination = 'Tbilisi', email = 'sherlock@gmail.com'\npassword = 'Sherlock@2000'\n\n    @pytest.mark.parametrize('expected_stay_destination, email, password',\n                             [(StaysData.get_stay_destination(), 'sherlock@gmail.com', 'Sherlock@2000')])\n    @allure.title('Test Saving stay destination: {expected_stay_destination}.')\n    @allure.description(report_text_sheet.get_value('test_save_stay_description'))\n    def test_saving_stay_destination(self, driver_undetected, expected_stay_destination, email, password):\n        rs = SignInSteps(driver_undetected)\n        ss = StaysStep(driver_undetected)\n        sd = StaysData()\n    \n        # precondition\n        rs.open_page(Urls.HOME_URL)\n        time.sleep(5)\n        rs.driver.refresh()\n        time.sleep(1)\n        rs.open_sign_in()\n        rs.fill_email(email)\n        rs.submit_email()\n>       rs.fill_password(password)\n\ntests\\test_stays.py:51: \n_ _ _ _ _ _ _ _ _ _ _ _ _ _ _ _ _ _ _ _ _ _ _ _ _ _ _ _ _ _ _ _ _ _ _ _ _ _ _ _\nfinal_project\\steps\\SignInSteps.py:38: in fill_password\n    elem = self.wait_for(sp.PASSWORD)\nfinal_project\\steps\\common_actions.py:14: in wait_for\n    return self._wait.until(ec.visibility_of_element_located(locator))\n_ _ _ _ _ _ _ _ _ _ _ _ _ _ _ _ _ _ _ _ _ _ _ _ _ _ _ _ _ _ _ _ _ _ _ _ _ _ _ _\n\nself = <selenium.webdriver.support.wait.WebDriverWait (session=\"75232e37136c608c1883185896b3e2ec\")>\nmethod = <function visibility_of_element_located.<locals>._predicate at 0x000001D98563EA20>\nmessage = ''\n\n    def until(self, method: Callable[[D], Union[Literal[False], T]], message: str = \"\") -> T:\n        \"\"\"Calls the method provided with the driver as an argument until the \\\n        return value does not evaluate to ``False``.\n    \n        :param method: callable(WebDriver)\n        :param message: optional message for :exc:`TimeoutException`\n        :returns: the result of the last call to `method`\n        :raises: :exc:`selenium.common.exceptions.TimeoutException` if timeout occurs\n        \"\"\"\n        screen = None\n        stacktrace = None\n    \n        end_time = time.monotonic() + self._timeout\n        while True:\n            try:\n                value = method(self._driver)\n                if value:\n                    return value\n            except self._ignored_exceptions as exc:\n                screen = getattr(exc, \"screen\", None)\n                stacktrace = getattr(exc, \"stacktrace\", None)\n            time.sleep(self._poll)\n            if time.monotonic() > end_time:\n                break\n>       raise TimeoutException(message, screen, stacktrace)\nE       selenium.common.exceptions.TimeoutException: Message: \nE       Stacktrace:\nE       \tGetHandleVerifier [0x00007FF79D2E5E42+3538674]\nE       \t(No symbol) [0x00007FF79CF04C02]\nE       \t(No symbol) [0x00007FF79CDB5AEB]\nE       \t(No symbol) [0x00007FF79CDFBF4E]\nE       \t(No symbol) [0x00007FF79CDFC0CC]\nE       \t(No symbol) [0x00007FF79CE3E477]\nE       \t(No symbol) [0x00007FF79CE1F0EF]\nE       \t(No symbol) [0x00007FF79CE3BDE3]\nE       \t(No symbol) [0x00007FF79CE1EE53]\nE       \t(No symbol) [0x00007FF79CDEF514]\nE       \t(No symbol) [0x00007FF79CDF0631]\nE       \tGetHandleVerifier [0x00007FF79D316CAD+3738973]\nE       \tGetHandleVerifier [0x00007FF79D36C506+4089270]\nE       \tGetHandleVerifier [0x00007FF79D364823+4057299]\nE       \tGetHandleVerifier [0x00007FF79D035C49+720121]\nE       \t(No symbol) [0x00007FF79CF1126F]\nE       \t(No symbol) [0x00007FF79CF0C304]\nE       \t(No symbol) [0x00007FF79CF0C432]\nE       \t(No symbol) [0x00007FF79CEFBD04]\nE       \tBaseThreadInitThunk [0x00007FFB4B05257D+29]\nE       \tRtlUserThreadStart [0x00007FFB4C9EAA58+40]\n\n..\\..\\..\\AppData\\Local\\pypoetry\\Cache\\virtualenvs\\final-project-_bDwe8AE-py3.12\\Lib\\site-packages\\selenium\\webdriver\\support\\wait.py:105: TimeoutException","flaky":false,"newFailed":false,"newBroken":false,"newPassed":false,"retriesCount":0,"retriesStatusChange":false,"beforeStages":[{"name":"_session_faker","time":{"start":1707383607643,"stop":1707383607688,"duration":45},"status":"passed","steps":[],"attachments":[],"parameters":[],"hasContent":false,"stepsCount":0,"attachmentStep":false,"attachmentsCount":0,"shouldDisplayMessage":false},{"name":"driver_undetected","time":{"start":1707383607688,"stop":1707383609643,"duration":1955},"status":"passed","steps":[],"attachments":[],"parameters":[],"hasContent":false,"stepsCount":0,"attachmentStep":false,"attachmentsCount":0,"shouldDisplayMessage":false}],"afterStages":[{"name":"driver_undetected::0","time":{"start":1707385336647,"stop":1707385338967,"duration":2320},"status":"passed","steps":[],"attachments":[],"parameters":[],"hasContent":false,"stepsCount":0,"attachmentStep":false,"attachmentsCount":0,"shouldDisplayMessage":false}],"labels":[{"name":"parentSuite","value":"tests"},{"name":"suite","value":"test_stays"},{"name":"subSuite","value":"TestStays"},{"name":"host","value":"Alice"},{"name":"thread","value":"16592-MainThread"},{"name":"framework","value":"pytest"},{"name":"language","value":"cpython3"},{"name":"package","value":"tests.test_stays"},{"name":"resultFormat","value":"allure2"}],"parameters":[{"name":"email","value":"'sherlock@gmail.com'"},{"name":"expected_stay_destination","value":"'Tbilisi'"},{"name":"password","value":"'Sherlock@2000'"}],"links":[],"hidden":false,"retry":false,"extra":{"severity":"normal","retries":[],"categories":[{"name":"Test defects","matchedStatuses":[],"flaky":false}],"history":{"statistic":{"failed":0,"broken":3,"skipped":0,"passed":0,"unknown":0,"total":3},"items":[{"uid":"276094e92c8d2e6f","reportUrl":"http://localhost:8080/job/Final%20Project/16/allure/#testresult/276094e92c8d2e6f","status":"broken","statusDetails":"selenium.common.exceptions.TimeoutException: Message: \nStacktrace:\n\tGetHandleVerifier [0x00007FF79D2E5E42+3538674]\n\t(No symbol) [0x00007FF79CF04C02]\n\t(No symbol) [0x00007FF79CDB5AEB]\n\t(No symbol) [0x00007FF79CDFBF4E]\n\t(No symbol) [0x00007FF79CDFC0CC]\n\t(No symbol) [0x00007FF79CE3E477]\n\t(No symbol) [0x00007FF79CE1F0EF]\n\t(No symbol) [0x00007FF79CE3BDE3]\n\t(No symbol) [0x00007FF79CE1EE53]\n\t(No symbol) [0x00007FF79CDEF514]\n\t(No symbol) [0x00007FF79CDF0631]\n\tGetHandleVerifier [0x00007FF79D316CAD+3738973]\n\tGetHandleVerifier [0x00007FF79D36C506+4089270]\n\tGetHandleVerifier [0x00007FF79D364823+4057299]\n\tGetHandleVerifier [0x00007FF79D035C49+720121]\n\t(No symbol) [0x00007FF79CF1126F]\n\t(No symbol) [0x00007FF79CF0C304]\n\t(No symbol) [0x00007FF79CF0C432]\n\t(No symbol) [0x00007FF79CEFBD04]\n\tBaseThreadInitThunk [0x00007FFB4B05257D+29]\n\tRtlUserThreadStart [0x00007FFB4C9EAA58+40]","time":{"start":1707378533406,"stop":1707378573970,"duration":40564}},{"uid":"5d1081bf94f07438","reportUrl":"http://localhost:8080/job/Final%20Project/15/allure/#testresult/5d1081bf94f07438","status":"broken","statusDetails":"selenium.common.exceptions.TimeoutException: Message: \nStacktrace:\n\tGetHandleVerifier [0x00007FF79D2E5E42+3538674]\n\t(No symbol) [0x00007FF79CF04C02]\n\t(No symbol) [0x00007FF79CDB5AEB]\n\t(No symbol) [0x00007FF79CDFBF4E]\n\t(No symbol) [0x00007FF79CDFC0CC]\n\t(No symbol) [0x00007FF79CE3E477]\n\t(No symbol) [0x00007FF79CE1F0EF]\n\t(No symbol) [0x00007FF79CE3BDE3]\n\t(No symbol) [0x00007FF79CE1EE53]\n\t(No symbol) [0x00007FF79CDEF514]\n\t(No symbol) [0x00007FF79CDF0631]\n\tGetHandleVerifier [0x00007FF79D316CAD+3738973]\n\tGetHandleVerifier [0x00007FF79D36C506+4089270]\n\tGetHandleVerifier [0x00007FF79D364823+4057299]\n\tGetHandleVerifier [0x00007FF79D035C49+720121]\n\t(No symbol) [0x00007FF79CF1126F]\n\t(No symbol) [0x00007FF79CF0C304]\n\t(No symbol) [0x00007FF79CF0C432]\n\t(No symbol) [0x00007FF79CEFBD04]\n\tBaseThreadInitThunk [0x00007FFB4B05257D+29]\n\tRtlUserThreadStart [0x00007FFB4C9EAA58+40]","time":{"start":1707378533406,"stop":1707378573970,"duration":40564}}]},"tags":[]},"source":"b83e1bf469c2d778.json","parameterValues":["'sherlock@gmail.com'","'Tbilisi'","'Sherlock@2000'"]}