{"uid":"bd5ca4d0ed71047e","name":"Test Stay destination: Tashkent.","fullName":"tests.test_stays.TestStays#test_saving_stay_destination","historyId":"60eb92274900727c4a7b727f59810799","time":{"start":1707318462307,"stop":1707318507024,"duration":44717},"description":"The test verifies that the correct stay destinations are found for the expected search destination.","descriptionHtml":"<p>The test verifies that the correct stay destinations are found for the expected search destination.</p>\n","status":"broken","statusMessage":"selenium.common.exceptions.NoSuchElementException: Message: no such element: Unable to locate element: {\"method\":\"xpath\",\"selector\":\"//span[@data-testid=\"input-clear\"]\"}\n  (Session info: chrome=121.0.6167.160); For documentation on this error, please visit: https://www.selenium.dev/documentation/webdriver/troubleshooting/errors#no-such-element-exception\nStacktrace:\n\tGetHandleVerifier [0x00007FF6A72A5E42+3538674]\n\t(No symbol) [0x00007FF6A6EC4C02]\n\t(No symbol) [0x00007FF6A6D75AEB]\n\t(No symbol) [0x00007FF6A6DBBF4E]\n\t(No symbol) [0x00007FF6A6DBC0CC]\n\t(No symbol) [0x00007FF6A6DFE477]\n\t(No symbol) [0x00007FF6A6DDF0EF]\n\t(No symbol) [0x00007FF6A6DFBDE3]\n\t(No symbol) [0x00007FF6A6DDEE53]\n\t(No symbol) [0x00007FF6A6DAF514]\n\t(No symbol) [0x00007FF6A6DB0631]\n\tGetHandleVerifier [0x00007FF6A72D6CAD+3738973]\n\tGetHandleVerifier [0x00007FF6A732C506+4089270]\n\tGetHandleVerifier [0x00007FF6A7324823+4057299]\n\tGetHandleVerifier [0x00007FF6A6FF5C49+720121]\n\t(No symbol) [0x00007FF6A6ED126F]\n\t(No symbol) [0x00007FF6A6ECC304]\n\t(No symbol) [0x00007FF6A6ECC432]\n\t(No symbol) [0x00007FF6A6EBBD04]\n\tBaseThreadInitThunk [0x00007FF8C195257D+29]\n\tRtlUserThreadStart [0x00007FF8C218AA58+40]","statusTrace":"self = <tests.test_stays.TestStays object at 0x00000269D97EA4B0>\ndriver_undetected = <seleniumbase.undetected.Chrome (session=\"f329c42a9476956e1e5e7e54746ab8d3\")>\nexpected_stay_destination = 'Tashkent', email = 'sherlock@gmail.com'\npassword = 'Sherlock@2000'\n\n    @pytest.mark.parametrize('expected_stay_destination, email, password',\n                             [(StaysData.get_stay_destination(), 'sherlock@gmail.com', 'Sherlock@2000')])\n    @allure.title('Test Stay destination: {expected_stay_destination}.')\n    @allure.description('The test verifies that the correct stay destinations are found for the expected search destination.')\n    def test_saving_stay_destination(self, driver_undetected, expected_stay_destination, email, password):\n        rs = SignInSteps(driver_undetected)\n        ss = StaysStep(driver_undetected)\n        sd = StaysData()\n    \n        # precondition\n        rs.open_page(Urls.HOME_URL)\n        time.sleep(5)\n        rs.driver.refresh()\n        time.sleep(1)\n        rs.open_sign_in()\n        rs.fill_email(email)\n        rs.submit_email()\n        rs.fill_password(password)\n        rs.submit_password()\n    \n        # test\n        time.sleep(3)\n>       ss.clean_destination()\n\ntests\\test_stays.py:54: \n_ _ _ _ _ _ _ _ _ _ _ _ _ _ _ _ _ _ _ _ _ _ _ _ _ _ _ _ _ _ _ _ _ _ _ _ _ _ _ _\nfinal_project\\steps\\stays_step.py:33: in clean_destination\n    self.find(StaysPage.STAY_DESTINATION_INPUT_CLEAR_BUTTON).click()\nfinal_project\\steps\\common_actions.py:18: in find\n    return self.driver.find_element(*locator)\n..\\..\\..\\AppData\\Local\\pypoetry\\Cache\\virtualenvs\\final-project-_bDwe8AE-py3.12\\Lib\\site-packages\\seleniumbase\\core\\sb_driver.py:20: in find_element\n    return self.driver.default_find_element(by=by, value=value)\n..\\..\\..\\AppData\\Local\\pypoetry\\Cache\\virtualenvs\\final-project-_bDwe8AE-py3.12\\Lib\\site-packages\\selenium\\webdriver\\remote\\webdriver.py:741: in find_element\n    return self.execute(Command.FIND_ELEMENT, {\"using\": by, \"value\": value})[\"value\"]\n..\\..\\..\\AppData\\Local\\pypoetry\\Cache\\virtualenvs\\final-project-_bDwe8AE-py3.12\\Lib\\site-packages\\selenium\\webdriver\\remote\\webdriver.py:347: in execute\n    self.error_handler.check_response(response)\n_ _ _ _ _ _ _ _ _ _ _ _ _ _ _ _ _ _ _ _ _ _ _ _ _ _ _ _ _ _ _ _ _ _ _ _ _ _ _ _\n\nself = <selenium.webdriver.remote.errorhandler.ErrorHandler object at 0x00000269D98F8D40>\nresponse = {'status': 404, 'value': '{\"value\":{\"error\":\"no such element\",\"message\":\"no such element: Unable to locate element: {\\...07FF6A6EBBD04]\\\\n\\\\tBaseThreadInitThunk [0x00007FF8C195257D+29]\\\\n\\\\tRtlUserThreadStart [0x00007FF8C218AA58+40]\\\\n\"}}'}\n\n    def check_response(self, response: Dict[str, Any]) -> None:\n        \"\"\"Checks that a JSON response from the WebDriver does not have an\n        error.\n    \n        :Args:\n         - response - The JSON response from the WebDriver server as a dictionary\n           object.\n    \n        :Raises: If the response contains an error message.\n        \"\"\"\n        status = response.get(\"status\", None)\n        if not status or status == ErrorCode.SUCCESS:\n            return\n        value = None\n        message = response.get(\"message\", \"\")\n        screen: str = response.get(\"screen\", \"\")\n        stacktrace = None\n        if isinstance(status, int):\n            value_json = response.get(\"value\", None)\n            if value_json and isinstance(value_json, str):\n                import json\n    \n                try:\n                    value = json.loads(value_json)\n                    if len(value) == 1:\n                        value = value[\"value\"]\n                    status = value.get(\"error\", None)\n                    if not status:\n                        status = value.get(\"status\", ErrorCode.UNKNOWN_ERROR)\n                        message = value.get(\"value\") or value.get(\"message\")\n                        if not isinstance(message, str):\n                            value = message\n                            message = message.get(\"message\")\n                    else:\n                        message = value.get(\"message\", None)\n                except ValueError:\n                    pass\n    \n        exception_class: Type[WebDriverException]\n        e = ErrorCode()\n        error_codes = [item for item in dir(e) if not item.startswith(\"__\")]\n        for error_code in error_codes:\n            error_info = getattr(ErrorCode, error_code)\n            if isinstance(error_info, list) and status in error_info:\n                exception_class = getattr(ExceptionMapping, error_code, WebDriverException)\n                break\n        else:\n            exception_class = WebDriverException\n    \n        if not value:\n            value = response[\"value\"]\n        if isinstance(value, str):\n            raise exception_class(value)\n        if message == \"\" and \"message\" in value:\n            message = value[\"message\"]\n    \n        screen = None  # type: ignore[assignment]\n        if \"screen\" in value:\n            screen = value[\"screen\"]\n    \n        stacktrace = None\n        st_value = value.get(\"stackTrace\") or value.get(\"stacktrace\")\n        if st_value:\n            if isinstance(st_value, str):\n                stacktrace = st_value.split(\"\\n\")\n            else:\n                stacktrace = []\n                try:\n                    for frame in st_value:\n                        line = frame.get(\"lineNumber\", \"\")\n                        file = frame.get(\"fileName\", \"<anonymous>\")\n                        if line:\n                            file = f\"{file}:{line}\"\n                        meth = frame.get(\"methodName\", \"<anonymous>\")\n                        if \"className\" in frame:\n                            meth = f\"{frame['className']}.{meth}\"\n                        msg = \"    at %s (%s)\"\n                        msg = msg % (meth, file)\n                        stacktrace.append(msg)\n                except TypeError:\n                    pass\n        if exception_class == UnexpectedAlertPresentException:\n            alert_text = None\n            if \"data\" in value:\n                alert_text = value[\"data\"].get(\"text\")\n            elif \"alert\" in value:\n                alert_text = value[\"alert\"].get(\"text\")\n            raise exception_class(message, screen, stacktrace, alert_text)  # type: ignore[call-arg]  # mypy is not smart enough here\n>       raise exception_class(message, screen, stacktrace)\nE       selenium.common.exceptions.NoSuchElementException: Message: no such element: Unable to locate element: {\"method\":\"xpath\",\"selector\":\"//span[@data-testid=\"input-clear\"]\"}\nE         (Session info: chrome=121.0.6167.160); For documentation on this error, please visit: https://www.selenium.dev/documentation/webdriver/troubleshooting/errors#no-such-element-exception\nE       Stacktrace:\nE       \tGetHandleVerifier [0x00007FF6A72A5E42+3538674]\nE       \t(No symbol) [0x00007FF6A6EC4C02]\nE       \t(No symbol) [0x00007FF6A6D75AEB]\nE       \t(No symbol) [0x00007FF6A6DBBF4E]\nE       \t(No symbol) [0x00007FF6A6DBC0CC]\nE       \t(No symbol) [0x00007FF6A6DFE477]\nE       \t(No symbol) [0x00007FF6A6DDF0EF]\nE       \t(No symbol) [0x00007FF6A6DFBDE3]\nE       \t(No symbol) [0x00007FF6A6DDEE53]\nE       \t(No symbol) [0x00007FF6A6DAF514]\nE       \t(No symbol) [0x00007FF6A6DB0631]\nE       \tGetHandleVerifier [0x00007FF6A72D6CAD+3738973]\nE       \tGetHandleVerifier [0x00007FF6A732C506+4089270]\nE       \tGetHandleVerifier [0x00007FF6A7324823+4057299]\nE       \tGetHandleVerifier [0x00007FF6A6FF5C49+720121]\nE       \t(No symbol) [0x00007FF6A6ED126F]\nE       \t(No symbol) [0x00007FF6A6ECC304]\nE       \t(No symbol) [0x00007FF6A6ECC432]\nE       \t(No symbol) [0x00007FF6A6EBBD04]\nE       \tBaseThreadInitThunk [0x00007FF8C195257D+29]\nE       \tRtlUserThreadStart [0x00007FF8C218AA58+40]\n\n..\\..\\..\\AppData\\Local\\pypoetry\\Cache\\virtualenvs\\final-project-_bDwe8AE-py3.12\\Lib\\site-packages\\selenium\\webdriver\\remote\\errorhandler.py:229: NoSuchElementException","flaky":false,"newFailed":false,"newBroken":false,"newPassed":false,"retriesCount":0,"retriesStatusChange":false,"beforeStages":[{"name":"_session_faker","time":{"start":1707316929040,"stop":1707316929085,"duration":45},"status":"passed","steps":[],"attachments":[],"parameters":[],"stepsCount":0,"attachmentStep":false,"shouldDisplayMessage":false,"attachmentsCount":0,"hasContent":false},{"name":"driver_undetected","time":{"start":1707316929085,"stop":1707316931413,"duration":2328},"status":"passed","steps":[],"attachments":[],"parameters":[],"stepsCount":0,"attachmentStep":false,"shouldDisplayMessage":false,"attachmentsCount":0,"hasContent":false}],"testStage":{"description":"The test verifies that the correct stay destinations are found for the expected search destination.","status":"broken","statusMessage":"selenium.common.exceptions.NoSuchElementException: Message: no such element: Unable to locate element: {\"method\":\"xpath\",\"selector\":\"//span[@data-testid=\"input-clear\"]\"}\n  (Session info: chrome=121.0.6167.160); For documentation on this error, please visit: https://www.selenium.dev/documentation/webdriver/troubleshooting/errors#no-such-element-exception\nStacktrace:\n\tGetHandleVerifier [0x00007FF6A72A5E42+3538674]\n\t(No symbol) [0x00007FF6A6EC4C02]\n\t(No symbol) [0x00007FF6A6D75AEB]\n\t(No symbol) [0x00007FF6A6DBBF4E]\n\t(No symbol) [0x00007FF6A6DBC0CC]\n\t(No symbol) [0x00007FF6A6DFE477]\n\t(No symbol) [0x00007FF6A6DDF0EF]\n\t(No symbol) [0x00007FF6A6DFBDE3]\n\t(No symbol) [0x00007FF6A6DDEE53]\n\t(No symbol) [0x00007FF6A6DAF514]\n\t(No symbol) [0x00007FF6A6DB0631]\n\tGetHandleVerifier [0x00007FF6A72D6CAD+3738973]\n\tGetHandleVerifier [0x00007FF6A732C506+4089270]\n\tGetHandleVerifier [0x00007FF6A7324823+4057299]\n\tGetHandleVerifier [0x00007FF6A6FF5C49+720121]\n\t(No symbol) [0x00007FF6A6ED126F]\n\t(No symbol) [0x00007FF6A6ECC304]\n\t(No symbol) [0x00007FF6A6ECC432]\n\t(No symbol) [0x00007FF6A6EBBD04]\n\tBaseThreadInitThunk [0x00007FF8C195257D+29]\n\tRtlUserThreadStart [0x00007FF8C218AA58+40]","statusTrace":"self = <tests.test_stays.TestStays object at 0x00000269D97EA4B0>\ndriver_undetected = <seleniumbase.undetected.Chrome (session=\"f329c42a9476956e1e5e7e54746ab8d3\")>\nexpected_stay_destination = 'Tashkent', email = 'sherlock@gmail.com'\npassword = 'Sherlock@2000'\n\n    @pytest.mark.parametrize('expected_stay_destination, email, password',\n                             [(StaysData.get_stay_destination(), 'sherlock@gmail.com', 'Sherlock@2000')])\n    @allure.title('Test Stay destination: {expected_stay_destination}.')\n    @allure.description('The test verifies that the correct stay destinations are found for the expected search destination.')\n    def test_saving_stay_destination(self, driver_undetected, expected_stay_destination, email, password):\n        rs = SignInSteps(driver_undetected)\n        ss = StaysStep(driver_undetected)\n        sd = StaysData()\n    \n        # precondition\n        rs.open_page(Urls.HOME_URL)\n        time.sleep(5)\n        rs.driver.refresh()\n        time.sleep(1)\n        rs.open_sign_in()\n        rs.fill_email(email)\n        rs.submit_email()\n        rs.fill_password(password)\n        rs.submit_password()\n    \n        # test\n        time.sleep(3)\n>       ss.clean_destination()\n\ntests\\test_stays.py:54: \n_ _ _ _ _ _ _ _ _ _ _ _ _ _ _ _ _ _ _ _ _ _ _ _ _ _ _ _ _ _ _ _ _ _ _ _ _ _ _ _\nfinal_project\\steps\\stays_step.py:33: in clean_destination\n    self.find(StaysPage.STAY_DESTINATION_INPUT_CLEAR_BUTTON).click()\nfinal_project\\steps\\common_actions.py:18: in find\n    return self.driver.find_element(*locator)\n..\\..\\..\\AppData\\Local\\pypoetry\\Cache\\virtualenvs\\final-project-_bDwe8AE-py3.12\\Lib\\site-packages\\seleniumbase\\core\\sb_driver.py:20: in find_element\n    return self.driver.default_find_element(by=by, value=value)\n..\\..\\..\\AppData\\Local\\pypoetry\\Cache\\virtualenvs\\final-project-_bDwe8AE-py3.12\\Lib\\site-packages\\selenium\\webdriver\\remote\\webdriver.py:741: in find_element\n    return self.execute(Command.FIND_ELEMENT, {\"using\": by, \"value\": value})[\"value\"]\n..\\..\\..\\AppData\\Local\\pypoetry\\Cache\\virtualenvs\\final-project-_bDwe8AE-py3.12\\Lib\\site-packages\\selenium\\webdriver\\remote\\webdriver.py:347: in execute\n    self.error_handler.check_response(response)\n_ _ _ _ _ _ _ _ _ _ _ _ _ _ _ _ _ _ _ _ _ _ _ _ _ _ _ _ _ _ _ _ _ _ _ _ _ _ _ _\n\nself = <selenium.webdriver.remote.errorhandler.ErrorHandler object at 0x00000269D98F8D40>\nresponse = {'status': 404, 'value': '{\"value\":{\"error\":\"no such element\",\"message\":\"no such element: Unable to locate element: {\\...07FF6A6EBBD04]\\\\n\\\\tBaseThreadInitThunk [0x00007FF8C195257D+29]\\\\n\\\\tRtlUserThreadStart [0x00007FF8C218AA58+40]\\\\n\"}}'}\n\n    def check_response(self, response: Dict[str, Any]) -> None:\n        \"\"\"Checks that a JSON response from the WebDriver does not have an\n        error.\n    \n        :Args:\n         - response - The JSON response from the WebDriver server as a dictionary\n           object.\n    \n        :Raises: If the response contains an error message.\n        \"\"\"\n        status = response.get(\"status\", None)\n        if not status or status == ErrorCode.SUCCESS:\n            return\n        value = None\n        message = response.get(\"message\", \"\")\n        screen: str = response.get(\"screen\", \"\")\n        stacktrace = None\n        if isinstance(status, int):\n            value_json = response.get(\"value\", None)\n            if value_json and isinstance(value_json, str):\n                import json\n    \n                try:\n                    value = json.loads(value_json)\n                    if len(value) == 1:\n                        value = value[\"value\"]\n                    status = value.get(\"error\", None)\n                    if not status:\n                        status = value.get(\"status\", ErrorCode.UNKNOWN_ERROR)\n                        message = value.get(\"value\") or value.get(\"message\")\n                        if not isinstance(message, str):\n                            value = message\n                            message = message.get(\"message\")\n                    else:\n                        message = value.get(\"message\", None)\n                except ValueError:\n                    pass\n    \n        exception_class: Type[WebDriverException]\n        e = ErrorCode()\n        error_codes = [item for item in dir(e) if not item.startswith(\"__\")]\n        for error_code in error_codes:\n            error_info = getattr(ErrorCode, error_code)\n            if isinstance(error_info, list) and status in error_info:\n                exception_class = getattr(ExceptionMapping, error_code, WebDriverException)\n                break\n        else:\n            exception_class = WebDriverException\n    \n        if not value:\n            value = response[\"value\"]\n        if isinstance(value, str):\n            raise exception_class(value)\n        if message == \"\" and \"message\" in value:\n            message = value[\"message\"]\n    \n        screen = None  # type: ignore[assignment]\n        if \"screen\" in value:\n            screen = value[\"screen\"]\n    \n        stacktrace = None\n        st_value = value.get(\"stackTrace\") or value.get(\"stacktrace\")\n        if st_value:\n            if isinstance(st_value, str):\n                stacktrace = st_value.split(\"\\n\")\n            else:\n                stacktrace = []\n                try:\n                    for frame in st_value:\n                        line = frame.get(\"lineNumber\", \"\")\n                        file = frame.get(\"fileName\", \"<anonymous>\")\n                        if line:\n                            file = f\"{file}:{line}\"\n                        meth = frame.get(\"methodName\", \"<anonymous>\")\n                        if \"className\" in frame:\n                            meth = f\"{frame['className']}.{meth}\"\n                        msg = \"    at %s (%s)\"\n                        msg = msg % (meth, file)\n                        stacktrace.append(msg)\n                except TypeError:\n                    pass\n        if exception_class == UnexpectedAlertPresentException:\n            alert_text = None\n            if \"data\" in value:\n                alert_text = value[\"data\"].get(\"text\")\n            elif \"alert\" in value:\n                alert_text = value[\"alert\"].get(\"text\")\n            raise exception_class(message, screen, stacktrace, alert_text)  # type: ignore[call-arg]  # mypy is not smart enough here\n>       raise exception_class(message, screen, stacktrace)\nE       selenium.common.exceptions.NoSuchElementException: Message: no such element: Unable to locate element: {\"method\":\"xpath\",\"selector\":\"//span[@data-testid=\"input-clear\"]\"}\nE         (Session info: chrome=121.0.6167.160); For documentation on this error, please visit: https://www.selenium.dev/documentation/webdriver/troubleshooting/errors#no-such-element-exception\nE       Stacktrace:\nE       \tGetHandleVerifier [0x00007FF6A72A5E42+3538674]\nE       \t(No symbol) [0x00007FF6A6EC4C02]\nE       \t(No symbol) [0x00007FF6A6D75AEB]\nE       \t(No symbol) [0x00007FF6A6DBBF4E]\nE       \t(No symbol) [0x00007FF6A6DBC0CC]\nE       \t(No symbol) [0x00007FF6A6DFE477]\nE       \t(No symbol) [0x00007FF6A6DDF0EF]\nE       \t(No symbol) [0x00007FF6A6DFBDE3]\nE       \t(No symbol) [0x00007FF6A6DDEE53]\nE       \t(No symbol) [0x00007FF6A6DAF514]\nE       \t(No symbol) [0x00007FF6A6DB0631]\nE       \tGetHandleVerifier [0x00007FF6A72D6CAD+3738973]\nE       \tGetHandleVerifier [0x00007FF6A732C506+4089270]\nE       \tGetHandleVerifier [0x00007FF6A7324823+4057299]\nE       \tGetHandleVerifier [0x00007FF6A6FF5C49+720121]\nE       \t(No symbol) [0x00007FF6A6ED126F]\nE       \t(No symbol) [0x00007FF6A6ECC304]\nE       \t(No symbol) [0x00007FF6A6ECC432]\nE       \t(No symbol) [0x00007FF6A6EBBD04]\nE       \tBaseThreadInitThunk [0x00007FF8C195257D+29]\nE       \tRtlUserThreadStart [0x00007FF8C218AA58+40]\n\n..\\..\\..\\AppData\\Local\\pypoetry\\Cache\\virtualenvs\\final-project-_bDwe8AE-py3.12\\Lib\\site-packages\\selenium\\webdriver\\remote\\errorhandler.py:229: NoSuchElementException","steps":[{"name":"Clean Stay destination input field.","time":{"start":1707318505997,"stop":1707318507013,"duration":1016},"status":"broken","statusMessage":"selenium.common.exceptions.NoSuchElementException: Message: no such element: Unable to locate element: {\"method\":\"xpath\",\"selector\":\"//span[@data-testid=\"input-clear\"]\"}\n  (Session info: chrome=121.0.6167.160); For documentation on this error, please visit: https://www.selenium.dev/documentation/webdriver/troubleshooting/errors#no-such-element-exception\nStacktrace:\n\tGetHandleVerifier [0x00007FF6A72A5E42+3538674]\n\t(No symbol) [0x00007FF6A6EC4C02]\n\t(No symbol) [0x00007FF6A6D75AEB]\n\t(No symbol) [0x00007FF6A6DBBF4E]\n\t(No symbol) [0x00007FF6A6DBC0CC]\n\t(No symbol) [0x00007FF6A6DFE477]\n\t(No symbol) [0x00007FF6A6DDF0EF]\n\t(No symbol) [0x00007FF6A6DFBDE3]\n\t(No symbol) [0x00007FF6A6DDEE53]\n\t(No symbol) [0x00007FF6A6DAF514]\n\t(No symbol) [0x00007FF6A6DB0631]\n\tGetHandleVerifier [0x00007FF6A72D6CAD+3738973]\n\tGetHandleVerifier [0x00007FF6A732C506+4089270]\n\tGetHandleVerifier [0x00007FF6A7324823+4057299]\n\tGetHandleVerifier [0x00007FF6A6FF5C49+720121]\n\t(No symbol) [0x00007FF6A6ED126F]\n\t(No symbol) [0x00007FF6A6ECC304]\n\t(No symbol) [0x00007FF6A6ECC432]\n\t(No symbol) [0x00007FF6A6EBBD04]\n\tBaseThreadInitThunk [0x00007FF8C195257D+29]\n\tRtlUserThreadStart [0x00007FF8C218AA58+40]\n\n","statusTrace":"  File \"C:\\Users\\sabro\\AppData\\Local\\pypoetry\\Cache\\virtualenvs\\final-project-_bDwe8AE-py3.12\\Lib\\site-packages\\allure_commons\\_allure.py\", line 192, in impl\n    return func(*a, **kw)\n           ^^^^^^^^^^^^^^\n  File \"C:\\Users\\sabro\\.jenkins\\workspace\\Final Project\\final_project\\steps\\stays_step.py\", line 33, in clean_destination\n    self.find(StaysPage.STAY_DESTINATION_INPUT_CLEAR_BUTTON).click()\n    ^^^^^^^^^^^^^^^^^^^^^^^^^^^^^^^^^^^^^^^^^^^^^^^^^^^^^^^^\n  File \"C:\\Users\\sabro\\.jenkins\\workspace\\Final Project\\final_project\\steps\\common_actions.py\", line 18, in find\n    return self.driver.find_element(*locator)\n           ^^^^^^^^^^^^^^^^^^^^^^^^^^^^^^^^^^\n  File \"C:\\Users\\sabro\\AppData\\Local\\pypoetry\\Cache\\virtualenvs\\final-project-_bDwe8AE-py3.12\\Lib\\site-packages\\seleniumbase\\core\\sb_driver.py\", line 20, in find_element\n    return self.driver.default_find_element(by=by, value=value)\n           ^^^^^^^^^^^^^^^^^^^^^^^^^^^^^^^^^^^^^^^^^^^^^^^^^^^^\n  File \"C:\\Users\\sabro\\AppData\\Local\\pypoetry\\Cache\\virtualenvs\\final-project-_bDwe8AE-py3.12\\Lib\\site-packages\\selenium\\webdriver\\remote\\webdriver.py\", line 741, in find_element\n    return self.execute(Command.FIND_ELEMENT, {\"using\": by, \"value\": value})[\"value\"]\n           ^^^^^^^^^^^^^^^^^^^^^^^^^^^^^^^^^^^^^^^^^^^^^^^^^^^^^^^^^^^^^^^^^\n  File \"C:\\Users\\sabro\\AppData\\Local\\pypoetry\\Cache\\virtualenvs\\final-project-_bDwe8AE-py3.12\\Lib\\site-packages\\selenium\\webdriver\\remote\\webdriver.py\", line 347, in execute\n    self.error_handler.check_response(response)\n  File \"C:\\Users\\sabro\\AppData\\Local\\pypoetry\\Cache\\virtualenvs\\final-project-_bDwe8AE-py3.12\\Lib\\site-packages\\selenium\\webdriver\\remote\\errorhandler.py\", line 229, in check_response\n    raise exception_class(message, screen, stacktrace)\n","steps":[],"attachments":[],"parameters":[],"stepsCount":0,"attachmentStep":false,"shouldDisplayMessage":true,"attachmentsCount":0,"hasContent":true}],"attachments":[],"parameters":[],"stepsCount":1,"attachmentStep":false,"shouldDisplayMessage":true,"attachmentsCount":0,"hasContent":true},"afterStages":[{"name":"driver_undetected::0","time":{"start":1707318603751,"stop":1707318606091,"duration":2340},"status":"passed","steps":[],"attachments":[],"parameters":[],"stepsCount":0,"attachmentStep":false,"shouldDisplayMessage":false,"attachmentsCount":0,"hasContent":false}],"labels":[{"name":"parentSuite","value":"tests"},{"name":"suite","value":"test_stays"},{"name":"subSuite","value":"TestStays"},{"name":"host","value":"Alice"},{"name":"thread","value":"7372-MainThread"},{"name":"framework","value":"pytest"},{"name":"language","value":"cpython3"},{"name":"package","value":"tests.test_stays"},{"name":"resultFormat","value":"allure2"}],"parameters":[{"name":"email","value":"'sherlock@gmail.com'"},{"name":"expected_stay_destination","value":"'Tashkent'"},{"name":"password","value":"'Sherlock@2000'"}],"links":[],"hidden":false,"retry":false,"extra":{"severity":"normal","retries":[],"categories":[{"name":"Test defects","matchedStatuses":[],"flaky":false}],"tags":[]},"source":"bd5ca4d0ed71047e.json","parameterValues":["'sherlock@gmail.com'","'Tashkent'","'Sherlock@2000'"]}