{"uid":"dc0ce5fc30b0b927","name":"E2E test car rental with drop off at different location","fullName":"tests.test_car_rental.TestCarRental#test_end_to_end_car_rental_with_drop_off_different_location","historyId":"675fe735e9c65aab3c900b28e635b824","time":{"start":1707317155147,"stop":1707317281799,"duration":126652},"description":"This test checks the full cycle of functionality of car rental starting from searching for a car, view deal and payment","descriptionHtml":"<p>This test checks the full cycle of functionality of car rental starting from searching for a car, view deal and payment</p>\n","status":"broken","statusMessage":"selenium.common.exceptions.NoSuchElementException: Message: no such element: Unable to locate element: {\"method\":\"xpath\",\"selector\":\"//h1[@data-testid='page-title']\"}\n  (Session info: chrome=121.0.6167.160); For documentation on this error, please visit: https://www.selenium.dev/documentation/webdriver/troubleshooting/errors#no-such-element-exception\nStacktrace:\n\tGetHandleVerifier [0x00007FF6A72A5E42+3538674]\n\t(No symbol) [0x00007FF6A6EC4C02]\n\t(No symbol) [0x00007FF6A6D75AEB]\n\t(No symbol) [0x00007FF6A6DBBF4E]\n\t(No symbol) [0x00007FF6A6DBC0CC]\n\t(No symbol) [0x00007FF6A6DFE477]\n\t(No symbol) [0x00007FF6A6DDF0EF]\n\t(No symbol) [0x00007FF6A6DFBDE3]\n\t(No symbol) [0x00007FF6A6DDEE53]\n\t(No symbol) [0x00007FF6A6DAF514]\n\t(No symbol) [0x00007FF6A6DB0631]\n\tGetHandleVerifier [0x00007FF6A72D6CAD+3738973]\n\tGetHandleVerifier [0x00007FF6A732C506+4089270]\n\tGetHandleVerifier [0x00007FF6A7324823+4057299]\n\tGetHandleVerifier [0x00007FF6A6FF5C49+720121]\n\t(No symbol) [0x00007FF6A6ED126F]\n\t(No symbol) [0x00007FF6A6ECC304]\n\t(No symbol) [0x00007FF6A6ECC432]\n\t(No symbol) [0x00007FF6A6EBBD04]\n\tBaseThreadInitThunk [0x00007FF8C195257D+29]\n\tRtlUserThreadStart [0x00007FF8C218AA58+40]","statusTrace":"self = <tests.test_car_rental.TestCarRental object at 0x00000269D97971A0>\ndriver_undetected = <seleniumbase.undetected.Chrome (session=\"f329c42a9476956e1e5e7e54746ab8d3\")>\n\n    @allure.title(report_text_sheet.get_value(\"car_rental_title\"))\n    @allure.description(report_text_sheet.get_value(\"car_rental_desc\"))\n    @allure.tag(\"E2E\")\n    @allure.tag(\"UI\")\n    def test_end_to_end_car_rental_with_drop_off_different_location(self, driver_undetected):\n        car_rental_step = CarRentalStep(driver_undetected)\n        car_rental_data = CarRentalData()\n        car_rental_search_result = CarRentalSearchResultStep(driver_undetected)\n    \n        with allure.step(\"Preconditions\"):\n            with allure.step(f\"Open the Home page of '{Urls.HOME_URL}'.\"):\n                car_rental_step.open_page(Urls.HOME_URL)\n                car_rental_step.close_dialog_modal()\n                with soft_assertions():\n                    assert_that(car_rental_step.main_page_is_opened()).is_true()\n            with allure.step(\"Change currency to usd\"):\n                car_rental_step.change_currency()\n                with soft_assertions():\n                    assert_that(car_rental_step.current_currency()).is_equal_to(\"USD\")\n    \n        # Steps in car rental interface\n        with allure.step(\"Open Car Rental Interface\"):\n            car_rental_step.open_rental_page()\n            car_rental_step.change_language_to_en()\n            with soft_assertions():\n                assert_that(car_rental_step.car_rental_is_opened()).is_true()\n                assert_that(car_rental_step.search_form_is_visible()).is_true()\n    \n        with allure.step(\"Check checkbox drop off at different location\"):\n            car_rental_step.check_drop_car_different_location()\n            with soft_assertions():\n                assert_that(car_rental_step.is_checked_drop_car()).is_true()\n    \n        with allure.step(\"Default Age checkbox is uncheck\"):\n            car_rental_step.uncheck_driver_age_between()\n            with soft_assertions():\n                assert_that(car_rental_step.is_checked_age_between()).is_false()\n                assert_that(car_rental_step.age_input_is_visible()).is_true()\n    \n        with allure.step(\"Enter driver's age\"):\n            car_rental_step.enter_driver_age(car_rental_data.age)\n            with soft_assertions():\n                assert_that(car_rental_data.age).is_equal_to(car_rental_step.age_value())\n    \n        with allure.step(\"Enter Pick-up location\"):\n            car_rental_step.enter_pic_up_location(car_rental_data.pic_up_location)\n            with soft_assertions():\n                assert_that(car_rental_step.pic_up_location_value()).contains(car_rental_data.pic_up_location)\n    \n        with allure.step(\"Enter Drop-off location\"):\n            car_rental_step.enter_drop_off_location(car_rental_data.drop_off_location)\n            with soft_assertions():\n                assert_that(car_rental_step.drop_off_location_value()).contains(car_rental_data.drop_off_location)\n    \n        with allure.step(\"Enter Pick-up date and time\"):\n            car_rental_step.select_date_and_time(car_rental_data.pick_up_date,\n                                                 car_rental_data.pick_up_time, \"pick_up\")\n            with soft_assertions():\n                assert_that(car_rental_step.selected_pick_up_date()).is_in(car_rental_data.pick_up_date)\n                assert_that(car_rental_data.pick_up_time).contains(car_rental_step.selected_pick_up_time())\n    \n        with allure.step(\"Enter Drop-off date and time\"):\n            car_rental_step.select_date_and_time(car_rental_data.drop_off_date,\n                                                 car_rental_data.drop_off_time, \"drop_off\")\n            with soft_assertions():\n                assert_that(car_rental_step.selected_drop_off_date()).is_in(car_rental_data.drop_off_date)\n                assert_that(car_rental_data.drop_off_time).contains(car_rental_step.selected_drop_off_time())\n    \n        with allure.step(\"Submit car rental search\"):\n            car_rental_step.click_search_button()\n            with soft_assertions():\n>               assert_that(car_rental_search_result.car_rental_result_search_is_opened()).is_true()\n\ntests\\test_car_rental.py:83: \n_ _ _ _ _ _ _ _ _ _ _ _ _ _ _ _ _ _ _ _ _ _ _ _ _ _ _ _ _ _ _ _ _ _ _ _ _ _ _ _\nfinal_project\\steps\\car_rental_result_search_step.py:11: in car_rental_result_search_is_opened\n    return self.find(self.CAR_RENTAL_PAGE_TITLE).is_displayed()\nfinal_project\\steps\\common_actions.py:18: in find\n    return self.driver.find_element(*locator)\n..\\..\\..\\AppData\\Local\\pypoetry\\Cache\\virtualenvs\\final-project-_bDwe8AE-py3.12\\Lib\\site-packages\\seleniumbase\\core\\sb_driver.py:20: in find_element\n    return self.driver.default_find_element(by=by, value=value)\n..\\..\\..\\AppData\\Local\\pypoetry\\Cache\\virtualenvs\\final-project-_bDwe8AE-py3.12\\Lib\\site-packages\\selenium\\webdriver\\remote\\webdriver.py:741: in find_element\n    return self.execute(Command.FIND_ELEMENT, {\"using\": by, \"value\": value})[\"value\"]\n..\\..\\..\\AppData\\Local\\pypoetry\\Cache\\virtualenvs\\final-project-_bDwe8AE-py3.12\\Lib\\site-packages\\selenium\\webdriver\\remote\\webdriver.py:347: in execute\n    self.error_handler.check_response(response)\n_ _ _ _ _ _ _ _ _ _ _ _ _ _ _ _ _ _ _ _ _ _ _ _ _ _ _ _ _ _ _ _ _ _ _ _ _ _ _ _\n\nself = <selenium.webdriver.remote.errorhandler.ErrorHandler object at 0x00000269D98F8D40>\nresponse = {'status': 404, 'value': '{\"value\":{\"error\":\"no such element\",\"message\":\"no such element: Unable to locate element: {\\...07FF6A6EBBD04]\\\\n\\\\tBaseThreadInitThunk [0x00007FF8C195257D+29]\\\\n\\\\tRtlUserThreadStart [0x00007FF8C218AA58+40]\\\\n\"}}'}\n\n    def check_response(self, response: Dict[str, Any]) -> None:\n        \"\"\"Checks that a JSON response from the WebDriver does not have an\n        error.\n    \n        :Args:\n         - response - The JSON response from the WebDriver server as a dictionary\n           object.\n    \n        :Raises: If the response contains an error message.\n        \"\"\"\n        status = response.get(\"status\", None)\n        if not status or status == ErrorCode.SUCCESS:\n            return\n        value = None\n        message = response.get(\"message\", \"\")\n        screen: str = response.get(\"screen\", \"\")\n        stacktrace = None\n        if isinstance(status, int):\n            value_json = response.get(\"value\", None)\n            if value_json and isinstance(value_json, str):\n                import json\n    \n                try:\n                    value = json.loads(value_json)\n                    if len(value) == 1:\n                        value = value[\"value\"]\n                    status = value.get(\"error\", None)\n                    if not status:\n                        status = value.get(\"status\", ErrorCode.UNKNOWN_ERROR)\n                        message = value.get(\"value\") or value.get(\"message\")\n                        if not isinstance(message, str):\n                            value = message\n                            message = message.get(\"message\")\n                    else:\n                        message = value.get(\"message\", None)\n                except ValueError:\n                    pass\n    \n        exception_class: Type[WebDriverException]\n        e = ErrorCode()\n        error_codes = [item for item in dir(e) if not item.startswith(\"__\")]\n        for error_code in error_codes:\n            error_info = getattr(ErrorCode, error_code)\n            if isinstance(error_info, list) and status in error_info:\n                exception_class = getattr(ExceptionMapping, error_code, WebDriverException)\n                break\n        else:\n            exception_class = WebDriverException\n    \n        if not value:\n            value = response[\"value\"]\n        if isinstance(value, str):\n            raise exception_class(value)\n        if message == \"\" and \"message\" in value:\n            message = value[\"message\"]\n    \n        screen = None  # type: ignore[assignment]\n        if \"screen\" in value:\n            screen = value[\"screen\"]\n    \n        stacktrace = None\n        st_value = value.get(\"stackTrace\") or value.get(\"stacktrace\")\n        if st_value:\n            if isinstance(st_value, str):\n                stacktrace = st_value.split(\"\\n\")\n            else:\n                stacktrace = []\n                try:\n                    for frame in st_value:\n                        line = frame.get(\"lineNumber\", \"\")\n                        file = frame.get(\"fileName\", \"<anonymous>\")\n                        if line:\n                            file = f\"{file}:{line}\"\n                        meth = frame.get(\"methodName\", \"<anonymous>\")\n                        if \"className\" in frame:\n                            meth = f\"{frame['className']}.{meth}\"\n                        msg = \"    at %s (%s)\"\n                        msg = msg % (meth, file)\n                        stacktrace.append(msg)\n                except TypeError:\n                    pass\n        if exception_class == UnexpectedAlertPresentException:\n            alert_text = None\n            if \"data\" in value:\n                alert_text = value[\"data\"].get(\"text\")\n            elif \"alert\" in value:\n                alert_text = value[\"alert\"].get(\"text\")\n            raise exception_class(message, screen, stacktrace, alert_text)  # type: ignore[call-arg]  # mypy is not smart enough here\n>       raise exception_class(message, screen, stacktrace)\nE       selenium.common.exceptions.NoSuchElementException: Message: no such element: Unable to locate element: {\"method\":\"xpath\",\"selector\":\"//h1[@data-testid='page-title']\"}\nE         (Session info: chrome=121.0.6167.160); For documentation on this error, please visit: https://www.selenium.dev/documentation/webdriver/troubleshooting/errors#no-such-element-exception\nE       Stacktrace:\nE       \tGetHandleVerifier [0x00007FF6A72A5E42+3538674]\nE       \t(No symbol) [0x00007FF6A6EC4C02]\nE       \t(No symbol) [0x00007FF6A6D75AEB]\nE       \t(No symbol) [0x00007FF6A6DBBF4E]\nE       \t(No symbol) [0x00007FF6A6DBC0CC]\nE       \t(No symbol) [0x00007FF6A6DFE477]\nE       \t(No symbol) [0x00007FF6A6DDF0EF]\nE       \t(No symbol) [0x00007FF6A6DFBDE3]\nE       \t(No symbol) [0x00007FF6A6DDEE53]\nE       \t(No symbol) [0x00007FF6A6DAF514]\nE       \t(No symbol) [0x00007FF6A6DB0631]\nE       \tGetHandleVerifier [0x00007FF6A72D6CAD+3738973]\nE       \tGetHandleVerifier [0x00007FF6A732C506+4089270]\nE       \tGetHandleVerifier [0x00007FF6A7324823+4057299]\nE       \tGetHandleVerifier [0x00007FF6A6FF5C49+720121]\nE       \t(No symbol) [0x00007FF6A6ED126F]\nE       \t(No symbol) [0x00007FF6A6ECC304]\nE       \t(No symbol) [0x00007FF6A6ECC432]\nE       \t(No symbol) [0x00007FF6A6EBBD04]\nE       \tBaseThreadInitThunk [0x00007FF8C195257D+29]\nE       \tRtlUserThreadStart [0x00007FF8C218AA58+40]\n\n..\\..\\..\\AppData\\Local\\pypoetry\\Cache\\virtualenvs\\final-project-_bDwe8AE-py3.12\\Lib\\site-packages\\selenium\\webdriver\\remote\\errorhandler.py:229: NoSuchElementException","flaky":false,"newFailed":false,"newBroken":true,"newPassed":false,"retriesCount":0,"retriesStatusChange":false,"beforeStages":[{"name":"_session_faker","time":{"start":1707316929040,"stop":1707316929085,"duration":45},"status":"passed","steps":[],"attachments":[],"parameters":[],"stepsCount":0,"attachmentStep":false,"shouldDisplayMessage":false,"attachmentsCount":0,"hasContent":false},{"name":"driver_undetected","time":{"start":1707316929085,"stop":1707316931413,"duration":2328},"status":"passed","steps":[],"attachments":[],"parameters":[],"stepsCount":0,"attachmentStep":false,"shouldDisplayMessage":false,"attachmentsCount":0,"hasContent":false}],"testStage":{"description":"This test checks the full cycle of functionality of car rental starting from searching for a car, view deal and payment","status":"broken","statusMessage":"selenium.common.exceptions.NoSuchElementException: Message: no such element: Unable to locate element: {\"method\":\"xpath\",\"selector\":\"//h1[@data-testid='page-title']\"}\n  (Session info: chrome=121.0.6167.160); For documentation on this error, please visit: https://www.selenium.dev/documentation/webdriver/troubleshooting/errors#no-such-element-exception\nStacktrace:\n\tGetHandleVerifier [0x00007FF6A72A5E42+3538674]\n\t(No symbol) [0x00007FF6A6EC4C02]\n\t(No symbol) [0x00007FF6A6D75AEB]\n\t(No symbol) [0x00007FF6A6DBBF4E]\n\t(No symbol) [0x00007FF6A6DBC0CC]\n\t(No symbol) [0x00007FF6A6DFE477]\n\t(No symbol) [0x00007FF6A6DDF0EF]\n\t(No symbol) [0x00007FF6A6DFBDE3]\n\t(No symbol) [0x00007FF6A6DDEE53]\n\t(No symbol) [0x00007FF6A6DAF514]\n\t(No symbol) [0x00007FF6A6DB0631]\n\tGetHandleVerifier [0x00007FF6A72D6CAD+3738973]\n\tGetHandleVerifier [0x00007FF6A732C506+4089270]\n\tGetHandleVerifier [0x00007FF6A7324823+4057299]\n\tGetHandleVerifier [0x00007FF6A6FF5C49+720121]\n\t(No symbol) [0x00007FF6A6ED126F]\n\t(No symbol) [0x00007FF6A6ECC304]\n\t(No symbol) [0x00007FF6A6ECC432]\n\t(No symbol) [0x00007FF6A6EBBD04]\n\tBaseThreadInitThunk [0x00007FF8C195257D+29]\n\tRtlUserThreadStart [0x00007FF8C218AA58+40]","statusTrace":"self = <tests.test_car_rental.TestCarRental object at 0x00000269D97971A0>\ndriver_undetected = <seleniumbase.undetected.Chrome (session=\"f329c42a9476956e1e5e7e54746ab8d3\")>\n\n    @allure.title(report_text_sheet.get_value(\"car_rental_title\"))\n    @allure.description(report_text_sheet.get_value(\"car_rental_desc\"))\n    @allure.tag(\"E2E\")\n    @allure.tag(\"UI\")\n    def test_end_to_end_car_rental_with_drop_off_different_location(self, driver_undetected):\n        car_rental_step = CarRentalStep(driver_undetected)\n        car_rental_data = CarRentalData()\n        car_rental_search_result = CarRentalSearchResultStep(driver_undetected)\n    \n        with allure.step(\"Preconditions\"):\n            with allure.step(f\"Open the Home page of '{Urls.HOME_URL}'.\"):\n                car_rental_step.open_page(Urls.HOME_URL)\n                car_rental_step.close_dialog_modal()\n                with soft_assertions():\n                    assert_that(car_rental_step.main_page_is_opened()).is_true()\n            with allure.step(\"Change currency to usd\"):\n                car_rental_step.change_currency()\n                with soft_assertions():\n                    assert_that(car_rental_step.current_currency()).is_equal_to(\"USD\")\n    \n        # Steps in car rental interface\n        with allure.step(\"Open Car Rental Interface\"):\n            car_rental_step.open_rental_page()\n            car_rental_step.change_language_to_en()\n            with soft_assertions():\n                assert_that(car_rental_step.car_rental_is_opened()).is_true()\n                assert_that(car_rental_step.search_form_is_visible()).is_true()\n    \n        with allure.step(\"Check checkbox drop off at different location\"):\n            car_rental_step.check_drop_car_different_location()\n            with soft_assertions():\n                assert_that(car_rental_step.is_checked_drop_car()).is_true()\n    \n        with allure.step(\"Default Age checkbox is uncheck\"):\n            car_rental_step.uncheck_driver_age_between()\n            with soft_assertions():\n                assert_that(car_rental_step.is_checked_age_between()).is_false()\n                assert_that(car_rental_step.age_input_is_visible()).is_true()\n    \n        with allure.step(\"Enter driver's age\"):\n            car_rental_step.enter_driver_age(car_rental_data.age)\n            with soft_assertions():\n                assert_that(car_rental_data.age).is_equal_to(car_rental_step.age_value())\n    \n        with allure.step(\"Enter Pick-up location\"):\n            car_rental_step.enter_pic_up_location(car_rental_data.pic_up_location)\n            with soft_assertions():\n                assert_that(car_rental_step.pic_up_location_value()).contains(car_rental_data.pic_up_location)\n    \n        with allure.step(\"Enter Drop-off location\"):\n            car_rental_step.enter_drop_off_location(car_rental_data.drop_off_location)\n            with soft_assertions():\n                assert_that(car_rental_step.drop_off_location_value()).contains(car_rental_data.drop_off_location)\n    \n        with allure.step(\"Enter Pick-up date and time\"):\n            car_rental_step.select_date_and_time(car_rental_data.pick_up_date,\n                                                 car_rental_data.pick_up_time, \"pick_up\")\n            with soft_assertions():\n                assert_that(car_rental_step.selected_pick_up_date()).is_in(car_rental_data.pick_up_date)\n                assert_that(car_rental_data.pick_up_time).contains(car_rental_step.selected_pick_up_time())\n    \n        with allure.step(\"Enter Drop-off date and time\"):\n            car_rental_step.select_date_and_time(car_rental_data.drop_off_date,\n                                                 car_rental_data.drop_off_time, \"drop_off\")\n            with soft_assertions():\n                assert_that(car_rental_step.selected_drop_off_date()).is_in(car_rental_data.drop_off_date)\n                assert_that(car_rental_data.drop_off_time).contains(car_rental_step.selected_drop_off_time())\n    \n        with allure.step(\"Submit car rental search\"):\n            car_rental_step.click_search_button()\n            with soft_assertions():\n>               assert_that(car_rental_search_result.car_rental_result_search_is_opened()).is_true()\n\ntests\\test_car_rental.py:83: \n_ _ _ _ _ _ _ _ _ _ _ _ _ _ _ _ _ _ _ _ _ _ _ _ _ _ _ _ _ _ _ _ _ _ _ _ _ _ _ _\nfinal_project\\steps\\car_rental_result_search_step.py:11: in car_rental_result_search_is_opened\n    return self.find(self.CAR_RENTAL_PAGE_TITLE).is_displayed()\nfinal_project\\steps\\common_actions.py:18: in find\n    return self.driver.find_element(*locator)\n..\\..\\..\\AppData\\Local\\pypoetry\\Cache\\virtualenvs\\final-project-_bDwe8AE-py3.12\\Lib\\site-packages\\seleniumbase\\core\\sb_driver.py:20: in find_element\n    return self.driver.default_find_element(by=by, value=value)\n..\\..\\..\\AppData\\Local\\pypoetry\\Cache\\virtualenvs\\final-project-_bDwe8AE-py3.12\\Lib\\site-packages\\selenium\\webdriver\\remote\\webdriver.py:741: in find_element\n    return self.execute(Command.FIND_ELEMENT, {\"using\": by, \"value\": value})[\"value\"]\n..\\..\\..\\AppData\\Local\\pypoetry\\Cache\\virtualenvs\\final-project-_bDwe8AE-py3.12\\Lib\\site-packages\\selenium\\webdriver\\remote\\webdriver.py:347: in execute\n    self.error_handler.check_response(response)\n_ _ _ _ _ _ _ _ _ _ _ _ _ _ _ _ _ _ _ _ _ _ _ _ _ _ _ _ _ _ _ _ _ _ _ _ _ _ _ _\n\nself = <selenium.webdriver.remote.errorhandler.ErrorHandler object at 0x00000269D98F8D40>\nresponse = {'status': 404, 'value': '{\"value\":{\"error\":\"no such element\",\"message\":\"no such element: Unable to locate element: {\\...07FF6A6EBBD04]\\\\n\\\\tBaseThreadInitThunk [0x00007FF8C195257D+29]\\\\n\\\\tRtlUserThreadStart [0x00007FF8C218AA58+40]\\\\n\"}}'}\n\n    def check_response(self, response: Dict[str, Any]) -> None:\n        \"\"\"Checks that a JSON response from the WebDriver does not have an\n        error.\n    \n        :Args:\n         - response - The JSON response from the WebDriver server as a dictionary\n           object.\n    \n        :Raises: If the response contains an error message.\n        \"\"\"\n        status = response.get(\"status\", None)\n        if not status or status == ErrorCode.SUCCESS:\n            return\n        value = None\n        message = response.get(\"message\", \"\")\n        screen: str = response.get(\"screen\", \"\")\n        stacktrace = None\n        if isinstance(status, int):\n            value_json = response.get(\"value\", None)\n            if value_json and isinstance(value_json, str):\n                import json\n    \n                try:\n                    value = json.loads(value_json)\n                    if len(value) == 1:\n                        value = value[\"value\"]\n                    status = value.get(\"error\", None)\n                    if not status:\n                        status = value.get(\"status\", ErrorCode.UNKNOWN_ERROR)\n                        message = value.get(\"value\") or value.get(\"message\")\n                        if not isinstance(message, str):\n                            value = message\n                            message = message.get(\"message\")\n                    else:\n                        message = value.get(\"message\", None)\n                except ValueError:\n                    pass\n    \n        exception_class: Type[WebDriverException]\n        e = ErrorCode()\n        error_codes = [item for item in dir(e) if not item.startswith(\"__\")]\n        for error_code in error_codes:\n            error_info = getattr(ErrorCode, error_code)\n            if isinstance(error_info, list) and status in error_info:\n                exception_class = getattr(ExceptionMapping, error_code, WebDriverException)\n                break\n        else:\n            exception_class = WebDriverException\n    \n        if not value:\n            value = response[\"value\"]\n        if isinstance(value, str):\n            raise exception_class(value)\n        if message == \"\" and \"message\" in value:\n            message = value[\"message\"]\n    \n        screen = None  # type: ignore[assignment]\n        if \"screen\" in value:\n            screen = value[\"screen\"]\n    \n        stacktrace = None\n        st_value = value.get(\"stackTrace\") or value.get(\"stacktrace\")\n        if st_value:\n            if isinstance(st_value, str):\n                stacktrace = st_value.split(\"\\n\")\n            else:\n                stacktrace = []\n                try:\n                    for frame in st_value:\n                        line = frame.get(\"lineNumber\", \"\")\n                        file = frame.get(\"fileName\", \"<anonymous>\")\n                        if line:\n                            file = f\"{file}:{line}\"\n                        meth = frame.get(\"methodName\", \"<anonymous>\")\n                        if \"className\" in frame:\n                            meth = f\"{frame['className']}.{meth}\"\n                        msg = \"    at %s (%s)\"\n                        msg = msg % (meth, file)\n                        stacktrace.append(msg)\n                except TypeError:\n                    pass\n        if exception_class == UnexpectedAlertPresentException:\n            alert_text = None\n            if \"data\" in value:\n                alert_text = value[\"data\"].get(\"text\")\n            elif \"alert\" in value:\n                alert_text = value[\"alert\"].get(\"text\")\n            raise exception_class(message, screen, stacktrace, alert_text)  # type: ignore[call-arg]  # mypy is not smart enough here\n>       raise exception_class(message, screen, stacktrace)\nE       selenium.common.exceptions.NoSuchElementException: Message: no such element: Unable to locate element: {\"method\":\"xpath\",\"selector\":\"//h1[@data-testid='page-title']\"}\nE         (Session info: chrome=121.0.6167.160); For documentation on this error, please visit: https://www.selenium.dev/documentation/webdriver/troubleshooting/errors#no-such-element-exception\nE       Stacktrace:\nE       \tGetHandleVerifier [0x00007FF6A72A5E42+3538674]\nE       \t(No symbol) [0x00007FF6A6EC4C02]\nE       \t(No symbol) [0x00007FF6A6D75AEB]\nE       \t(No symbol) [0x00007FF6A6DBBF4E]\nE       \t(No symbol) [0x00007FF6A6DBC0CC]\nE       \t(No symbol) [0x00007FF6A6DFE477]\nE       \t(No symbol) [0x00007FF6A6DDF0EF]\nE       \t(No symbol) [0x00007FF6A6DFBDE3]\nE       \t(No symbol) [0x00007FF6A6DDEE53]\nE       \t(No symbol) [0x00007FF6A6DAF514]\nE       \t(No symbol) [0x00007FF6A6DB0631]\nE       \tGetHandleVerifier [0x00007FF6A72D6CAD+3738973]\nE       \tGetHandleVerifier [0x00007FF6A732C506+4089270]\nE       \tGetHandleVerifier [0x00007FF6A7324823+4057299]\nE       \tGetHandleVerifier [0x00007FF6A6FF5C49+720121]\nE       \t(No symbol) [0x00007FF6A6ED126F]\nE       \t(No symbol) [0x00007FF6A6ECC304]\nE       \t(No symbol) [0x00007FF6A6ECC432]\nE       \t(No symbol) [0x00007FF6A6EBBD04]\nE       \tBaseThreadInitThunk [0x00007FF8C195257D+29]\nE       \tRtlUserThreadStart [0x00007FF8C218AA58+40]\n\n..\\..\\..\\AppData\\Local\\pypoetry\\Cache\\virtualenvs\\final-project-_bDwe8AE-py3.12\\Lib\\site-packages\\selenium\\webdriver\\remote\\errorhandler.py:229: NoSuchElementException","steps":[{"name":"Preconditions","time":{"start":1707317155147,"stop":1707317188561,"duration":33414},"status":"passed","steps":[{"name":"Open the Home page of 'https://www.booking.com/'.","time":{"start":1707317155147,"stop":1707317181773,"duration":26626},"status":"passed","steps":[{"name":"Assert that system displays 'Home page' interface","time":{"start":1707317180749,"stop":1707317181773,"duration":1024},"status":"passed","steps":[],"attachments":[],"parameters":[],"stepsCount":0,"attachmentStep":false,"shouldDisplayMessage":false,"attachmentsCount":0,"hasContent":false}],"attachments":[],"parameters":[],"stepsCount":1,"attachmentStep":false,"shouldDisplayMessage":false,"attachmentsCount":0,"hasContent":true},{"name":"Change currency to usd","time":{"start":1707317181773,"stop":1707317188561,"duration":6788},"status":"passed","steps":[{"name":"Change currency","time":{"start":1707317181773,"stop":1707317185536,"duration":3763},"status":"passed","steps":[],"attachments":[],"parameters":[],"stepsCount":0,"attachmentStep":false,"shouldDisplayMessage":false,"attachmentsCount":0,"hasContent":false},{"name":"Assert that currency is equal to USD","time":{"start":1707317185536,"stop":1707317188561,"duration":3025},"status":"passed","steps":[],"attachments":[],"parameters":[],"stepsCount":0,"attachmentStep":false,"shouldDisplayMessage":false,"attachmentsCount":0,"hasContent":false}],"attachments":[],"parameters":[],"stepsCount":2,"attachmentStep":false,"shouldDisplayMessage":false,"attachmentsCount":0,"hasContent":true}],"attachments":[],"parameters":[],"stepsCount":5,"attachmentStep":false,"shouldDisplayMessage":false,"attachmentsCount":0,"hasContent":true},{"name":"Open Car Rental Interface","time":{"start":1707317188561,"stop":1707317195065,"duration":6504},"status":"passed","steps":[{"name":"Click Car Rental Tab","time":{"start":1707317188561,"stop":1707317190887,"duration":2326},"status":"passed","steps":[],"attachments":[],"parameters":[],"stepsCount":0,"attachmentStep":false,"shouldDisplayMessage":false,"attachmentsCount":0,"hasContent":false},{"name":"Assert that system displays 'Car rental' interface","time":{"start":1707317193032,"stop":1707317194053,"duration":1021},"status":"passed","steps":[],"attachments":[],"parameters":[],"stepsCount":0,"attachmentStep":false,"shouldDisplayMessage":false,"attachmentsCount":0,"hasContent":false},{"name":"Assert that search form visible","time":{"start":1707317194053,"stop":1707317195065,"duration":1012},"status":"passed","steps":[],"attachments":[],"parameters":[],"stepsCount":0,"attachmentStep":false,"shouldDisplayMessage":false,"attachmentsCount":0,"hasContent":false}],"attachments":[],"parameters":[],"stepsCount":3,"attachmentStep":false,"shouldDisplayMessage":false,"attachmentsCount":0,"hasContent":true},{"name":"Check checkbox drop off at different location","time":{"start":1707317195065,"stop":1707317196118,"duration":1053},"status":"passed","steps":[{"name":"Click checkbox drop off at different location","time":{"start":1707317195066,"stop":1707317195099,"duration":33},"status":"passed","steps":[],"attachments":[],"parameters":[],"stepsCount":0,"attachmentStep":false,"shouldDisplayMessage":false,"attachmentsCount":0,"hasContent":false},{"name":"Assert that checkbox drop off at different location is checked","time":{"start":1707317195100,"stop":1707317196118,"duration":1018},"status":"passed","steps":[],"attachments":[],"parameters":[],"stepsCount":0,"attachmentStep":false,"shouldDisplayMessage":false,"attachmentsCount":0,"hasContent":false}],"attachments":[],"parameters":[],"stepsCount":2,"attachmentStep":false,"shouldDisplayMessage":false,"attachmentsCount":0,"hasContent":true},{"name":"Default Age checkbox is uncheck","time":{"start":1707317196118,"stop":1707317198171,"duration":2053},"status":"passed","steps":[{"name":"Click Default Age checkbox","time":{"start":1707317196119,"stop":1707317196150,"duration":31},"status":"passed","steps":[],"attachments":[],"parameters":[],"stepsCount":0,"attachmentStep":false,"shouldDisplayMessage":false,"attachmentsCount":0,"hasContent":false},{"name":"Assert that default age checkbox is uncheck","time":{"start":1707317196150,"stop":1707317197163,"duration":1013},"status":"passed","steps":[],"attachments":[],"parameters":[],"stepsCount":0,"attachmentStep":false,"shouldDisplayMessage":false,"attachmentsCount":0,"hasContent":false},{"name":"Assert that input age visible","time":{"start":1707317197163,"stop":1707317198171,"duration":1008},"status":"passed","steps":[],"attachments":[],"parameters":[],"stepsCount":0,"attachmentStep":false,"shouldDisplayMessage":false,"attachmentsCount":0,"hasContent":false}],"attachments":[],"parameters":[],"stepsCount":3,"attachmentStep":false,"shouldDisplayMessage":false,"attachmentsCount":0,"hasContent":true},{"name":"Enter driver's age","time":{"start":1707317198171,"stop":1707317200286,"duration":2115},"status":"passed","steps":[{"name":"Fill in the driver's age:'63'","time":{"start":1707317198171,"stop":1707317199270,"duration":1099},"status":"passed","steps":[],"attachments":[],"parameters":[{"name":"age","value":"'63'"}],"stepsCount":0,"attachmentStep":false,"shouldDisplayMessage":false,"attachmentsCount":0,"hasContent":true},{"name":"Assert that driver's age filled","time":{"start":1707317199270,"stop":1707317200286,"duration":1016},"status":"passed","steps":[],"attachments":[],"parameters":[],"stepsCount":0,"attachmentStep":false,"shouldDisplayMessage":false,"attachmentsCount":0,"hasContent":false}],"attachments":[],"parameters":[],"stepsCount":2,"attachmentStep":false,"shouldDisplayMessage":false,"attachmentsCount":0,"hasContent":true},{"name":"Enter Pick-up location","time":{"start":1707317200286,"stop":1707317203943,"duration":3657},"status":"passed","steps":[{"name":"Fill in the Pick-up location: 'Dubai'","time":{"start":1707317200286,"stop":1707317202929,"duration":2643},"status":"passed","steps":[],"attachments":[],"parameters":[{"name":"pic_up_location","value":"'Dubai'"}],"stepsCount":0,"attachmentStep":false,"shouldDisplayMessage":false,"attachmentsCount":0,"hasContent":true},{"name":"Assert that Pick Up location filled","time":{"start":1707317202929,"stop":1707317203943,"duration":1014},"status":"passed","steps":[],"attachments":[],"parameters":[],"stepsCount":0,"attachmentStep":false,"shouldDisplayMessage":false,"attachmentsCount":0,"hasContent":false}],"attachments":[],"parameters":[],"stepsCount":2,"attachmentStep":false,"shouldDisplayMessage":false,"attachmentsCount":0,"hasContent":true},{"name":"Enter Drop-off location","time":{"start":1707317203943,"stop":1707317207090,"duration":3147},"status":"passed","steps":[{"name":"Fill in the Drop-off location: 'Burj Khalifa'","time":{"start":1707317203943,"stop":1707317206077,"duration":2134},"status":"passed","steps":[],"attachments":[],"parameters":[{"name":"drop_off_location","value":"'Burj Khalifa'"}],"stepsCount":0,"attachmentStep":false,"shouldDisplayMessage":false,"attachmentsCount":0,"hasContent":true},{"name":"Assert that Drop-off location filled","time":{"start":1707317206077,"stop":1707317207090,"duration":1013},"status":"passed","steps":[],"attachments":[],"parameters":[],"stepsCount":0,"attachmentStep":false,"shouldDisplayMessage":false,"attachmentsCount":0,"hasContent":false}],"attachments":[],"parameters":[],"stepsCount":2,"attachmentStep":false,"shouldDisplayMessage":false,"attachmentsCount":0,"hasContent":true},{"name":"Enter Pick-up date and time","time":{"start":1707317207090,"stop":1707317212748,"duration":5658},"status":"passed","steps":[{"name":"Select 'pick_up' date: '25 May' and time: '04:30'","time":{"start":1707317207090,"stop":1707317208647,"duration":1557},"status":"passed","steps":[],"attachments":[],"parameters":[{"name":"date","value":"'25 May'"},{"name":"time_t","value":"'04:30'"},{"name":"kind","value":"'pick_up'"}],"stepsCount":0,"attachmentStep":false,"shouldDisplayMessage":false,"attachmentsCount":0,"hasContent":true},{"name":"Assert that pick-up date selected","time":{"start":1707317208647,"stop":1707317211667,"duration":3020},"status":"passed","steps":[],"attachments":[],"parameters":[],"stepsCount":0,"attachmentStep":false,"shouldDisplayMessage":false,"attachmentsCount":0,"hasContent":false},{"name":"Assert that pick-up time selected","time":{"start":1707317211668,"stop":1707317212748,"duration":1080},"status":"passed","steps":[],"attachments":[],"parameters":[],"stepsCount":0,"attachmentStep":false,"shouldDisplayMessage":false,"attachmentsCount":0,"hasContent":false}],"attachments":[],"parameters":[],"stepsCount":3,"attachmentStep":false,"shouldDisplayMessage":false,"attachmentsCount":0,"hasContent":true},{"name":"Enter Drop-off date and time","time":{"start":1707317212748,"stop":1707317218365,"duration":5617},"status":"passed","steps":[{"name":"Select 'drop_off' date: '30 May' and time: '18:30'","time":{"start":1707317212748,"stop":1707317214123,"duration":1375},"status":"passed","steps":[],"attachments":[],"parameters":[{"name":"date","value":"'30 May'"},{"name":"time_t","value":"'18:30'"},{"name":"kind","value":"'drop_off'"}],"stepsCount":0,"attachmentStep":false,"shouldDisplayMessage":false,"attachmentsCount":0,"hasContent":true},{"name":"Assert that drop-off date selected","time":{"start":1707317214123,"stop":1707317217141,"duration":3018},"status":"passed","steps":[],"attachments":[],"parameters":[],"stepsCount":0,"attachmentStep":false,"shouldDisplayMessage":false,"attachmentsCount":0,"hasContent":false},{"name":"Assert that drop-off time selected","time":{"start":1707317217141,"stop":1707317218365,"duration":1224},"status":"passed","steps":[],"attachments":[],"parameters":[],"stepsCount":0,"attachmentStep":false,"shouldDisplayMessage":false,"attachmentsCount":0,"hasContent":false}],"attachments":[],"parameters":[],"stepsCount":3,"attachmentStep":false,"shouldDisplayMessage":false,"attachmentsCount":0,"hasContent":true},{"name":"Submit car rental search","time":{"start":1707317218366,"stop":1707317281792,"duration":63426},"status":"broken","statusMessage":"selenium.common.exceptions.NoSuchElementException: Message: no such element: Unable to locate element: {\"method\":\"xpath\",\"selector\":\"//h1[@data-testid='page-title']\"}\n  (Session info: chrome=121.0.6167.160); For documentation on this error, please visit: https://www.selenium.dev/documentation/webdriver/troubleshooting/errors#no-such-element-exception\nStacktrace:\n\tGetHandleVerifier [0x00007FF6A72A5E42+3538674]\n\t(No symbol) [0x00007FF6A6EC4C02]\n\t(No symbol) [0x00007FF6A6D75AEB]\n\t(No symbol) [0x00007FF6A6DBBF4E]\n\t(No symbol) [0x00007FF6A6DBC0CC]\n\t(No symbol) [0x00007FF6A6DFE477]\n\t(No symbol) [0x00007FF6A6DDF0EF]\n\t(No symbol) [0x00007FF6A6DFBDE3]\n\t(No symbol) [0x00007FF6A6DDEE53]\n\t(No symbol) [0x00007FF6A6DAF514]\n\t(No symbol) [0x00007FF6A6DB0631]\n\tGetHandleVerifier [0x00007FF6A72D6CAD+3738973]\n\tGetHandleVerifier [0x00007FF6A732C506+4089270]\n\tGetHandleVerifier [0x00007FF6A7324823+4057299]\n\tGetHandleVerifier [0x00007FF6A6FF5C49+720121]\n\t(No symbol) [0x00007FF6A6ED126F]\n\t(No symbol) [0x00007FF6A6ECC304]\n\t(No symbol) [0x00007FF6A6ECC432]\n\t(No symbol) [0x00007FF6A6EBBD04]\n\tBaseThreadInitThunk [0x00007FF8C195257D+29]\n\tRtlUserThreadStart [0x00007FF8C218AA58+40]\n\n","statusTrace":"  File \"C:\\Users\\sabro\\.jenkins\\workspace\\Final Project\\tests\\test_car_rental.py\", line 83, in test_end_to_end_car_rental_with_drop_off_different_location\n    assert_that(car_rental_search_result.car_rental_result_search_is_opened()).is_true()\n                ^^^^^^^^^^^^^^^^^^^^^^^^^^^^^^^^^^^^^^^^^^^^^^^^^^^^^^^^^^^^^\n  File \"C:\\Users\\sabro\\AppData\\Local\\pypoetry\\Cache\\virtualenvs\\final-project-_bDwe8AE-py3.12\\Lib\\site-packages\\allure_commons\\_allure.py\", line 192, in impl\n    return func(*a, **kw)\n           ^^^^^^^^^^^^^^\n  File \"C:\\Users\\sabro\\.jenkins\\workspace\\Final Project\\final_project\\steps\\car_rental_result_search_step.py\", line 11, in car_rental_result_search_is_opened\n    return self.find(self.CAR_RENTAL_PAGE_TITLE).is_displayed()\n           ^^^^^^^^^^^^^^^^^^^^^^^^^^^^^^^^^^^^^\n  File \"C:\\Users\\sabro\\.jenkins\\workspace\\Final Project\\final_project\\steps\\common_actions.py\", line 18, in find\n    return self.driver.find_element(*locator)\n           ^^^^^^^^^^^^^^^^^^^^^^^^^^^^^^^^^^\n  File \"C:\\Users\\sabro\\AppData\\Local\\pypoetry\\Cache\\virtualenvs\\final-project-_bDwe8AE-py3.12\\Lib\\site-packages\\seleniumbase\\core\\sb_driver.py\", line 20, in find_element\n    return self.driver.default_find_element(by=by, value=value)\n           ^^^^^^^^^^^^^^^^^^^^^^^^^^^^^^^^^^^^^^^^^^^^^^^^^^^^\n  File \"C:\\Users\\sabro\\AppData\\Local\\pypoetry\\Cache\\virtualenvs\\final-project-_bDwe8AE-py3.12\\Lib\\site-packages\\selenium\\webdriver\\remote\\webdriver.py\", line 741, in find_element\n    return self.execute(Command.FIND_ELEMENT, {\"using\": by, \"value\": value})[\"value\"]\n           ^^^^^^^^^^^^^^^^^^^^^^^^^^^^^^^^^^^^^^^^^^^^^^^^^^^^^^^^^^^^^^^^^\n  File \"C:\\Users\\sabro\\AppData\\Local\\pypoetry\\Cache\\virtualenvs\\final-project-_bDwe8AE-py3.12\\Lib\\site-packages\\selenium\\webdriver\\remote\\webdriver.py\", line 347, in execute\n    self.error_handler.check_response(response)\n  File \"C:\\Users\\sabro\\AppData\\Local\\pypoetry\\Cache\\virtualenvs\\final-project-_bDwe8AE-py3.12\\Lib\\site-packages\\selenium\\webdriver\\remote\\errorhandler.py\", line 229, in check_response\n    raise exception_class(message, screen, stacktrace)\n","steps":[{"name":"Click search button","time":{"start":1707317218366,"stop":1707317220763,"duration":2397},"status":"passed","steps":[],"attachments":[],"parameters":[],"stepsCount":0,"attachmentStep":false,"shouldDisplayMessage":false,"attachmentsCount":0,"hasContent":false},{"name":"Assert that car rental search result page is opened","time":{"start":1707317220763,"stop":1707317281777,"duration":61014},"status":"broken","statusMessage":"selenium.common.exceptions.NoSuchElementException: Message: no such element: Unable to locate element: {\"method\":\"xpath\",\"selector\":\"//h1[@data-testid='page-title']\"}\n  (Session info: chrome=121.0.6167.160); For documentation on this error, please visit: https://www.selenium.dev/documentation/webdriver/troubleshooting/errors#no-such-element-exception\nStacktrace:\n\tGetHandleVerifier [0x00007FF6A72A5E42+3538674]\n\t(No symbol) [0x00007FF6A6EC4C02]\n\t(No symbol) [0x00007FF6A6D75AEB]\n\t(No symbol) [0x00007FF6A6DBBF4E]\n\t(No symbol) [0x00007FF6A6DBC0CC]\n\t(No symbol) [0x00007FF6A6DFE477]\n\t(No symbol) [0x00007FF6A6DDF0EF]\n\t(No symbol) [0x00007FF6A6DFBDE3]\n\t(No symbol) [0x00007FF6A6DDEE53]\n\t(No symbol) [0x00007FF6A6DAF514]\n\t(No symbol) [0x00007FF6A6DB0631]\n\tGetHandleVerifier [0x00007FF6A72D6CAD+3738973]\n\tGetHandleVerifier [0x00007FF6A732C506+4089270]\n\tGetHandleVerifier [0x00007FF6A7324823+4057299]\n\tGetHandleVerifier [0x00007FF6A6FF5C49+720121]\n\t(No symbol) [0x00007FF6A6ED126F]\n\t(No symbol) [0x00007FF6A6ECC304]\n\t(No symbol) [0x00007FF6A6ECC432]\n\t(No symbol) [0x00007FF6A6EBBD04]\n\tBaseThreadInitThunk [0x00007FF8C195257D+29]\n\tRtlUserThreadStart [0x00007FF8C218AA58+40]\n\n","statusTrace":"  File \"C:\\Users\\sabro\\AppData\\Local\\pypoetry\\Cache\\virtualenvs\\final-project-_bDwe8AE-py3.12\\Lib\\site-packages\\allure_commons\\_allure.py\", line 192, in impl\n    return func(*a, **kw)\n           ^^^^^^^^^^^^^^\n  File \"C:\\Users\\sabro\\.jenkins\\workspace\\Final Project\\final_project\\steps\\car_rental_result_search_step.py\", line 11, in car_rental_result_search_is_opened\n    return self.find(self.CAR_RENTAL_PAGE_TITLE).is_displayed()\n           ^^^^^^^^^^^^^^^^^^^^^^^^^^^^^^^^^^^^^\n  File \"C:\\Users\\sabro\\.jenkins\\workspace\\Final Project\\final_project\\steps\\common_actions.py\", line 18, in find\n    return self.driver.find_element(*locator)\n           ^^^^^^^^^^^^^^^^^^^^^^^^^^^^^^^^^^\n  File \"C:\\Users\\sabro\\AppData\\Local\\pypoetry\\Cache\\virtualenvs\\final-project-_bDwe8AE-py3.12\\Lib\\site-packages\\seleniumbase\\core\\sb_driver.py\", line 20, in find_element\n    return self.driver.default_find_element(by=by, value=value)\n           ^^^^^^^^^^^^^^^^^^^^^^^^^^^^^^^^^^^^^^^^^^^^^^^^^^^^\n  File \"C:\\Users\\sabro\\AppData\\Local\\pypoetry\\Cache\\virtualenvs\\final-project-_bDwe8AE-py3.12\\Lib\\site-packages\\selenium\\webdriver\\remote\\webdriver.py\", line 741, in find_element\n    return self.execute(Command.FIND_ELEMENT, {\"using\": by, \"value\": value})[\"value\"]\n           ^^^^^^^^^^^^^^^^^^^^^^^^^^^^^^^^^^^^^^^^^^^^^^^^^^^^^^^^^^^^^^^^^\n  File \"C:\\Users\\sabro\\AppData\\Local\\pypoetry\\Cache\\virtualenvs\\final-project-_bDwe8AE-py3.12\\Lib\\site-packages\\selenium\\webdriver\\remote\\webdriver.py\", line 347, in execute\n    self.error_handler.check_response(response)\n  File \"C:\\Users\\sabro\\AppData\\Local\\pypoetry\\Cache\\virtualenvs\\final-project-_bDwe8AE-py3.12\\Lib\\site-packages\\selenium\\webdriver\\remote\\errorhandler.py\", line 229, in check_response\n    raise exception_class(message, screen, stacktrace)\n","steps":[],"attachments":[],"parameters":[],"stepsCount":0,"attachmentStep":false,"shouldDisplayMessage":true,"attachmentsCount":0,"hasContent":true}],"attachments":[],"parameters":[],"stepsCount":2,"attachmentStep":false,"shouldDisplayMessage":false,"attachmentsCount":0,"hasContent":true}],"attachments":[],"parameters":[],"stepsCount":37,"attachmentStep":false,"shouldDisplayMessage":true,"attachmentsCount":0,"hasContent":true},"afterStages":[{"name":"driver_undetected::0","time":{"start":1707318603751,"stop":1707318606091,"duration":2340},"status":"passed","steps":[],"attachments":[],"parameters":[],"stepsCount":0,"attachmentStep":false,"shouldDisplayMessage":false,"attachmentsCount":0,"hasContent":false}],"labels":[{"name":"feature","value":"Car Rental Cases"},{"name":"tag","value":"E2E"},{"name":"tag","value":"UI"},{"name":"parentSuite","value":"tests"},{"name":"suite","value":"test_car_rental"},{"name":"subSuite","value":"TestCarRental"},{"name":"host","value":"Alice"},{"name":"thread","value":"7372-MainThread"},{"name":"framework","value":"pytest"},{"name":"language","value":"cpython3"},{"name":"package","value":"tests.test_car_rental"},{"name":"resultFormat","value":"allure2"}],"parameters":[],"links":[],"hidden":false,"retry":false,"extra":{"severity":"normal","retries":[],"categories":[{"name":"Test defects","matchedStatuses":[],"flaky":false}],"history":{"statistic":{"failed":0,"broken":1,"skipped":0,"passed":3,"unknown":0,"total":4},"items":[{"uid":"6b63cc42a27b5875","reportUrl":"http://localhost:8080/job/Final%20Project/7/allure/#testresult/6b63cc42a27b5875","status":"passed","time":{"start":1707314103886,"stop":1707314237919,"duration":134033}},{"uid":"3d9f3be92fdbdf33","reportUrl":"http://localhost:8080/job/Final%20Project/4/allure/#testresult/3d9f3be92fdbdf33","status":"passed","time":{"start":1707292201205,"stop":1707292337276,"duration":136071}},{"uid":"e4304b3d3e5bf527","reportUrl":"http://localhost:8080/job/Final%20Project/3/allure/#testresult/e4304b3d3e5bf527","status":"passed","time":{"start":1707292201205,"stop":1707292337276,"duration":136071}}]},"tags":["UI","E2E"]},"source":"dc0ce5fc30b0b927.json","parameterValues":[]}