{"uid":"fe71fe29d904a78f","name":"Validate Email: ","fullName":"tests.test_sign_in.TestSignIn#test_email_validation","historyId":"fcc2917b599f6368dfd8330ce1b8f26e","time":{"start":1707384936978,"stop":1707384942175,"duration":5197},"description":"This test checks if email is correct and passes only if email has correct syntacsis ","descriptionHtml":"<p>This test checks if email is correct and passes only if email has correct syntacsis</p>\n","status":"failed","statusMessage":"AssertionError: soft assertion failures:\n1. Expected <Please check if the email address you've entered is correct.> to case-insensitive contain item <enter your email address>, but did not.","statusTrace":"self = <tests.test_sign_in.TestSignIn object at 0x000001D9854D6690>\ndriver_undetected = <seleniumbase.undetected.Chrome (session=\"75232e37136c608c1883185896b3e2ec\")>\nemail = '', expected = 'enter your email address'\n\n    @pytest.mark.parametrize('email, expected', AccountData.sign_in_email_data)\n    @allure.title(report_text_sheet.get_value('email_validation_title') + ': {email}')\n    @allure.description(report_text_sheet.get_value('email_validation_desc'))\n    def test_email_validation(self, driver_undetected, email, expected):\n        rs = SignInSteps(driver_undetected)\n        with allure.step(report_text_sheet.get_value('fill_email')):\n            rs.fill_email(email)\n>       with soft_assertions(), allure.step(report_text_sheet.get_value('check_email')):\nE       AssertionError: soft assertion failures:\nE       1. Expected <Please check if the email address you've entered is correct.> to case-insensitive contain item <enter your email address>, but did not.\n\ntests\\test_sign_in.py:30: AssertionError","flaky":false,"newFailed":false,"newBroken":false,"newPassed":false,"retriesCount":0,"retriesStatusChange":false,"beforeStages":[{"name":"_session_faker","time":{"start":1707383607643,"stop":1707383607688,"duration":45},"status":"passed","steps":[],"attachments":[],"parameters":[],"hasContent":false,"stepsCount":0,"attachmentStep":false,"attachmentsCount":0,"shouldDisplayMessage":false},{"name":"driver_undetected","time":{"start":1707383607688,"stop":1707383609643,"duration":1955},"status":"passed","steps":[],"attachments":[],"parameters":[],"hasContent":false,"stepsCount":0,"attachmentStep":false,"attachmentsCount":0,"shouldDisplayMessage":false}],"testStage":{"description":"This test checks if email is correct and passes only if email has correct syntacsis ","status":"failed","statusMessage":"AssertionError: soft assertion failures:\n1. Expected <Please check if the email address you've entered is correct.> to case-insensitive contain item <enter your email address>, but did not.","statusTrace":"self = <tests.test_sign_in.TestSignIn object at 0x000001D9854D6690>\ndriver_undetected = <seleniumbase.undetected.Chrome (session=\"75232e37136c608c1883185896b3e2ec\")>\nemail = '', expected = 'enter your email address'\n\n    @pytest.mark.parametrize('email, expected', AccountData.sign_in_email_data)\n    @allure.title(report_text_sheet.get_value('email_validation_title') + ': {email}')\n    @allure.description(report_text_sheet.get_value('email_validation_desc'))\n    def test_email_validation(self, driver_undetected, email, expected):\n        rs = SignInSteps(driver_undetected)\n        with allure.step(report_text_sheet.get_value('fill_email')):\n            rs.fill_email(email)\n>       with soft_assertions(), allure.step(report_text_sheet.get_value('check_email')):\nE       AssertionError: soft assertion failures:\nE       1. Expected <Please check if the email address you've entered is correct.> to case-insensitive contain item <enter your email address>, but did not.\n\ntests\\test_sign_in.py:30: AssertionError","steps":[{"name":"Fill email input field","time":{"start":1707384936978,"stop":1707384939133,"duration":2155},"status":"passed","steps":[],"attachments":[],"parameters":[],"hasContent":false,"stepsCount":0,"attachmentStep":false,"attachmentsCount":0,"shouldDisplayMessage":false},{"name":"Check if entered email is valid","time":{"start":1707384939133,"stop":1707384942175,"duration":3042},"status":"passed","steps":[],"attachments":[],"parameters":[],"hasContent":false,"stepsCount":0,"attachmentStep":false,"attachmentsCount":0,"shouldDisplayMessage":false}],"attachments":[],"parameters":[],"hasContent":true,"stepsCount":2,"attachmentStep":false,"attachmentsCount":0,"shouldDisplayMessage":true},"afterStages":[{"name":"driver_undetected::0","time":{"start":1707385336647,"stop":1707385338967,"duration":2320},"status":"passed","steps":[],"attachments":[],"parameters":[],"hasContent":false,"stepsCount":0,"attachmentStep":false,"attachmentsCount":0,"shouldDisplayMessage":false}],"labels":[{"name":"feature","value":"Additional Test Cases"},{"name":"parentSuite","value":"tests"},{"name":"suite","value":"test_sign_in"},{"name":"subSuite","value":"TestSignIn"},{"name":"host","value":"Alice"},{"name":"thread","value":"16592-MainThread"},{"name":"framework","value":"pytest"},{"name":"language","value":"cpython3"},{"name":"package","value":"tests.test_sign_in"},{"name":"resultFormat","value":"allure2"}],"parameters":[{"name":"email","value":"''"},{"name":"expected","value":"'enter your email address'"}],"links":[],"hidden":false,"retry":false,"extra":{"severity":"normal","retries":[],"categories":[{"name":"Product defects","matchedStatuses":[],"flaky":false}],"history":{"statistic":{"failed":3,"broken":1,"skipped":0,"passed":3,"unknown":0,"total":7},"items":[{"uid":"e18f727e176f76a9","reportUrl":"http://localhost:8080/job/Final%20Project/16/allure/#testresult/e18f727e176f76a9","status":"failed","statusDetails":"AssertionError: soft assertion failures:\n1. Expected <Please check if the email address you've entered is correct.> to case-insensitive contain item <enter your email address>, but did not.","time":{"start":1707378273467,"stop":1707378278654,"duration":5187}},{"uid":"88869c97c9af90d3","reportUrl":"http://localhost:8080/job/Final%20Project/15/allure/#testresult/88869c97c9af90d3","status":"failed","statusDetails":"AssertionError: soft assertion failures:\n1. Expected <Please check if the email address you've entered is correct.> to case-insensitive contain item <enter your email address>, but did not.","time":{"start":1707378273467,"stop":1707378278654,"duration":5187}},{"uid":"ba0c8aa59cba346c","reportUrl":"http://localhost:8080/job/Final%20Project/14/allure/#testresult/ba0c8aa59cba346c","status":"passed","time":{"start":1707376482329,"stop":1707376487502,"duration":5173}},{"uid":"be12af92f7a9394","reportUrl":"http://localhost:8080/job/Final%20Project/13/allure/#testresult/be12af92f7a9394","status":"passed","time":{"start":1707372750204,"stop":1707372755380,"duration":5176}},{"uid":"bab524ed6509ded","reportUrl":"http://localhost:8080/job/Final%20Project/12/allure/#testresult/bab524ed6509ded","status":"broken","statusDetails":"selenium.common.exceptions.WebDriverException: Message: disconnected: not connected to DevTools\n  (failed to check if window was closed: disconnected: not connected to DevTools)\n  (Session info: chrome=121.0.6167.160)\nStacktrace:\n\tGetHandleVerifier [0x00007FF79D2E5E42+3538674]\n\t(No symbol) [0x00007FF79CF04C02]\n\t(No symbol) [0x00007FF79CDB5AEB]\n\t(No symbol) [0x00007FF79CDA273F]\n\t(No symbol) [0x00007FF79CDA22B0]\n\t(No symbol) [0x00007FF79CDB7BF1]\n\t(No symbol) [0x00007FF79CE3B437]\n\t(No symbol) [0x00007FF79CE1EE53]\n\t(No symbol) [0x00007FF79CDEF514]\n\t(No symbol) [0x00007FF79CDF0631]\n\tGetHandleVerifier [0x00007FF79D316CAD+3738973]\n\tGetHandleVerifier [0x00007FF79D36C506+4089270]\n\tGetHandleVerifier [0x00007FF79D364823+4057299]\n\tGetHandleVerifier [0x00007FF79D035C49+720121]\n\t(No symbol) [0x00007FF79CF1126F]\n\t(No symbol) [0x00007FF79CF0C304]\n\t(No symbol) [0x00007FF79CF0C432]\n\t(No symbol) [0x00007FF79CEFBD04]\n\tBaseThreadInitThunk [0x00007FFB4B05257D+29]\n\tRtlUserThreadStart [0x00007FFB4C9EAA58+40]","time":{"start":1707370492682,"stop":1707370493686,"duration":1004}},{"uid":"ce61b43af2dfec87","reportUrl":"http://localhost:8080/job/Final%20Project/11/allure/#testresult/ce61b43af2dfec87","status":"passed","time":{"start":1707369100955,"stop":1707369106144,"duration":5189}}]},"tags":[]},"source":"fe71fe29d904a78f.json","parameterValues":["''","'enter your email address'"]}